CRITICAL - 2022-03-04 10:38:48 --> Class 'Config\AuthFilter' not found
#0 C:\xampp\htdocs\manrisk\system\CodeIgniter.php(393): CodeIgniter\Filters\Filters->run('/', 'before')
#1 C:\xampp\htdocs\manrisk\system\CodeIgniter.php(326): CodeIgniter\CodeIgniter->handleRequest(NULL, Object(Config\Cache), false)
#2 C:\xampp\htdocs\manrisk\index.php(37): CodeIgniter\CodeIgniter->run()
#3 {main}
CRITICAL - 2022-03-04 10:44:09 --> Class 'Config\AuthFilter' not found
#0 C:\xampp\htdocs\manrisk\system\CodeIgniter.php(393): CodeIgniter\Filters\Filters->run('/', 'before')
#1 C:\xampp\htdocs\manrisk\system\CodeIgniter.php(326): CodeIgniter\CodeIgniter->handleRequest(NULL, Object(Config\Cache), false)
#2 C:\xampp\htdocs\manrisk\index.php(37): CodeIgniter\CodeIgniter->run()
#3 {main}
CRITICAL - 2022-03-04 10:46:58 --> Class 'Config\AuthFilter' not found
#0 C:\xampp\htdocs\manrisk\system\CodeIgniter.php(393): CodeIgniter\Filters\Filters->run('/', 'before')
#1 C:\xampp\htdocs\manrisk\system\CodeIgniter.php(326): CodeIgniter\CodeIgniter->handleRequest(NULL, Object(Config\Cache), false)
#2 C:\xampp\htdocs\manrisk\index.php(37): CodeIgniter\CodeIgniter->run()
#3 {main}
CRITICAL - 2022-03-04 10:51:52 --> Class 'Config\App\Filters\AuthFilter' not found
#0 C:\xampp\htdocs\manrisk\system\CodeIgniter.php(393): CodeIgniter\Filters\Filters->run('/', 'before')
#1 C:\xampp\htdocs\manrisk\system\CodeIgniter.php(326): CodeIgniter\CodeIgniter->handleRequest(NULL, Object(Config\Cache), false)
#2 C:\xampp\htdocs\manrisk\index.php(37): CodeIgniter\CodeIgniter->run()
#3 {main}
CRITICAL - 2022-03-04 10:52:02 --> Class 'Config\App\Filters\AuthFilter' not found
#0 C:\xampp\htdocs\manrisk\system\CodeIgniter.php(393): CodeIgniter\Filters\Filters->run('/', 'before')
#1 C:\xampp\htdocs\manrisk\system\CodeIgniter.php(326): CodeIgniter\CodeIgniter->handleRequest(NULL, Object(Config\Cache), false)
#2 C:\xampp\htdocs\manrisk\index.php(37): CodeIgniter\CodeIgniter->run()
#3 {main}
CRITICAL - 2022-03-04 10:58:19 --> Class 'Config\App\Filters\AuthFilter' not found
#0 C:\xampp\htdocs\manrisk\system\CodeIgniter.php(393): CodeIgniter\Filters\Filters->run('/', 'before')
#1 C:\xampp\htdocs\manrisk\system\CodeIgniter.php(326): CodeIgniter\CodeIgniter->handleRequest(NULL, Object(Config\Cache), false)
#2 C:\xampp\htdocs\manrisk\index.php(37): CodeIgniter\CodeIgniter->run()
#3 {main}
CRITICAL - 2022-03-04 10:58:54 --> Class 'Config\AuthFilter' not found
#0 C:\xampp\htdocs\manrisk\system\CodeIgniter.php(393): CodeIgniter\Filters\Filters->run('/', 'before')
#1 C:\xampp\htdocs\manrisk\system\CodeIgniter.php(326): CodeIgniter\CodeIgniter->handleRequest(NULL, Object(Config\Cache), false)
#2 C:\xampp\htdocs\manrisk\index.php(37): CodeIgniter\CodeIgniter->run()
#3 {main}
CRITICAL - 2022-03-04 10:59:02 --> Class 'Config\AuthFilter' not found
#0 C:\xampp\htdocs\manrisk\system\CodeIgniter.php(393): CodeIgniter\Filters\Filters->run('/', 'before')
#1 C:\xampp\htdocs\manrisk\system\CodeIgniter.php(326): CodeIgniter\CodeIgniter->handleRequest(NULL, Object(Config\Cache), false)
#2 C:\xampp\htdocs\manrisk\index.php(37): CodeIgniter\CodeIgniter->run()
#3 {main}
CRITICAL - 2022-03-04 10:59:06 --> Class 'Config\AuthFilter' not found
#0 C:\xampp\htdocs\manrisk\system\CodeIgniter.php(393): CodeIgniter\Filters\Filters->run('/', 'before')
#1 C:\xampp\htdocs\manrisk\system\CodeIgniter.php(326): CodeIgniter\CodeIgniter->handleRequest(NULL, Object(Config\Cache), false)
#2 C:\xampp\htdocs\manrisk\index.php(37): CodeIgniter\CodeIgniter->run()
#3 {main}
