CRITICAL - 2022-04-14 20:33:00 --> Undefined offset: 0
#0 C:\xampp\htdocs\manrisk\app\Views\PengelolaRisiko\form-edit-kriteria-kemungkinan.php(60): CodeIgniter\Debug\Exceptions->errorHandler(8, 'Undefined offse...', 'C:\\xampp\\htdocs...', 60, Array)
#1 C:\xampp\htdocs\manrisk\system\View\View.php(210): include('C:\\xampp\\htdocs...')
#2 C:\xampp\htdocs\manrisk\system\View\View.php(213): CodeIgniter\View\View->CodeIgniter\View\{closure}()
#3 C:\xampp\htdocs\manrisk\system\Common.php(1089): CodeIgniter\View\View->render('PengelolaRisiko...', Array, true)
#4 C:\xampp\htdocs\manrisk\app\Controllers\PengelolaRisiko.php(1729): view('PengelolaRisiko...', Array)
#5 C:\xampp\htdocs\manrisk\system\CodeIgniter.php(832): App\Controllers\PengelolaRisiko->updateKriteriaKemungkinan('getMatriksRisik...')
#6 C:\xampp\htdocs\manrisk\system\CodeIgniter.php(419): CodeIgniter\CodeIgniter->runController(Object(App\Controllers\PengelolaRisiko))
#7 C:\xampp\htdocs\manrisk\system\CodeIgniter.php(326): CodeIgniter\CodeIgniter->handleRequest(NULL, Object(Config\Cache), false)
#8 C:\xampp\htdocs\manrisk\index.php(37): CodeIgniter\CodeIgniter->run()
#9 {main}
CRITICAL - 2022-04-14 20:33:01 --> Undefined offset: 0
#0 C:\xampp\htdocs\manrisk\app\Views\PengelolaRisiko\form-edit-kriteria-kemungkinan.php(60): CodeIgniter\Debug\Exceptions->errorHandler(8, 'Undefined offse...', 'C:\\xampp\\htdocs...', 60, Array)
#1 C:\xampp\htdocs\manrisk\system\View\View.php(210): include('C:\\xampp\\htdocs...')
#2 C:\xampp\htdocs\manrisk\system\View\View.php(213): CodeIgniter\View\View->CodeIgniter\View\{closure}()
#3 C:\xampp\htdocs\manrisk\system\Common.php(1089): CodeIgniter\View\View->render('PengelolaRisiko...', Array, true)
#4 C:\xampp\htdocs\manrisk\app\Controllers\PengelolaRisiko.php(1729): view('PengelolaRisiko...', Array)
#5 C:\xampp\htdocs\manrisk\system\CodeIgniter.php(832): App\Controllers\PengelolaRisiko->updateKriteriaKemungkinan('getRisikoByKepu...')
#6 C:\xampp\htdocs\manrisk\system\CodeIgniter.php(419): CodeIgniter\CodeIgniter->runController(Object(App\Controllers\PengelolaRisiko))
#7 C:\xampp\htdocs\manrisk\system\CodeIgniter.php(326): CodeIgniter\CodeIgniter->handleRequest(NULL, Object(Config\Cache), false)
#8 C:\xampp\htdocs\manrisk\index.php(37): CodeIgniter\CodeIgniter->run()
#9 {main}
CRITICAL - 2022-04-14 20:33:01 --> Undefined offset: 0
#0 C:\xampp\htdocs\manrisk\app\Views\PengelolaRisiko\form-edit-kriteria-kemungkinan.php(60): CodeIgniter\Debug\Exceptions->errorHandler(8, 'Undefined offse...', 'C:\\xampp\\htdocs...', 60, Array)
#1 C:\xampp\htdocs\manrisk\system\View\View.php(210): include('C:\\xampp\\htdocs...')
#2 C:\xampp\htdocs\manrisk\system\View\View.php(213): CodeIgniter\View\View->CodeIgniter\View\{closure}()
#3 C:\xampp\htdocs\manrisk\system\Common.php(1089): CodeIgniter\View\View->render('PengelolaRisiko...', Array, true)
#4 C:\xampp\htdocs\manrisk\app\Controllers\PengelolaRisiko.php(1729): view('PengelolaRisiko...', Array)
#5 C:\xampp\htdocs\manrisk\system\CodeIgniter.php(832): App\Controllers\PengelolaRisiko->updateKriteriaKemungkinan('getSeleraRisiko')
#6 C:\xampp\htdocs\manrisk\system\CodeIgniter.php(419): CodeIgniter\CodeIgniter->runController(Object(App\Controllers\PengelolaRisiko))
#7 C:\xampp\htdocs\manrisk\system\CodeIgniter.php(326): CodeIgniter\CodeIgniter->handleRequest(NULL, Object(Config\Cache), false)
#8 C:\xampp\htdocs\manrisk\index.php(37): CodeIgniter\CodeIgniter->run()
#9 {main}
CRITICAL - 2022-04-14 20:33:01 --> Undefined offset: 0
#0 C:\xampp\htdocs\manrisk\app\Views\PengelolaRisiko\form-edit-kriteria-kemungkinan.php(60): CodeIgniter\Debug\Exceptions->errorHandler(8, 'Undefined offse...', 'C:\\xampp\\htdocs...', 60, Array)
#1 C:\xampp\htdocs\manrisk\system\View\View.php(210): include('C:\\xampp\\htdocs...')
#2 C:\xampp\htdocs\manrisk\system\View\View.php(213): CodeIgniter\View\View->CodeIgniter\View\{closure}()
#3 C:\xampp\htdocs\manrisk\system\Common.php(1089): CodeIgniter\View\View->render('PengelolaRisiko...', Array, true)
#4 C:\xampp\htdocs\manrisk\app\Controllers\PengelolaRisiko.php(1729): view('PengelolaRisiko...', Array)
#5 C:\xampp\htdocs\manrisk\system\CodeIgniter.php(832): App\Controllers\PengelolaRisiko->updateKriteriaKemungkinan('getPenilaianRis...')
#6 C:\xampp\htdocs\manrisk\system\CodeIgniter.php(419): CodeIgniter\CodeIgniter->runController(Object(App\Controllers\PengelolaRisiko))
#7 C:\xampp\htdocs\manrisk\system\CodeIgniter.php(326): CodeIgniter\CodeIgniter->handleRequest(NULL, Object(Config\Cache), false)
#8 C:\xampp\htdocs\manrisk\index.php(37): CodeIgniter\CodeIgniter->run()
#9 {main}
CRITICAL - 2022-04-14 20:33:01 --> Undefined offset: 0
#0 C:\xampp\htdocs\manrisk\app\Views\PengelolaRisiko\form-edit-kriteria-kemungkinan.php(60): CodeIgniter\Debug\Exceptions->errorHandler(8, 'Undefined offse...', 'C:\\xampp\\htdocs...', 60, Array)
#1 C:\xampp\htdocs\manrisk\system\View\View.php(210): include('C:\\xampp\\htdocs...')
#2 C:\xampp\htdocs\manrisk\system\View\View.php(213): CodeIgniter\View\View->CodeIgniter\View\{closure}()
#3 C:\xampp\htdocs\manrisk\system\Common.php(1089): CodeIgniter\View\View->render('PengelolaRisiko...', Array, true)
#4 C:\xampp\htdocs\manrisk\app\Controllers\PengelolaRisiko.php(1729): view('PengelolaRisiko...', Array)
#5 C:\xampp\htdocs\manrisk\system\CodeIgniter.php(832): App\Controllers\PengelolaRisiko->updateKriteriaKemungkinan('getPenangananRi...')
#6 C:\xampp\htdocs\manrisk\system\CodeIgniter.php(419): CodeIgniter\CodeIgniter->runController(Object(App\Controllers\PengelolaRisiko))
#7 C:\xampp\htdocs\manrisk\system\CodeIgniter.php(326): CodeIgniter\CodeIgniter->handleRequest(NULL, Object(Config\Cache), false)
#8 C:\xampp\htdocs\manrisk\index.php(37): CodeIgniter\CodeIgniter->run()
#9 {main}
CRITICAL - 2022-04-14 20:33:02 --> Undefined offset: 0
#0 C:\xampp\htdocs\manrisk\app\Views\PengelolaRisiko\form-edit-kriteria-kemungkinan.php(60): CodeIgniter\Debug\Exceptions->errorHandler(8, 'Undefined offse...', 'C:\\xampp\\htdocs...', 60, Array)
#1 C:\xampp\htdocs\manrisk\system\View\View.php(210): include('C:\\xampp\\htdocs...')
#2 C:\xampp\htdocs\manrisk\system\View\View.php(213): CodeIgniter\View\View->CodeIgniter\View\{closure}()
#3 C:\xampp\htdocs\manrisk\system\Common.php(1089): CodeIgniter\View\View->render('PengelolaRisiko...', Array, true)
#4 C:\xampp\htdocs\manrisk\app\Controllers\PengelolaRisiko.php(1729): view('PengelolaRisiko...', Array)
#5 C:\xampp\htdocs\manrisk\system\CodeIgniter.php(832): App\Controllers\PengelolaRisiko->updateKriteriaKemungkinan('getLevelRisiko')
#6 C:\xampp\htdocs\manrisk\system\CodeIgniter.php(419): CodeIgniter\CodeIgniter->runController(Object(App\Controllers\PengelolaRisiko))
#7 C:\xampp\htdocs\manrisk\system\CodeIgniter.php(326): CodeIgniter\CodeIgniter->handleRequest(NULL, Object(Config\Cache), false)
#8 C:\xampp\htdocs\manrisk\index.php(37): CodeIgniter\CodeIgniter->run()
#9 {main}
CRITICAL - 2022-04-14 20:33:02 --> Undefined offset: 0
#0 C:\xampp\htdocs\manrisk\app\Views\PengelolaRisiko\form-edit-kriteria-kemungkinan.php(60): CodeIgniter\Debug\Exceptions->errorHandler(8, 'Undefined offse...', 'C:\\xampp\\htdocs...', 60, Array)
#1 C:\xampp\htdocs\manrisk\system\View\View.php(210): include('C:\\xampp\\htdocs...')
#2 C:\xampp\htdocs\manrisk\system\View\View.php(213): CodeIgniter\View\View->CodeIgniter\View\{closure}()
#3 C:\xampp\htdocs\manrisk\system\Common.php(1089): CodeIgniter\View\View->render('PengelolaRisiko...', Array, true)
#4 C:\xampp\htdocs\manrisk\app\Controllers\PengelolaRisiko.php(1729): view('PengelolaRisiko...', Array)
#5 C:\xampp\htdocs\manrisk\system\CodeIgniter.php(832): App\Controllers\PengelolaRisiko->updateKriteriaKemungkinan('getInformasiUmu...')
#6 C:\xampp\htdocs\manrisk\system\CodeIgniter.php(419): CodeIgniter\CodeIgniter->runController(Object(App\Controllers\PengelolaRisiko))
#7 C:\xampp\htdocs\manrisk\system\CodeIgniter.php(326): CodeIgniter\CodeIgniter->handleRequest(NULL, Object(Config\Cache), false)
#8 C:\xampp\htdocs\manrisk\index.php(37): CodeIgniter\CodeIgniter->run()
#9 {main}
CRITICAL - 2022-04-14 20:33:02 --> Undefined offset: 0
#0 C:\xampp\htdocs\manrisk\app\Views\PengelolaRisiko\form-edit-kriteria-kemungkinan.php(60): CodeIgniter\Debug\Exceptions->errorHandler(8, 'Undefined offse...', 'C:\\xampp\\htdocs...', 60, Array)
#1 C:\xampp\htdocs\manrisk\system\View\View.php(210): include('C:\\xampp\\htdocs...')
#2 C:\xampp\htdocs\manrisk\system\View\View.php(213): CodeIgniter\View\View->CodeIgniter\View\{closure}()
#3 C:\xampp\htdocs\manrisk\system\Common.php(1089): CodeIgniter\View\View->render('PengelolaRisiko...', Array, true)
#4 C:\xampp\htdocs\manrisk\app\Controllers\PengelolaRisiko.php(1729): view('PengelolaRisiko...', Array)
#5 C:\xampp\htdocs\manrisk\system\CodeIgniter.php(832): App\Controllers\PengelolaRisiko->updateKriteriaKemungkinan('getDaftarPemang...')
#6 C:\xampp\htdocs\manrisk\system\CodeIgniter.php(419): CodeIgniter\CodeIgniter->runController(Object(App\Controllers\PengelolaRisiko))
#7 C:\xampp\htdocs\manrisk\system\CodeIgniter.php(326): CodeIgniter\CodeIgniter->handleRequest(NULL, Object(Config\Cache), false)
#8 C:\xampp\htdocs\manrisk\index.php(37): CodeIgniter\CodeIgniter->run()
#9 {main}
CRITICAL - 2022-04-14 20:33:02 --> Undefined offset: 0
#0 C:\xampp\htdocs\manrisk\app\Views\PengelolaRisiko\form-edit-kriteria-kemungkinan.php(60): CodeIgniter\Debug\Exceptions->errorHandler(8, 'Undefined offse...', 'C:\\xampp\\htdocs...', 60, Array)
#1 C:\xampp\htdocs\manrisk\system\View\View.php(210): include('C:\\xampp\\htdocs...')
#2 C:\xampp\htdocs\manrisk\system\View\View.php(213): CodeIgniter\View\View->CodeIgniter\View\{closure}()
#3 C:\xampp\htdocs\manrisk\system\Common.php(1089): CodeIgniter\View\View->render('PengelolaRisiko...', Array, true)
#4 C:\xampp\htdocs\manrisk\app\Controllers\PengelolaRisiko.php(1729): view('PengelolaRisiko...', Array)
#5 C:\xampp\htdocs\manrisk\system\CodeIgniter.php(832): App\Controllers\PengelolaRisiko->updateKriteriaKemungkinan('getDaftarKriter...')
#6 C:\xampp\htdocs\manrisk\system\CodeIgniter.php(419): CodeIgniter\CodeIgniter->runController(Object(App\Controllers\PengelolaRisiko))
#7 C:\xampp\htdocs\manrisk\system\CodeIgniter.php(326): CodeIgniter\CodeIgniter->handleRequest(NULL, Object(Config\Cache), false)
#8 C:\xampp\htdocs\manrisk\index.php(37): CodeIgniter\CodeIgniter->run()
#9 {main}
CRITICAL - 2022-04-14 20:33:02 --> Undefined offset: 0
#0 C:\xampp\htdocs\manrisk\app\Views\PengelolaRisiko\form-edit-kriteria-kemungkinan.php(60): CodeIgniter\Debug\Exceptions->errorHandler(8, 'Undefined offse...', 'C:\\xampp\\htdocs...', 60, Array)
#1 C:\xampp\htdocs\manrisk\system\View\View.php(210): include('C:\\xampp\\htdocs...')
#2 C:\xampp\htdocs\manrisk\system\View\View.php(213): CodeIgniter\View\View->CodeIgniter\View\{closure}()
#3 C:\xampp\htdocs\manrisk\system\Common.php(1089): CodeIgniter\View\View->render('PengelolaRisiko...', Array, true)
#4 C:\xampp\htdocs\manrisk\app\Controllers\PengelolaRisiko.php(1729): view('PengelolaRisiko...', Array)
#5 C:\xampp\htdocs\manrisk\system\CodeIgniter.php(832): App\Controllers\PengelolaRisiko->updateKriteriaKemungkinan('getDaftarKriter...')
#6 C:\xampp\htdocs\manrisk\system\CodeIgniter.php(419): CodeIgniter\CodeIgniter->runController(Object(App\Controllers\PengelolaRisiko))
#7 C:\xampp\htdocs\manrisk\system\CodeIgniter.php(326): CodeIgniter\CodeIgniter->handleRequest(NULL, Object(Config\Cache), false)
#8 C:\xampp\htdocs\manrisk\index.php(37): CodeIgniter\CodeIgniter->run()
#9 {main}
CRITICAL - 2022-04-14 20:33:02 --> Undefined offset: 0
#0 C:\xampp\htdocs\manrisk\app\Views\PengelolaRisiko\form-edit-kriteria-kemungkinan.php(60): CodeIgniter\Debug\Exceptions->errorHandler(8, 'Undefined offse...', 'C:\\xampp\\htdocs...', 60, Array)
#1 C:\xampp\htdocs\manrisk\system\View\View.php(210): include('C:\\xampp\\htdocs...')
#2 C:\xampp\htdocs\manrisk\system\View\View.php(213): CodeIgniter\View\View->CodeIgniter\View\{closure}()
#3 C:\xampp\htdocs\manrisk\system\Common.php(1089): CodeIgniter\View\View->render('PengelolaRisiko...', Array, true)
#4 C:\xampp\htdocs\manrisk\app\Controllers\PengelolaRisiko.php(1729): view('PengelolaRisiko...', Array)
#5 C:\xampp\htdocs\manrisk\system\CodeIgniter.php(832): App\Controllers\PengelolaRisiko->updateKriteriaKemungkinan('getDaftarAreaDa...')
#6 C:\xampp\htdocs\manrisk\system\CodeIgniter.php(419): CodeIgniter\CodeIgniter->runController(Object(App\Controllers\PengelolaRisiko))
#7 C:\xampp\htdocs\manrisk\system\CodeIgniter.php(326): CodeIgniter\CodeIgniter->handleRequest(NULL, Object(Config\Cache), false)
#8 C:\xampp\htdocs\manrisk\index.php(37): CodeIgniter\CodeIgniter->run()
#9 {main}
CRITICAL - 2022-04-14 20:33:02 --> Undefined offset: 0
#0 C:\xampp\htdocs\manrisk\app\Views\PengelolaRisiko\form-edit-kriteria-kemungkinan.php(60): CodeIgniter\Debug\Exceptions->errorHandler(8, 'Undefined offse...', 'C:\\xampp\\htdocs...', 60, Array)
#1 C:\xampp\htdocs\manrisk\system\View\View.php(210): include('C:\\xampp\\htdocs...')
#2 C:\xampp\htdocs\manrisk\system\View\View.php(213): CodeIgniter\View\View->CodeIgniter\View\{closure}()
#3 C:\xampp\htdocs\manrisk\system\Common.php(1089): CodeIgniter\View\View->render('PengelolaRisiko...', Array, true)
#4 C:\xampp\htdocs\manrisk\app\Controllers\PengelolaRisiko.php(1729): view('PengelolaRisiko...', Array)
#5 C:\xampp\htdocs\manrisk\system\CodeIgniter.php(832): App\Controllers\PengelolaRisiko->updateKriteriaKemungkinan('getDaftarKatego...')
#6 C:\xampp\htdocs\manrisk\system\CodeIgniter.php(419): CodeIgniter\CodeIgniter->runController(Object(App\Controllers\PengelolaRisiko))
#7 C:\xampp\htdocs\manrisk\system\CodeIgniter.php(326): CodeIgniter\CodeIgniter->handleRequest(NULL, Object(Config\Cache), false)
#8 C:\xampp\htdocs\manrisk\index.php(37): CodeIgniter\CodeIgniter->run()
#9 {main}
CRITICAL - 2022-04-14 20:33:03 --> Undefined offset: 0
#0 C:\xampp\htdocs\manrisk\app\Views\PengelolaRisiko\form-edit-kriteria-kemungkinan.php(60): CodeIgniter\Debug\Exceptions->errorHandler(8, 'Undefined offse...', 'C:\\xampp\\htdocs...', 60, Array)
#1 C:\xampp\htdocs\manrisk\system\View\View.php(210): include('C:\\xampp\\htdocs...')
#2 C:\xampp\htdocs\manrisk\system\View\View.php(213): CodeIgniter\View\View->CodeIgniter\View\{closure}()
#3 C:\xampp\htdocs\manrisk\system\Common.php(1089): CodeIgniter\View\View->render('PengelolaRisiko...', Array, true)
#4 C:\xampp\htdocs\manrisk\app\Controllers\PengelolaRisiko.php(1729): view('PengelolaRisiko...', Array)
#5 C:\xampp\htdocs\manrisk\system\CodeIgniter.php(832): App\Controllers\PengelolaRisiko->updateKriteriaKemungkinan('getDaftarPeratu...')
#6 C:\xampp\htdocs\manrisk\system\CodeIgniter.php(419): CodeIgniter\CodeIgniter->runController(Object(App\Controllers\PengelolaRisiko))
#7 C:\xampp\htdocs\manrisk\system\CodeIgniter.php(326): CodeIgniter\CodeIgniter->handleRequest(NULL, Object(Config\Cache), false)
#8 C:\xampp\htdocs\manrisk\index.php(37): CodeIgniter\CodeIgniter->run()
#9 {main}
CRITICAL - 2022-04-14 20:33:03 --> Undefined offset: 0
#0 C:\xampp\htdocs\manrisk\app\Views\PengelolaRisiko\form-edit-kriteria-kemungkinan.php(60): CodeIgniter\Debug\Exceptions->errorHandler(8, 'Undefined offse...', 'C:\\xampp\\htdocs...', 60, Array)
#1 C:\xampp\htdocs\manrisk\system\View\View.php(210): include('C:\\xampp\\htdocs...')
#2 C:\xampp\htdocs\manrisk\system\View\View.php(213): CodeIgniter\View\View->CodeIgniter\View\{closure}()
#3 C:\xampp\htdocs\manrisk\system\Common.php(1089): CodeIgniter\View\View->render('PengelolaRisiko...', Array, true)
#4 C:\xampp\htdocs\manrisk\app\Controllers\PengelolaRisiko.php(1729): view('PengelolaRisiko...', Array)
#5 C:\xampp\htdocs\manrisk\system\CodeIgniter.php(832): App\Controllers\PengelolaRisiko->updateKriteriaKemungkinan('getDaftarSasara...')
#6 C:\xampp\htdocs\manrisk\system\CodeIgniter.php(419): CodeIgniter\CodeIgniter->runController(Object(App\Controllers\PengelolaRisiko))
#7 C:\xampp\htdocs\manrisk\system\CodeIgniter.php(326): CodeIgniter\CodeIgniter->handleRequest(NULL, Object(Config\Cache), false)
#8 C:\xampp\htdocs\manrisk\index.php(37): CodeIgniter\CodeIgniter->run()
#9 {main}
CRITICAL - 2022-04-14 20:33:03 --> Undefined offset: 0
#0 C:\xampp\htdocs\manrisk\app\Views\PengelolaRisiko\form-edit-kriteria-kemungkinan.php(60): CodeIgniter\Debug\Exceptions->errorHandler(8, 'Undefined offse...', 'C:\\xampp\\htdocs...', 60, Array)
#1 C:\xampp\htdocs\manrisk\system\View\View.php(210): include('C:\\xampp\\htdocs...')
#2 C:\xampp\htdocs\manrisk\system\View\View.php(213): CodeIgniter\View\View->CodeIgniter\View\{closure}()
#3 C:\xampp\htdocs\manrisk\system\Common.php(1089): CodeIgniter\View\View->render('PengelolaRisiko...', Array, true)
#4 C:\xampp\htdocs\manrisk\app\Controllers\PengelolaRisiko.php(1729): view('PengelolaRisiko...', Array)
#5 C:\xampp\htdocs\manrisk\system\CodeIgniter.php(832): App\Controllers\PengelolaRisiko->updateKriteriaKemungkinan('getDaftarStrukt...')
#6 C:\xampp\htdocs\manrisk\system\CodeIgniter.php(419): CodeIgniter\CodeIgniter->runController(Object(App\Controllers\PengelolaRisiko))
#7 C:\xampp\htdocs\manrisk\system\CodeIgniter.php(326): CodeIgniter\CodeIgniter->handleRequest(NULL, Object(Config\Cache), false)
#8 C:\xampp\htdocs\manrisk\index.php(37): CodeIgniter\CodeIgniter->run()
#9 {main}
CRITICAL - 2022-04-14 20:33:03 --> Undefined offset: 0
#0 C:\xampp\htdocs\manrisk\app\Views\PengelolaRisiko\form-edit-kriteria-kemungkinan.php(60): CodeIgniter\Debug\Exceptions->errorHandler(8, 'Undefined offse...', 'C:\\xampp\\htdocs...', 60, Array)
#1 C:\xampp\htdocs\manrisk\system\View\View.php(210): include('C:\\xampp\\htdocs...')
#2 C:\xampp\htdocs\manrisk\system\View\View.php(213): CodeIgniter\View\View->CodeIgniter\View\{closure}()
#3 C:\xampp\htdocs\manrisk\system\Common.php(1089): CodeIgniter\View\View->render('PengelolaRisiko...', Array, true)
#4 C:\xampp\htdocs\manrisk\app\Controllers\PengelolaRisiko.php(1729): view('PengelolaRisiko...', Array)
#5 C:\xampp\htdocs\manrisk\system\CodeIgniter.php(832): App\Controllers\PengelolaRisiko->updateKriteriaKemungkinan('getPenilaianRis...')
#6 C:\xampp\htdocs\manrisk\system\CodeIgniter.php(419): CodeIgniter\CodeIgniter->runController(Object(App\Controllers\PengelolaRisiko))
#7 C:\xampp\htdocs\manrisk\system\CodeIgniter.php(326): CodeIgniter\CodeIgniter->handleRequest(NULL, Object(Config\Cache), false)
#8 C:\xampp\htdocs\manrisk\index.php(37): CodeIgniter\CodeIgniter->run()
#9 {main}
CRITICAL - 2022-04-14 20:33:03 --> Undefined offset: 0
#0 C:\xampp\htdocs\manrisk\app\Views\PengelolaRisiko\form-edit-kriteria-kemungkinan.php(60): CodeIgniter\Debug\Exceptions->errorHandler(8, 'Undefined offse...', 'C:\\xampp\\htdocs...', 60, Array)
#1 C:\xampp\htdocs\manrisk\system\View\View.php(210): include('C:\\xampp\\htdocs...')
#2 C:\xampp\htdocs\manrisk\system\View\View.php(213): CodeIgniter\View\View->CodeIgniter\View\{closure}()
#3 C:\xampp\htdocs\manrisk\system\Common.php(1089): CodeIgniter\View\View->render('PengelolaRisiko...', Array, true)
#4 C:\xampp\htdocs\manrisk\app\Controllers\PengelolaRisiko.php(1729): view('PengelolaRisiko...', Array)
#5 C:\xampp\htdocs\manrisk\system\CodeIgniter.php(832): App\Controllers\PengelolaRisiko->updateKriteriaKemungkinan('getPenilaianRis...')
#6 C:\xampp\htdocs\manrisk\system\CodeIgniter.php(419): CodeIgniter\CodeIgniter->runController(Object(App\Controllers\PengelolaRisiko))
#7 C:\xampp\htdocs\manrisk\system\CodeIgniter.php(326): CodeIgniter\CodeIgniter->handleRequest(NULL, Object(Config\Cache), false)
#8 C:\xampp\htdocs\manrisk\index.php(37): CodeIgniter\CodeIgniter->run()
#9 {main}
CRITICAL - 2022-04-14 20:33:23 --> Undefined property: App\Controllers\PengelolaRisiko::$kriteriaKemungkinan
#0 C:\xampp\htdocs\manrisk\app\Controllers\PengelolaRisiko.php(1708): CodeIgniter\Debug\Exceptions->errorHandler(8, 'Undefined prope...', 'C:\\xampp\\htdocs...', 1708, Array)
#1 C:\xampp\htdocs\manrisk\system\CodeIgniter.php(832): App\Controllers\PengelolaRisiko->updateKriteriaKemungkinan('4')
#2 C:\xampp\htdocs\manrisk\system\CodeIgniter.php(419): CodeIgniter\CodeIgniter->runController(Object(App\Controllers\PengelolaRisiko))
#3 C:\xampp\htdocs\manrisk\system\CodeIgniter.php(326): CodeIgniter\CodeIgniter->handleRequest(NULL, Object(Config\Cache), false)
#4 C:\xampp\htdocs\manrisk\index.php(37): CodeIgniter\CodeIgniter->run()
#5 {main}
CRITICAL - 2022-04-14 20:33:40 --> Undefined offset: 0
#0 C:\xampp\htdocs\manrisk\app\Views\PengelolaRisiko\form-edit-kriteria-kemungkinan.php(60): CodeIgniter\Debug\Exceptions->errorHandler(8, 'Undefined offse...', 'C:\\xampp\\htdocs...', 60, Array)
#1 C:\xampp\htdocs\manrisk\system\View\View.php(210): include('C:\\xampp\\htdocs...')
#2 C:\xampp\htdocs\manrisk\system\View\View.php(213): CodeIgniter\View\View->CodeIgniter\View\{closure}()
#3 C:\xampp\htdocs\manrisk\system\Common.php(1089): CodeIgniter\View\View->render('PengelolaRisiko...', Array, true)
#4 C:\xampp\htdocs\manrisk\app\Controllers\PengelolaRisiko.php(1729): view('PengelolaRisiko...', Array)
#5 C:\xampp\htdocs\manrisk\system\CodeIgniter.php(832): App\Controllers\PengelolaRisiko->updateKriteriaKemungkinan('getMatriksRisik...')
#6 C:\xampp\htdocs\manrisk\system\CodeIgniter.php(419): CodeIgniter\CodeIgniter->runController(Object(App\Controllers\PengelolaRisiko))
#7 C:\xampp\htdocs\manrisk\system\CodeIgniter.php(326): CodeIgniter\CodeIgniter->handleRequest(NULL, Object(Config\Cache), false)
#8 C:\xampp\htdocs\manrisk\index.php(37): CodeIgniter\CodeIgniter->run()
#9 {main}
CRITICAL - 2022-04-14 20:33:40 --> Undefined offset: 0
#0 C:\xampp\htdocs\manrisk\app\Views\PengelolaRisiko\form-edit-kriteria-kemungkinan.php(60): CodeIgniter\Debug\Exceptions->errorHandler(8, 'Undefined offse...', 'C:\\xampp\\htdocs...', 60, Array)
#1 C:\xampp\htdocs\manrisk\system\View\View.php(210): include('C:\\xampp\\htdocs...')
#2 C:\xampp\htdocs\manrisk\system\View\View.php(213): CodeIgniter\View\View->CodeIgniter\View\{closure}()
#3 C:\xampp\htdocs\manrisk\system\Common.php(1089): CodeIgniter\View\View->render('PengelolaRisiko...', Array, true)
#4 C:\xampp\htdocs\manrisk\app\Controllers\PengelolaRisiko.php(1729): view('PengelolaRisiko...', Array)
#5 C:\xampp\htdocs\manrisk\system\CodeIgniter.php(832): App\Controllers\PengelolaRisiko->updateKriteriaKemungkinan('getLevelRisiko')
#6 C:\xampp\htdocs\manrisk\system\CodeIgniter.php(419): CodeIgniter\CodeIgniter->runController(Object(App\Controllers\PengelolaRisiko))
#7 C:\xampp\htdocs\manrisk\system\CodeIgniter.php(326): CodeIgniter\CodeIgniter->handleRequest(NULL, Object(Config\Cache), false)
#8 C:\xampp\htdocs\manrisk\index.php(37): CodeIgniter\CodeIgniter->run()
#9 {main}
CRITICAL - 2022-04-14 20:33:40 --> Undefined offset: 0
#0 C:\xampp\htdocs\manrisk\app\Views\PengelolaRisiko\form-edit-kriteria-kemungkinan.php(60): CodeIgniter\Debug\Exceptions->errorHandler(8, 'Undefined offse...', 'C:\\xampp\\htdocs...', 60, Array)
#1 C:\xampp\htdocs\manrisk\system\View\View.php(210): include('C:\\xampp\\htdocs...')
#2 C:\xampp\htdocs\manrisk\system\View\View.php(213): CodeIgniter\View\View->CodeIgniter\View\{closure}()
#3 C:\xampp\htdocs\manrisk\system\Common.php(1089): CodeIgniter\View\View->render('PengelolaRisiko...', Array, true)
#4 C:\xampp\htdocs\manrisk\app\Controllers\PengelolaRisiko.php(1729): view('PengelolaRisiko...', Array)
#5 C:\xampp\htdocs\manrisk\system\CodeIgniter.php(832): App\Controllers\PengelolaRisiko->updateKriteriaKemungkinan('getPenangananRi...')
#6 C:\xampp\htdocs\manrisk\system\CodeIgniter.php(419): CodeIgniter\CodeIgniter->runController(Object(App\Controllers\PengelolaRisiko))
#7 C:\xampp\htdocs\manrisk\system\CodeIgniter.php(326): CodeIgniter\CodeIgniter->handleRequest(NULL, Object(Config\Cache), false)
#8 C:\xampp\htdocs\manrisk\index.php(37): CodeIgniter\CodeIgniter->run()
#9 {main}
CRITICAL - 2022-04-14 20:33:41 --> Undefined offset: 0
#0 C:\xampp\htdocs\manrisk\app\Views\PengelolaRisiko\form-edit-kriteria-kemungkinan.php(60): CodeIgniter\Debug\Exceptions->errorHandler(8, 'Undefined offse...', 'C:\\xampp\\htdocs...', 60, Array)
#1 C:\xampp\htdocs\manrisk\system\View\View.php(210): include('C:\\xampp\\htdocs...')
#2 C:\xampp\htdocs\manrisk\system\View\View.php(213): CodeIgniter\View\View->CodeIgniter\View\{closure}()
#3 C:\xampp\htdocs\manrisk\system\Common.php(1089): CodeIgniter\View\View->render('PengelolaRisiko...', Array, true)
#4 C:\xampp\htdocs\manrisk\app\Controllers\PengelolaRisiko.php(1729): view('PengelolaRisiko...', Array)
#5 C:\xampp\htdocs\manrisk\system\CodeIgniter.php(832): App\Controllers\PengelolaRisiko->updateKriteriaKemungkinan('getPenilaianRis...')
#6 C:\xampp\htdocs\manrisk\system\CodeIgniter.php(419): CodeIgniter\CodeIgniter->runController(Object(App\Controllers\PengelolaRisiko))
#7 C:\xampp\htdocs\manrisk\system\CodeIgniter.php(326): CodeIgniter\CodeIgniter->handleRequest(NULL, Object(Config\Cache), false)
#8 C:\xampp\htdocs\manrisk\index.php(37): CodeIgniter\CodeIgniter->run()
#9 {main}
CRITICAL - 2022-04-14 20:33:41 --> Undefined offset: 0
#0 C:\xampp\htdocs\manrisk\app\Views\PengelolaRisiko\form-edit-kriteria-kemungkinan.php(60): CodeIgniter\Debug\Exceptions->errorHandler(8, 'Undefined offse...', 'C:\\xampp\\htdocs...', 60, Array)
#1 C:\xampp\htdocs\manrisk\system\View\View.php(210): include('C:\\xampp\\htdocs...')
#2 C:\xampp\htdocs\manrisk\system\View\View.php(213): CodeIgniter\View\View->CodeIgniter\View\{closure}()
#3 C:\xampp\htdocs\manrisk\system\Common.php(1089): CodeIgniter\View\View->render('PengelolaRisiko...', Array, true)
#4 C:\xampp\htdocs\manrisk\app\Controllers\PengelolaRisiko.php(1729): view('PengelolaRisiko...', Array)
#5 C:\xampp\htdocs\manrisk\system\CodeIgniter.php(832): App\Controllers\PengelolaRisiko->updateKriteriaKemungkinan('getSeleraRisiko')
#6 C:\xampp\htdocs\manrisk\system\CodeIgniter.php(419): CodeIgniter\CodeIgniter->runController(Object(App\Controllers\PengelolaRisiko))
#7 C:\xampp\htdocs\manrisk\system\CodeIgniter.php(326): CodeIgniter\CodeIgniter->handleRequest(NULL, Object(Config\Cache), false)
#8 C:\xampp\htdocs\manrisk\index.php(37): CodeIgniter\CodeIgniter->run()
#9 {main}
CRITICAL - 2022-04-14 20:33:41 --> Undefined offset: 0
#0 C:\xampp\htdocs\manrisk\app\Views\PengelolaRisiko\form-edit-kriteria-kemungkinan.php(60): CodeIgniter\Debug\Exceptions->errorHandler(8, 'Undefined offse...', 'C:\\xampp\\htdocs...', 60, Array)
#1 C:\xampp\htdocs\manrisk\system\View\View.php(210): include('C:\\xampp\\htdocs...')
#2 C:\xampp\htdocs\manrisk\system\View\View.php(213): CodeIgniter\View\View->CodeIgniter\View\{closure}()
#3 C:\xampp\htdocs\manrisk\system\Common.php(1089): CodeIgniter\View\View->render('PengelolaRisiko...', Array, true)
#4 C:\xampp\htdocs\manrisk\app\Controllers\PengelolaRisiko.php(1729): view('PengelolaRisiko...', Array)
#5 C:\xampp\htdocs\manrisk\system\CodeIgniter.php(832): App\Controllers\PengelolaRisiko->updateKriteriaKemungkinan('getRisikoByKepu...')
#6 C:\xampp\htdocs\manrisk\system\CodeIgniter.php(419): CodeIgniter\CodeIgniter->runController(Object(App\Controllers\PengelolaRisiko))
#7 C:\xampp\htdocs\manrisk\system\CodeIgniter.php(326): CodeIgniter\CodeIgniter->handleRequest(NULL, Object(Config\Cache), false)
#8 C:\xampp\htdocs\manrisk\index.php(37): CodeIgniter\CodeIgniter->run()
#9 {main}
CRITICAL - 2022-04-14 20:33:41 --> Undefined offset: 0
#0 C:\xampp\htdocs\manrisk\app\Views\PengelolaRisiko\form-edit-kriteria-kemungkinan.php(60): CodeIgniter\Debug\Exceptions->errorHandler(8, 'Undefined offse...', 'C:\\xampp\\htdocs...', 60, Array)
#1 C:\xampp\htdocs\manrisk\system\View\View.php(210): include('C:\\xampp\\htdocs...')
#2 C:\xampp\htdocs\manrisk\system\View\View.php(213): CodeIgniter\View\View->CodeIgniter\View\{closure}()
#3 C:\xampp\htdocs\manrisk\system\Common.php(1089): CodeIgniter\View\View->render('PengelolaRisiko...', Array, true)
#4 C:\xampp\htdocs\manrisk\app\Controllers\PengelolaRisiko.php(1729): view('PengelolaRisiko...', Array)
#5 C:\xampp\htdocs\manrisk\system\CodeIgniter.php(832): App\Controllers\PengelolaRisiko->updateKriteriaKemungkinan('getInformasiUmu...')
#6 C:\xampp\htdocs\manrisk\system\CodeIgniter.php(419): CodeIgniter\CodeIgniter->runController(Object(App\Controllers\PengelolaRisiko))
#7 C:\xampp\htdocs\manrisk\system\CodeIgniter.php(326): CodeIgniter\CodeIgniter->handleRequest(NULL, Object(Config\Cache), false)
#8 C:\xampp\htdocs\manrisk\index.php(37): CodeIgniter\CodeIgniter->run()
#9 {main}
CRITICAL - 2022-04-14 20:33:41 --> Undefined offset: 0
#0 C:\xampp\htdocs\manrisk\app\Views\PengelolaRisiko\form-edit-kriteria-kemungkinan.php(60): CodeIgniter\Debug\Exceptions->errorHandler(8, 'Undefined offse...', 'C:\\xampp\\htdocs...', 60, Array)
#1 C:\xampp\htdocs\manrisk\system\View\View.php(210): include('C:\\xampp\\htdocs...')
#2 C:\xampp\htdocs\manrisk\system\View\View.php(213): CodeIgniter\View\View->CodeIgniter\View\{closure}()
#3 C:\xampp\htdocs\manrisk\system\Common.php(1089): CodeIgniter\View\View->render('PengelolaRisiko...', Array, true)
#4 C:\xampp\htdocs\manrisk\app\Controllers\PengelolaRisiko.php(1729): view('PengelolaRisiko...', Array)
#5 C:\xampp\htdocs\manrisk\system\CodeIgniter.php(832): App\Controllers\PengelolaRisiko->updateKriteriaKemungkinan('getDaftarPemang...')
#6 C:\xampp\htdocs\manrisk\system\CodeIgniter.php(419): CodeIgniter\CodeIgniter->runController(Object(App\Controllers\PengelolaRisiko))
#7 C:\xampp\htdocs\manrisk\system\CodeIgniter.php(326): CodeIgniter\CodeIgniter->handleRequest(NULL, Object(Config\Cache), false)
#8 C:\xampp\htdocs\manrisk\index.php(37): CodeIgniter\CodeIgniter->run()
#9 {main}
CRITICAL - 2022-04-14 20:33:42 --> Undefined offset: 0
#0 C:\xampp\htdocs\manrisk\app\Views\PengelolaRisiko\form-edit-kriteria-kemungkinan.php(60): CodeIgniter\Debug\Exceptions->errorHandler(8, 'Undefined offse...', 'C:\\xampp\\htdocs...', 60, Array)
#1 C:\xampp\htdocs\manrisk\system\View\View.php(210): include('C:\\xampp\\htdocs...')
#2 C:\xampp\htdocs\manrisk\system\View\View.php(213): CodeIgniter\View\View->CodeIgniter\View\{closure}()
#3 C:\xampp\htdocs\manrisk\system\Common.php(1089): CodeIgniter\View\View->render('PengelolaRisiko...', Array, true)
#4 C:\xampp\htdocs\manrisk\app\Controllers\PengelolaRisiko.php(1729): view('PengelolaRisiko...', Array)
#5 C:\xampp\htdocs\manrisk\system\CodeIgniter.php(832): App\Controllers\PengelolaRisiko->updateKriteriaKemungkinan('getDaftarAreaDa...')
#6 C:\xampp\htdocs\manrisk\system\CodeIgniter.php(419): CodeIgniter\CodeIgniter->runController(Object(App\Controllers\PengelolaRisiko))
#7 C:\xampp\htdocs\manrisk\system\CodeIgniter.php(326): CodeIgniter\CodeIgniter->handleRequest(NULL, Object(Config\Cache), false)
#8 C:\xampp\htdocs\manrisk\index.php(37): CodeIgniter\CodeIgniter->run()
#9 {main}
CRITICAL - 2022-04-14 20:33:42 --> Undefined offset: 0
#0 C:\xampp\htdocs\manrisk\app\Views\PengelolaRisiko\form-edit-kriteria-kemungkinan.php(60): CodeIgniter\Debug\Exceptions->errorHandler(8, 'Undefined offse...', 'C:\\xampp\\htdocs...', 60, Array)
#1 C:\xampp\htdocs\manrisk\system\View\View.php(210): include('C:\\xampp\\htdocs...')
#2 C:\xampp\htdocs\manrisk\system\View\View.php(213): CodeIgniter\View\View->CodeIgniter\View\{closure}()
#3 C:\xampp\htdocs\manrisk\system\Common.php(1089): CodeIgniter\View\View->render('PengelolaRisiko...', Array, true)
#4 C:\xampp\htdocs\manrisk\app\Controllers\PengelolaRisiko.php(1729): view('PengelolaRisiko...', Array)
#5 C:\xampp\htdocs\manrisk\system\CodeIgniter.php(832): App\Controllers\PengelolaRisiko->updateKriteriaKemungkinan('getDaftarKriter...')
#6 C:\xampp\htdocs\manrisk\system\CodeIgniter.php(419): CodeIgniter\CodeIgniter->runController(Object(App\Controllers\PengelolaRisiko))
#7 C:\xampp\htdocs\manrisk\system\CodeIgniter.php(326): CodeIgniter\CodeIgniter->handleRequest(NULL, Object(Config\Cache), false)
#8 C:\xampp\htdocs\manrisk\index.php(37): CodeIgniter\CodeIgniter->run()
#9 {main}
CRITICAL - 2022-04-14 20:33:42 --> Undefined offset: 0
#0 C:\xampp\htdocs\manrisk\app\Views\PengelolaRisiko\form-edit-kriteria-kemungkinan.php(60): CodeIgniter\Debug\Exceptions->errorHandler(8, 'Undefined offse...', 'C:\\xampp\\htdocs...', 60, Array)
#1 C:\xampp\htdocs\manrisk\system\View\View.php(210): include('C:\\xampp\\htdocs...')
#2 C:\xampp\htdocs\manrisk\system\View\View.php(213): CodeIgniter\View\View->CodeIgniter\View\{closure}()
#3 C:\xampp\htdocs\manrisk\system\Common.php(1089): CodeIgniter\View\View->render('PengelolaRisiko...', Array, true)
#4 C:\xampp\htdocs\manrisk\app\Controllers\PengelolaRisiko.php(1729): view('PengelolaRisiko...', Array)
#5 C:\xampp\htdocs\manrisk\system\CodeIgniter.php(832): App\Controllers\PengelolaRisiko->updateKriteriaKemungkinan('getDaftarKatego...')
#6 C:\xampp\htdocs\manrisk\system\CodeIgniter.php(419): CodeIgniter\CodeIgniter->runController(Object(App\Controllers\PengelolaRisiko))
#7 C:\xampp\htdocs\manrisk\system\CodeIgniter.php(326): CodeIgniter\CodeIgniter->handleRequest(NULL, Object(Config\Cache), false)
#8 C:\xampp\htdocs\manrisk\index.php(37): CodeIgniter\CodeIgniter->run()
#9 {main}
CRITICAL - 2022-04-14 20:33:42 --> Undefined offset: 0
#0 C:\xampp\htdocs\manrisk\app\Views\PengelolaRisiko\form-edit-kriteria-kemungkinan.php(60): CodeIgniter\Debug\Exceptions->errorHandler(8, 'Undefined offse...', 'C:\\xampp\\htdocs...', 60, Array)
#1 C:\xampp\htdocs\manrisk\system\View\View.php(210): include('C:\\xampp\\htdocs...')
#2 C:\xampp\htdocs\manrisk\system\View\View.php(213): CodeIgniter\View\View->CodeIgniter\View\{closure}()
#3 C:\xampp\htdocs\manrisk\system\Common.php(1089): CodeIgniter\View\View->render('PengelolaRisiko...', Array, true)
#4 C:\xampp\htdocs\manrisk\app\Controllers\PengelolaRisiko.php(1729): view('PengelolaRisiko...', Array)
#5 C:\xampp\htdocs\manrisk\system\CodeIgniter.php(832): App\Controllers\PengelolaRisiko->updateKriteriaKemungkinan('getDaftarKriter...')
#6 C:\xampp\htdocs\manrisk\system\CodeIgniter.php(419): CodeIgniter\CodeIgniter->runController(Object(App\Controllers\PengelolaRisiko))
#7 C:\xampp\htdocs\manrisk\system\CodeIgniter.php(326): CodeIgniter\CodeIgniter->handleRequest(NULL, Object(Config\Cache), false)
#8 C:\xampp\htdocs\manrisk\index.php(37): CodeIgniter\CodeIgniter->run()
#9 {main}
CRITICAL - 2022-04-14 20:33:42 --> Undefined offset: 0
#0 C:\xampp\htdocs\manrisk\app\Views\PengelolaRisiko\form-edit-kriteria-kemungkinan.php(60): CodeIgniter\Debug\Exceptions->errorHandler(8, 'Undefined offse...', 'C:\\xampp\\htdocs...', 60, Array)
#1 C:\xampp\htdocs\manrisk\system\View\View.php(210): include('C:\\xampp\\htdocs...')
#2 C:\xampp\htdocs\manrisk\system\View\View.php(213): CodeIgniter\View\View->CodeIgniter\View\{closure}()
#3 C:\xampp\htdocs\manrisk\system\Common.php(1089): CodeIgniter\View\View->render('PengelolaRisiko...', Array, true)
#4 C:\xampp\htdocs\manrisk\app\Controllers\PengelolaRisiko.php(1729): view('PengelolaRisiko...', Array)
#5 C:\xampp\htdocs\manrisk\system\CodeIgniter.php(832): App\Controllers\PengelolaRisiko->updateKriteriaKemungkinan('getDaftarPeratu...')
#6 C:\xampp\htdocs\manrisk\system\CodeIgniter.php(419): CodeIgniter\CodeIgniter->runController(Object(App\Controllers\PengelolaRisiko))
#7 C:\xampp\htdocs\manrisk\system\CodeIgniter.php(326): CodeIgniter\CodeIgniter->handleRequest(NULL, Object(Config\Cache), false)
#8 C:\xampp\htdocs\manrisk\index.php(37): CodeIgniter\CodeIgniter->run()
#9 {main}
CRITICAL - 2022-04-14 20:33:43 --> Undefined offset: 0
#0 C:\xampp\htdocs\manrisk\app\Views\PengelolaRisiko\form-edit-kriteria-kemungkinan.php(60): CodeIgniter\Debug\Exceptions->errorHandler(8, 'Undefined offse...', 'C:\\xampp\\htdocs...', 60, Array)
#1 C:\xampp\htdocs\manrisk\system\View\View.php(210): include('C:\\xampp\\htdocs...')
#2 C:\xampp\htdocs\manrisk\system\View\View.php(213): CodeIgniter\View\View->CodeIgniter\View\{closure}()
#3 C:\xampp\htdocs\manrisk\system\Common.php(1089): CodeIgniter\View\View->render('PengelolaRisiko...', Array, true)
#4 C:\xampp\htdocs\manrisk\app\Controllers\PengelolaRisiko.php(1729): view('PengelolaRisiko...', Array)
#5 C:\xampp\htdocs\manrisk\system\CodeIgniter.php(832): App\Controllers\PengelolaRisiko->updateKriteriaKemungkinan('getDaftarStrukt...')
#6 C:\xampp\htdocs\manrisk\system\CodeIgniter.php(419): CodeIgniter\CodeIgniter->runController(Object(App\Controllers\PengelolaRisiko))
#7 C:\xampp\htdocs\manrisk\system\CodeIgniter.php(326): CodeIgniter\CodeIgniter->handleRequest(NULL, Object(Config\Cache), false)
#8 C:\xampp\htdocs\manrisk\index.php(37): CodeIgniter\CodeIgniter->run()
#9 {main}
CRITICAL - 2022-04-14 20:33:43 --> Undefined offset: 0
#0 C:\xampp\htdocs\manrisk\app\Views\PengelolaRisiko\form-edit-kriteria-kemungkinan.php(60): CodeIgniter\Debug\Exceptions->errorHandler(8, 'Undefined offse...', 'C:\\xampp\\htdocs...', 60, Array)
#1 C:\xampp\htdocs\manrisk\system\View\View.php(210): include('C:\\xampp\\htdocs...')
#2 C:\xampp\htdocs\manrisk\system\View\View.php(213): CodeIgniter\View\View->CodeIgniter\View\{closure}()
#3 C:\xampp\htdocs\manrisk\system\Common.php(1089): CodeIgniter\View\View->render('PengelolaRisiko...', Array, true)
#4 C:\xampp\htdocs\manrisk\app\Controllers\PengelolaRisiko.php(1729): view('PengelolaRisiko...', Array)
#5 C:\xampp\htdocs\manrisk\system\CodeIgniter.php(832): App\Controllers\PengelolaRisiko->updateKriteriaKemungkinan('getDaftarSasara...')
#6 C:\xampp\htdocs\manrisk\system\CodeIgniter.php(419): CodeIgniter\CodeIgniter->runController(Object(App\Controllers\PengelolaRisiko))
#7 C:\xampp\htdocs\manrisk\system\CodeIgniter.php(326): CodeIgniter\CodeIgniter->handleRequest(NULL, Object(Config\Cache), false)
#8 C:\xampp\htdocs\manrisk\index.php(37): CodeIgniter\CodeIgniter->run()
#9 {main}
CRITICAL - 2022-04-14 20:33:43 --> Undefined offset: 0
#0 C:\xampp\htdocs\manrisk\app\Views\PengelolaRisiko\form-edit-kriteria-kemungkinan.php(60): CodeIgniter\Debug\Exceptions->errorHandler(8, 'Undefined offse...', 'C:\\xampp\\htdocs...', 60, Array)
#1 C:\xampp\htdocs\manrisk\system\View\View.php(210): include('C:\\xampp\\htdocs...')
#2 C:\xampp\htdocs\manrisk\system\View\View.php(213): CodeIgniter\View\View->CodeIgniter\View\{closure}()
#3 C:\xampp\htdocs\manrisk\system\Common.php(1089): CodeIgniter\View\View->render('PengelolaRisiko...', Array, true)
#4 C:\xampp\htdocs\manrisk\app\Controllers\PengelolaRisiko.php(1729): view('PengelolaRisiko...', Array)
#5 C:\xampp\htdocs\manrisk\system\CodeIgniter.php(832): App\Controllers\PengelolaRisiko->updateKriteriaKemungkinan('getPenilaianRis...')
#6 C:\xampp\htdocs\manrisk\system\CodeIgniter.php(419): CodeIgniter\CodeIgniter->runController(Object(App\Controllers\PengelolaRisiko))
#7 C:\xampp\htdocs\manrisk\system\CodeIgniter.php(326): CodeIgniter\CodeIgniter->handleRequest(NULL, Object(Config\Cache), false)
#8 C:\xampp\htdocs\manrisk\index.php(37): CodeIgniter\CodeIgniter->run()
#9 {main}
CRITICAL - 2022-04-14 20:33:44 --> Undefined offset: 0
#0 C:\xampp\htdocs\manrisk\app\Views\PengelolaRisiko\form-edit-kriteria-kemungkinan.php(60): CodeIgniter\Debug\Exceptions->errorHandler(8, 'Undefined offse...', 'C:\\xampp\\htdocs...', 60, Array)
#1 C:\xampp\htdocs\manrisk\system\View\View.php(210): include('C:\\xampp\\htdocs...')
#2 C:\xampp\htdocs\manrisk\system\View\View.php(213): CodeIgniter\View\View->CodeIgniter\View\{closure}()
#3 C:\xampp\htdocs\manrisk\system\Common.php(1089): CodeIgniter\View\View->render('PengelolaRisiko...', Array, true)
#4 C:\xampp\htdocs\manrisk\app\Controllers\PengelolaRisiko.php(1729): view('PengelolaRisiko...', Array)
#5 C:\xampp\htdocs\manrisk\system\CodeIgniter.php(832): App\Controllers\PengelolaRisiko->updateKriteriaKemungkinan('getPenilaianRis...')
#6 C:\xampp\htdocs\manrisk\system\CodeIgniter.php(419): CodeIgniter\CodeIgniter->runController(Object(App\Controllers\PengelolaRisiko))
#7 C:\xampp\htdocs\manrisk\system\CodeIgniter.php(326): CodeIgniter\CodeIgniter->handleRequest(NULL, Object(Config\Cache), false)
#8 C:\xampp\htdocs\manrisk\index.php(37): CodeIgniter\CodeIgniter->run()
#9 {main}
CRITICAL - 2022-04-14 20:34:14 --> Undefined offset: 0
#0 C:\xampp\htdocs\manrisk\app\Views\PengelolaRisiko\form-edit-kriteria-kemungkinan.php(60): CodeIgniter\Debug\Exceptions->errorHandler(8, 'Undefined offse...', 'C:\\xampp\\htdocs...', 60, Array)
#1 C:\xampp\htdocs\manrisk\system\View\View.php(210): include('C:\\xampp\\htdocs...')
#2 C:\xampp\htdocs\manrisk\system\View\View.php(213): CodeIgniter\View\View->CodeIgniter\View\{closure}()
#3 C:\xampp\htdocs\manrisk\system\Common.php(1089): CodeIgniter\View\View->render('PengelolaRisiko...', Array, true)
#4 C:\xampp\htdocs\manrisk\app\Controllers\PengelolaRisiko.php(1729): view('PengelolaRisiko...', Array)
#5 C:\xampp\htdocs\manrisk\system\CodeIgniter.php(832): App\Controllers\PengelolaRisiko->updateKriteriaKemungkinan('getLevelRisiko')
#6 C:\xampp\htdocs\manrisk\system\CodeIgniter.php(419): CodeIgniter\CodeIgniter->runController(Object(App\Controllers\PengelolaRisiko))
#7 C:\xampp\htdocs\manrisk\system\CodeIgniter.php(326): CodeIgniter\CodeIgniter->handleRequest(NULL, Object(Config\Cache), false)
#8 C:\xampp\htdocs\manrisk\index.php(37): CodeIgniter\CodeIgniter->run()
#9 {main}
CRITICAL - 2022-04-14 20:34:15 --> Undefined offset: 0
#0 C:\xampp\htdocs\manrisk\app\Views\PengelolaRisiko\form-edit-kriteria-kemungkinan.php(60): CodeIgniter\Debug\Exceptions->errorHandler(8, 'Undefined offse...', 'C:\\xampp\\htdocs...', 60, Array)
#1 C:\xampp\htdocs\manrisk\system\View\View.php(210): include('C:\\xampp\\htdocs...')
#2 C:\xampp\htdocs\manrisk\system\View\View.php(213): CodeIgniter\View\View->CodeIgniter\View\{closure}()
#3 C:\xampp\htdocs\manrisk\system\Common.php(1089): CodeIgniter\View\View->render('PengelolaRisiko...', Array, true)
#4 C:\xampp\htdocs\manrisk\app\Controllers\PengelolaRisiko.php(1729): view('PengelolaRisiko...', Array)
#5 C:\xampp\htdocs\manrisk\system\CodeIgniter.php(832): App\Controllers\PengelolaRisiko->updateKriteriaKemungkinan('getRisikoByKepu...')
#6 C:\xampp\htdocs\manrisk\system\CodeIgniter.php(419): CodeIgniter\CodeIgniter->runController(Object(App\Controllers\PengelolaRisiko))
#7 C:\xampp\htdocs\manrisk\system\CodeIgniter.php(326): CodeIgniter\CodeIgniter->handleRequest(NULL, Object(Config\Cache), false)
#8 C:\xampp\htdocs\manrisk\index.php(37): CodeIgniter\CodeIgniter->run()
#9 {main}
CRITICAL - 2022-04-14 20:34:15 --> Undefined offset: 0
#0 C:\xampp\htdocs\manrisk\app\Views\PengelolaRisiko\form-edit-kriteria-kemungkinan.php(60): CodeIgniter\Debug\Exceptions->errorHandler(8, 'Undefined offse...', 'C:\\xampp\\htdocs...', 60, Array)
#1 C:\xampp\htdocs\manrisk\system\View\View.php(210): include('C:\\xampp\\htdocs...')
#2 C:\xampp\htdocs\manrisk\system\View\View.php(213): CodeIgniter\View\View->CodeIgniter\View\{closure}()
#3 C:\xampp\htdocs\manrisk\system\Common.php(1089): CodeIgniter\View\View->render('PengelolaRisiko...', Array, true)
#4 C:\xampp\htdocs\manrisk\app\Controllers\PengelolaRisiko.php(1729): view('PengelolaRisiko...', Array)
#5 C:\xampp\htdocs\manrisk\system\CodeIgniter.php(832): App\Controllers\PengelolaRisiko->updateKriteriaKemungkinan('getMatriksRisik...')
#6 C:\xampp\htdocs\manrisk\system\CodeIgniter.php(419): CodeIgniter\CodeIgniter->runController(Object(App\Controllers\PengelolaRisiko))
#7 C:\xampp\htdocs\manrisk\system\CodeIgniter.php(326): CodeIgniter\CodeIgniter->handleRequest(NULL, Object(Config\Cache), false)
#8 C:\xampp\htdocs\manrisk\index.php(37): CodeIgniter\CodeIgniter->run()
#9 {main}
CRITICAL - 2022-04-14 20:34:15 --> Undefined offset: 0
#0 C:\xampp\htdocs\manrisk\app\Views\PengelolaRisiko\form-edit-kriteria-kemungkinan.php(60): CodeIgniter\Debug\Exceptions->errorHandler(8, 'Undefined offse...', 'C:\\xampp\\htdocs...', 60, Array)
#1 C:\xampp\htdocs\manrisk\system\View\View.php(210): include('C:\\xampp\\htdocs...')
#2 C:\xampp\htdocs\manrisk\system\View\View.php(213): CodeIgniter\View\View->CodeIgniter\View\{closure}()
#3 C:\xampp\htdocs\manrisk\system\Common.php(1089): CodeIgniter\View\View->render('PengelolaRisiko...', Array, true)
#4 C:\xampp\htdocs\manrisk\app\Controllers\PengelolaRisiko.php(1729): view('PengelolaRisiko...', Array)
#5 C:\xampp\htdocs\manrisk\system\CodeIgniter.php(832): App\Controllers\PengelolaRisiko->updateKriteriaKemungkinan('getPenangananRi...')
#6 C:\xampp\htdocs\manrisk\system\CodeIgniter.php(419): CodeIgniter\CodeIgniter->runController(Object(App\Controllers\PengelolaRisiko))
#7 C:\xampp\htdocs\manrisk\system\CodeIgniter.php(326): CodeIgniter\CodeIgniter->handleRequest(NULL, Object(Config\Cache), false)
#8 C:\xampp\htdocs\manrisk\index.php(37): CodeIgniter\CodeIgniter->run()
#9 {main}
CRITICAL - 2022-04-14 20:34:15 --> Undefined offset: 0
#0 C:\xampp\htdocs\manrisk\app\Views\PengelolaRisiko\form-edit-kriteria-kemungkinan.php(60): CodeIgniter\Debug\Exceptions->errorHandler(8, 'Undefined offse...', 'C:\\xampp\\htdocs...', 60, Array)
#1 C:\xampp\htdocs\manrisk\system\View\View.php(210): include('C:\\xampp\\htdocs...')
#2 C:\xampp\htdocs\manrisk\system\View\View.php(213): CodeIgniter\View\View->CodeIgniter\View\{closure}()
#3 C:\xampp\htdocs\manrisk\system\Common.php(1089): CodeIgniter\View\View->render('PengelolaRisiko...', Array, true)
#4 C:\xampp\htdocs\manrisk\app\Controllers\PengelolaRisiko.php(1729): view('PengelolaRisiko...', Array)
#5 C:\xampp\htdocs\manrisk\system\CodeIgniter.php(832): App\Controllers\PengelolaRisiko->updateKriteriaKemungkinan('getPenilaianRis...')
#6 C:\xampp\htdocs\manrisk\system\CodeIgniter.php(419): CodeIgniter\CodeIgniter->runController(Object(App\Controllers\PengelolaRisiko))
#7 C:\xampp\htdocs\manrisk\system\CodeIgniter.php(326): CodeIgniter\CodeIgniter->handleRequest(NULL, Object(Config\Cache), false)
#8 C:\xampp\htdocs\manrisk\index.php(37): CodeIgniter\CodeIgniter->run()
#9 {main}
CRITICAL - 2022-04-14 20:34:16 --> Undefined offset: 0
#0 C:\xampp\htdocs\manrisk\app\Views\PengelolaRisiko\form-edit-kriteria-kemungkinan.php(60): CodeIgniter\Debug\Exceptions->errorHandler(8, 'Undefined offse...', 'C:\\xampp\\htdocs...', 60, Array)
#1 C:\xampp\htdocs\manrisk\system\View\View.php(210): include('C:\\xampp\\htdocs...')
#2 C:\xampp\htdocs\manrisk\system\View\View.php(213): CodeIgniter\View\View->CodeIgniter\View\{closure}()
#3 C:\xampp\htdocs\manrisk\system\Common.php(1089): CodeIgniter\View\View->render('PengelolaRisiko...', Array, true)
#4 C:\xampp\htdocs\manrisk\app\Controllers\PengelolaRisiko.php(1729): view('PengelolaRisiko...', Array)
#5 C:\xampp\htdocs\manrisk\system\CodeIgniter.php(832): App\Controllers\PengelolaRisiko->updateKriteriaKemungkinan('getSeleraRisiko')
#6 C:\xampp\htdocs\manrisk\system\CodeIgniter.php(419): CodeIgniter\CodeIgniter->runController(Object(App\Controllers\PengelolaRisiko))
#7 C:\xampp\htdocs\manrisk\system\CodeIgniter.php(326): CodeIgniter\CodeIgniter->handleRequest(NULL, Object(Config\Cache), false)
#8 C:\xampp\htdocs\manrisk\index.php(37): CodeIgniter\CodeIgniter->run()
#9 {main}
CRITICAL - 2022-04-14 20:34:16 --> Undefined offset: 0
#0 C:\xampp\htdocs\manrisk\app\Views\PengelolaRisiko\form-edit-kriteria-kemungkinan.php(60): CodeIgniter\Debug\Exceptions->errorHandler(8, 'Undefined offse...', 'C:\\xampp\\htdocs...', 60, Array)
#1 C:\xampp\htdocs\manrisk\system\View\View.php(210): include('C:\\xampp\\htdocs...')
#2 C:\xampp\htdocs\manrisk\system\View\View.php(213): CodeIgniter\View\View->CodeIgniter\View\{closure}()
#3 C:\xampp\htdocs\manrisk\system\Common.php(1089): CodeIgniter\View\View->render('PengelolaRisiko...', Array, true)
#4 C:\xampp\htdocs\manrisk\app\Controllers\PengelolaRisiko.php(1729): view('PengelolaRisiko...', Array)
#5 C:\xampp\htdocs\manrisk\system\CodeIgniter.php(832): App\Controllers\PengelolaRisiko->updateKriteriaKemungkinan('getInformasiUmu...')
#6 C:\xampp\htdocs\manrisk\system\CodeIgniter.php(419): CodeIgniter\CodeIgniter->runController(Object(App\Controllers\PengelolaRisiko))
#7 C:\xampp\htdocs\manrisk\system\CodeIgniter.php(326): CodeIgniter\CodeIgniter->handleRequest(NULL, Object(Config\Cache), false)
#8 C:\xampp\htdocs\manrisk\index.php(37): CodeIgniter\CodeIgniter->run()
#9 {main}
CRITICAL - 2022-04-14 20:34:16 --> Undefined offset: 0
#0 C:\xampp\htdocs\manrisk\app\Views\PengelolaRisiko\form-edit-kriteria-kemungkinan.php(60): CodeIgniter\Debug\Exceptions->errorHandler(8, 'Undefined offse...', 'C:\\xampp\\htdocs...', 60, Array)
#1 C:\xampp\htdocs\manrisk\system\View\View.php(210): include('C:\\xampp\\htdocs...')
#2 C:\xampp\htdocs\manrisk\system\View\View.php(213): CodeIgniter\View\View->CodeIgniter\View\{closure}()
#3 C:\xampp\htdocs\manrisk\system\Common.php(1089): CodeIgniter\View\View->render('PengelolaRisiko...', Array, true)
#4 C:\xampp\htdocs\manrisk\app\Controllers\PengelolaRisiko.php(1729): view('PengelolaRisiko...', Array)
#5 C:\xampp\htdocs\manrisk\system\CodeIgniter.php(832): App\Controllers\PengelolaRisiko->updateKriteriaKemungkinan('getDaftarPemang...')
#6 C:\xampp\htdocs\manrisk\system\CodeIgniter.php(419): CodeIgniter\CodeIgniter->runController(Object(App\Controllers\PengelolaRisiko))
#7 C:\xampp\htdocs\manrisk\system\CodeIgniter.php(326): CodeIgniter\CodeIgniter->handleRequest(NULL, Object(Config\Cache), false)
#8 C:\xampp\htdocs\manrisk\index.php(37): CodeIgniter\CodeIgniter->run()
#9 {main}
CRITICAL - 2022-04-14 20:34:16 --> Undefined offset: 0
#0 C:\xampp\htdocs\manrisk\app\Views\PengelolaRisiko\form-edit-kriteria-kemungkinan.php(60): CodeIgniter\Debug\Exceptions->errorHandler(8, 'Undefined offse...', 'C:\\xampp\\htdocs...', 60, Array)
#1 C:\xampp\htdocs\manrisk\system\View\View.php(210): include('C:\\xampp\\htdocs...')
#2 C:\xampp\htdocs\manrisk\system\View\View.php(213): CodeIgniter\View\View->CodeIgniter\View\{closure}()
#3 C:\xampp\htdocs\manrisk\system\Common.php(1089): CodeIgniter\View\View->render('PengelolaRisiko...', Array, true)
#4 C:\xampp\htdocs\manrisk\app\Controllers\PengelolaRisiko.php(1729): view('PengelolaRisiko...', Array)
#5 C:\xampp\htdocs\manrisk\system\CodeIgniter.php(832): App\Controllers\PengelolaRisiko->updateKriteriaKemungkinan('getDaftarKriter...')
#6 C:\xampp\htdocs\manrisk\system\CodeIgniter.php(419): CodeIgniter\CodeIgniter->runController(Object(App\Controllers\PengelolaRisiko))
#7 C:\xampp\htdocs\manrisk\system\CodeIgniter.php(326): CodeIgniter\CodeIgniter->handleRequest(NULL, Object(Config\Cache), false)
#8 C:\xampp\htdocs\manrisk\index.php(37): CodeIgniter\CodeIgniter->run()
#9 {main}
CRITICAL - 2022-04-14 20:34:16 --> Undefined offset: 0
#0 C:\xampp\htdocs\manrisk\app\Views\PengelolaRisiko\form-edit-kriteria-kemungkinan.php(60): CodeIgniter\Debug\Exceptions->errorHandler(8, 'Undefined offse...', 'C:\\xampp\\htdocs...', 60, Array)
#1 C:\xampp\htdocs\manrisk\system\View\View.php(210): include('C:\\xampp\\htdocs...')
#2 C:\xampp\htdocs\manrisk\system\View\View.php(213): CodeIgniter\View\View->CodeIgniter\View\{closure}()
#3 C:\xampp\htdocs\manrisk\system\Common.php(1089): CodeIgniter\View\View->render('PengelolaRisiko...', Array, true)
#4 C:\xampp\htdocs\manrisk\app\Controllers\PengelolaRisiko.php(1729): view('PengelolaRisiko...', Array)
#5 C:\xampp\htdocs\manrisk\system\CodeIgniter.php(832): App\Controllers\PengelolaRisiko->updateKriteriaKemungkinan('getDaftarAreaDa...')
#6 C:\xampp\htdocs\manrisk\system\CodeIgniter.php(419): CodeIgniter\CodeIgniter->runController(Object(App\Controllers\PengelolaRisiko))
#7 C:\xampp\htdocs\manrisk\system\CodeIgniter.php(326): CodeIgniter\CodeIgniter->handleRequest(NULL, Object(Config\Cache), false)
#8 C:\xampp\htdocs\manrisk\index.php(37): CodeIgniter\CodeIgniter->run()
#9 {main}
CRITICAL - 2022-04-14 20:34:16 --> Undefined offset: 0
#0 C:\xampp\htdocs\manrisk\app\Views\PengelolaRisiko\form-edit-kriteria-kemungkinan.php(60): CodeIgniter\Debug\Exceptions->errorHandler(8, 'Undefined offse...', 'C:\\xampp\\htdocs...', 60, Array)
#1 C:\xampp\htdocs\manrisk\system\View\View.php(210): include('C:\\xampp\\htdocs...')
#2 C:\xampp\htdocs\manrisk\system\View\View.php(213): CodeIgniter\View\View->CodeIgniter\View\{closure}()
#3 C:\xampp\htdocs\manrisk\system\Common.php(1089): CodeIgniter\View\View->render('PengelolaRisiko...', Array, true)
#4 C:\xampp\htdocs\manrisk\app\Controllers\PengelolaRisiko.php(1729): view('PengelolaRisiko...', Array)
#5 C:\xampp\htdocs\manrisk\system\CodeIgniter.php(832): App\Controllers\PengelolaRisiko->updateKriteriaKemungkinan('getDaftarKatego...')
#6 C:\xampp\htdocs\manrisk\system\CodeIgniter.php(419): CodeIgniter\CodeIgniter->runController(Object(App\Controllers\PengelolaRisiko))
#7 C:\xampp\htdocs\manrisk\system\CodeIgniter.php(326): CodeIgniter\CodeIgniter->handleRequest(NULL, Object(Config\Cache), false)
#8 C:\xampp\htdocs\manrisk\index.php(37): CodeIgniter\CodeIgniter->run()
#9 {main}
CRITICAL - 2022-04-14 20:34:16 --> Undefined offset: 0
#0 C:\xampp\htdocs\manrisk\app\Views\PengelolaRisiko\form-edit-kriteria-kemungkinan.php(60): CodeIgniter\Debug\Exceptions->errorHandler(8, 'Undefined offse...', 'C:\\xampp\\htdocs...', 60, Array)
#1 C:\xampp\htdocs\manrisk\system\View\View.php(210): include('C:\\xampp\\htdocs...')
#2 C:\xampp\htdocs\manrisk\system\View\View.php(213): CodeIgniter\View\View->CodeIgniter\View\{closure}()
#3 C:\xampp\htdocs\manrisk\system\Common.php(1089): CodeIgniter\View\View->render('PengelolaRisiko...', Array, true)
#4 C:\xampp\htdocs\manrisk\app\Controllers\PengelolaRisiko.php(1729): view('PengelolaRisiko...', Array)
#5 C:\xampp\htdocs\manrisk\system\CodeIgniter.php(832): App\Controllers\PengelolaRisiko->updateKriteriaKemungkinan('getDaftarKriter...')
#6 C:\xampp\htdocs\manrisk\system\CodeIgniter.php(419): CodeIgniter\CodeIgniter->runController(Object(App\Controllers\PengelolaRisiko))
#7 C:\xampp\htdocs\manrisk\system\CodeIgniter.php(326): CodeIgniter\CodeIgniter->handleRequest(NULL, Object(Config\Cache), false)
#8 C:\xampp\htdocs\manrisk\index.php(37): CodeIgniter\CodeIgniter->run()
#9 {main}
CRITICAL - 2022-04-14 20:34:17 --> Undefined offset: 0
#0 C:\xampp\htdocs\manrisk\app\Views\PengelolaRisiko\form-edit-kriteria-kemungkinan.php(60): CodeIgniter\Debug\Exceptions->errorHandler(8, 'Undefined offse...', 'C:\\xampp\\htdocs...', 60, Array)
#1 C:\xampp\htdocs\manrisk\system\View\View.php(210): include('C:\\xampp\\htdocs...')
#2 C:\xampp\htdocs\manrisk\system\View\View.php(213): CodeIgniter\View\View->CodeIgniter\View\{closure}()
#3 C:\xampp\htdocs\manrisk\system\Common.php(1089): CodeIgniter\View\View->render('PengelolaRisiko...', Array, true)
#4 C:\xampp\htdocs\manrisk\app\Controllers\PengelolaRisiko.php(1729): view('PengelolaRisiko...', Array)
#5 C:\xampp\htdocs\manrisk\system\CodeIgniter.php(832): App\Controllers\PengelolaRisiko->updateKriteriaKemungkinan('getDaftarPeratu...')
#6 C:\xampp\htdocs\manrisk\system\CodeIgniter.php(419): CodeIgniter\CodeIgniter->runController(Object(App\Controllers\PengelolaRisiko))
#7 C:\xampp\htdocs\manrisk\system\CodeIgniter.php(326): CodeIgniter\CodeIgniter->handleRequest(NULL, Object(Config\Cache), false)
#8 C:\xampp\htdocs\manrisk\index.php(37): CodeIgniter\CodeIgniter->run()
#9 {main}
CRITICAL - 2022-04-14 20:34:17 --> Undefined offset: 0
#0 C:\xampp\htdocs\manrisk\app\Views\PengelolaRisiko\form-edit-kriteria-kemungkinan.php(60): CodeIgniter\Debug\Exceptions->errorHandler(8, 'Undefined offse...', 'C:\\xampp\\htdocs...', 60, Array)
#1 C:\xampp\htdocs\manrisk\system\View\View.php(210): include('C:\\xampp\\htdocs...')
#2 C:\xampp\htdocs\manrisk\system\View\View.php(213): CodeIgniter\View\View->CodeIgniter\View\{closure}()
#3 C:\xampp\htdocs\manrisk\system\Common.php(1089): CodeIgniter\View\View->render('PengelolaRisiko...', Array, true)
#4 C:\xampp\htdocs\manrisk\app\Controllers\PengelolaRisiko.php(1729): view('PengelolaRisiko...', Array)
#5 C:\xampp\htdocs\manrisk\system\CodeIgniter.php(832): App\Controllers\PengelolaRisiko->updateKriteriaKemungkinan('getDaftarSasara...')
#6 C:\xampp\htdocs\manrisk\system\CodeIgniter.php(419): CodeIgniter\CodeIgniter->runController(Object(App\Controllers\PengelolaRisiko))
#7 C:\xampp\htdocs\manrisk\system\CodeIgniter.php(326): CodeIgniter\CodeIgniter->handleRequest(NULL, Object(Config\Cache), false)
#8 C:\xampp\htdocs\manrisk\index.php(37): CodeIgniter\CodeIgniter->run()
#9 {main}
CRITICAL - 2022-04-14 20:34:17 --> Undefined offset: 0
#0 C:\xampp\htdocs\manrisk\app\Views\PengelolaRisiko\form-edit-kriteria-kemungkinan.php(60): CodeIgniter\Debug\Exceptions->errorHandler(8, 'Undefined offse...', 'C:\\xampp\\htdocs...', 60, Array)
#1 C:\xampp\htdocs\manrisk\system\View\View.php(210): include('C:\\xampp\\htdocs...')
#2 C:\xampp\htdocs\manrisk\system\View\View.php(213): CodeIgniter\View\View->CodeIgniter\View\{closure}()
#3 C:\xampp\htdocs\manrisk\system\Common.php(1089): CodeIgniter\View\View->render('PengelolaRisiko...', Array, true)
#4 C:\xampp\htdocs\manrisk\app\Controllers\PengelolaRisiko.php(1729): view('PengelolaRisiko...', Array)
#5 C:\xampp\htdocs\manrisk\system\CodeIgniter.php(832): App\Controllers\PengelolaRisiko->updateKriteriaKemungkinan('getDaftarStrukt...')
#6 C:\xampp\htdocs\manrisk\system\CodeIgniter.php(419): CodeIgniter\CodeIgniter->runController(Object(App\Controllers\PengelolaRisiko))
#7 C:\xampp\htdocs\manrisk\system\CodeIgniter.php(326): CodeIgniter\CodeIgniter->handleRequest(NULL, Object(Config\Cache), false)
#8 C:\xampp\htdocs\manrisk\index.php(37): CodeIgniter\CodeIgniter->run()
#9 {main}
CRITICAL - 2022-04-14 20:34:17 --> Undefined offset: 0
#0 C:\xampp\htdocs\manrisk\app\Views\PengelolaRisiko\form-edit-kriteria-kemungkinan.php(60): CodeIgniter\Debug\Exceptions->errorHandler(8, 'Undefined offse...', 'C:\\xampp\\htdocs...', 60, Array)
#1 C:\xampp\htdocs\manrisk\system\View\View.php(210): include('C:\\xampp\\htdocs...')
#2 C:\xampp\htdocs\manrisk\system\View\View.php(213): CodeIgniter\View\View->CodeIgniter\View\{closure}()
#3 C:\xampp\htdocs\manrisk\system\Common.php(1089): CodeIgniter\View\View->render('PengelolaRisiko...', Array, true)
#4 C:\xampp\htdocs\manrisk\app\Controllers\PengelolaRisiko.php(1729): view('PengelolaRisiko...', Array)
#5 C:\xampp\htdocs\manrisk\system\CodeIgniter.php(832): App\Controllers\PengelolaRisiko->updateKriteriaKemungkinan('getPenilaianRis...')
#6 C:\xampp\htdocs\manrisk\system\CodeIgniter.php(419): CodeIgniter\CodeIgniter->runController(Object(App\Controllers\PengelolaRisiko))
#7 C:\xampp\htdocs\manrisk\system\CodeIgniter.php(326): CodeIgniter\CodeIgniter->handleRequest(NULL, Object(Config\Cache), false)
#8 C:\xampp\htdocs\manrisk\index.php(37): CodeIgniter\CodeIgniter->run()
#9 {main}
CRITICAL - 2022-04-14 20:34:18 --> Undefined offset: 0
#0 C:\xampp\htdocs\manrisk\app\Views\PengelolaRisiko\form-edit-kriteria-kemungkinan.php(60): CodeIgniter\Debug\Exceptions->errorHandler(8, 'Undefined offse...', 'C:\\xampp\\htdocs...', 60, Array)
#1 C:\xampp\htdocs\manrisk\system\View\View.php(210): include('C:\\xampp\\htdocs...')
#2 C:\xampp\htdocs\manrisk\system\View\View.php(213): CodeIgniter\View\View->CodeIgniter\View\{closure}()
#3 C:\xampp\htdocs\manrisk\system\Common.php(1089): CodeIgniter\View\View->render('PengelolaRisiko...', Array, true)
#4 C:\xampp\htdocs\manrisk\app\Controllers\PengelolaRisiko.php(1729): view('PengelolaRisiko...', Array)
#5 C:\xampp\htdocs\manrisk\system\CodeIgniter.php(832): App\Controllers\PengelolaRisiko->updateKriteriaKemungkinan('getPenilaianRis...')
#6 C:\xampp\htdocs\manrisk\system\CodeIgniter.php(419): CodeIgniter\CodeIgniter->runController(Object(App\Controllers\PengelolaRisiko))
#7 C:\xampp\htdocs\manrisk\system\CodeIgniter.php(326): CodeIgniter\CodeIgniter->handleRequest(NULL, Object(Config\Cache), false)
#8 C:\xampp\htdocs\manrisk\index.php(37): CodeIgniter\CodeIgniter->run()
#9 {main}
