ERROR - 2022-03-10 00:22:19 --> Cannot add or update a child row: a foreign key constraint fails (`manrisk`.`pengguna`, CONSTRAINT `pengguna_id_role_foreign` FOREIGN KEY (`id_role`) REFERENCES `role_pengguna` (`id`) ON DELETE CASCADE ON UPDATE CASCADE)
CRITICAL - 2022-03-10 00:22:19 --> Cannot add or update a child row: a foreign key constraint fails (`manrisk`.`pengguna`, CONSTRAINT `pengguna_id_role_foreign` FOREIGN KEY (`id_role`) REFERENCES `role_pengguna` (`id`) ON DELETE CASCADE ON UPDATE CASCADE)
#0 C:\xampp\htdocs\manrisk\system\Database\MySQLi\Connection.php(292): mysqli->query('INSERT INTO `pe...', 0)
#1 C:\xampp\htdocs\manrisk\system\Database\BaseConnection.php(670): CodeIgniter\Database\MySQLi\Connection->execute('INSERT INTO `pe...')
#2 C:\xampp\htdocs\manrisk\system\Database\BaseConnection.php(598): CodeIgniter\Database\BaseConnection->simpleQuery('INSERT INTO `pe...')
#3 C:\xampp\htdocs\manrisk\system\Database\BaseBuilder.php(1771): CodeIgniter\Database\BaseConnection->query('INSERT INTO `pe...', Array, false)
#4 C:\xampp\htdocs\manrisk\system\Model.php(239): CodeIgniter\Database\BaseBuilder->insert()
#5 C:\xampp\htdocs\manrisk\system\BaseModel.php(738): CodeIgniter\Model->doInsert(Array)
#6 C:\xampp\htdocs\manrisk\system\Model.php(625): CodeIgniter\BaseModel->insert(Array, true)
#7 C:\xampp\htdocs\manrisk\app\Controllers\Admin.php(123): CodeIgniter\Model->insert(Array)
#8 C:\xampp\htdocs\manrisk\system\CodeIgniter.php(832): App\Controllers\Admin->inputDataPengguna()
#9 C:\xampp\htdocs\manrisk\system\CodeIgniter.php(419): CodeIgniter\CodeIgniter->runController(Object(App\Controllers\Admin))
#10 C:\xampp\htdocs\manrisk\system\CodeIgniter.php(326): CodeIgniter\CodeIgniter->handleRequest(NULL, Object(Config\Cache), false)
#11 C:\xampp\htdocs\manrisk\index.php(37): CodeIgniter\CodeIgniter->run()
#12 {main}
ERROR - 2022-03-10 03:06:11 --> Cannot add or update a child row: a foreign key constraint fails (`manrisk`.`pengguna`, CONSTRAINT `pengguna_id_role_foreign` FOREIGN KEY (`id_role`) REFERENCES `role_pengguna` (`id`) ON DELETE CASCADE ON UPDATE CASCADE)
CRITICAL - 2022-03-10 03:06:11 --> Cannot add or update a child row: a foreign key constraint fails (`manrisk`.`pengguna`, CONSTRAINT `pengguna_id_role_foreign` FOREIGN KEY (`id_role`) REFERENCES `role_pengguna` (`id`) ON DELETE CASCADE ON UPDATE CASCADE)
#0 C:\xampp\htdocs\manrisk\system\Database\MySQLi\Connection.php(292): mysqli->query('INSERT INTO `pe...', 0)
#1 C:\xampp\htdocs\manrisk\system\Database\BaseConnection.php(670): CodeIgniter\Database\MySQLi\Connection->execute('INSERT INTO `pe...')
#2 C:\xampp\htdocs\manrisk\system\Database\BaseConnection.php(598): CodeIgniter\Database\BaseConnection->simpleQuery('INSERT INTO `pe...')
#3 C:\xampp\htdocs\manrisk\system\Database\BaseBuilder.php(1771): CodeIgniter\Database\BaseConnection->query('INSERT INTO `pe...', Array, false)
#4 C:\xampp\htdocs\manrisk\system\Model.php(239): CodeIgniter\Database\BaseBuilder->insert()
#5 C:\xampp\htdocs\manrisk\system\BaseModel.php(738): CodeIgniter\Model->doInsert(Array)
#6 C:\xampp\htdocs\manrisk\system\Model.php(625): CodeIgniter\BaseModel->insert(Array, true)
#7 C:\xampp\htdocs\manrisk\app\Controllers\Admin.php(123): CodeIgniter\Model->insert(Array)
#8 C:\xampp\htdocs\manrisk\system\CodeIgniter.php(832): App\Controllers\Admin->inputDataPengguna()
#9 C:\xampp\htdocs\manrisk\system\CodeIgniter.php(419): CodeIgniter\CodeIgniter->runController(Object(App\Controllers\Admin))
#10 C:\xampp\htdocs\manrisk\system\CodeIgniter.php(326): CodeIgniter\CodeIgniter->handleRequest(NULL, Object(Config\Cache), false)
#11 C:\xampp\htdocs\manrisk\index.php(37): CodeIgniter\CodeIgniter->run()
#12 {main}
CRITICAL - 2022-03-10 03:20:24 --> Undefined index: id
#0 C:\xampp\htdocs\manrisk\app\Controllers\Admin.php(160): CodeIgniter\Debug\Exceptions->errorHandler(8, 'Undefined index...', 'C:\\xampp\\htdocs...', 160, Array)
#1 C:\xampp\htdocs\manrisk\system\CodeIgniter.php(832): App\Controllers\Admin->updateDataPengguna('1')
#2 C:\xampp\htdocs\manrisk\system\CodeIgniter.php(419): CodeIgniter\CodeIgniter->runController(Object(App\Controllers\Admin))
#3 C:\xampp\htdocs\manrisk\system\CodeIgniter.php(326): CodeIgniter\CodeIgniter->handleRequest(NULL, Object(Config\Cache), false)
#4 C:\xampp\htdocs\manrisk\index.php(37): CodeIgniter\CodeIgniter->run()
#5 {main}
CRITICAL - 2022-03-10 03:38:46 --> Undefined index: id
#0 C:\xampp\htdocs\manrisk\app\Controllers\Admin.php(160): CodeIgniter\Debug\Exceptions->errorHandler(8, 'Undefined index...', 'C:\\xampp\\htdocs...', 160, Array)
#1 C:\xampp\htdocs\manrisk\system\CodeIgniter.php(832): App\Controllers\Admin->updateDataPengguna('3')
#2 C:\xampp\htdocs\manrisk\system\CodeIgniter.php(419): CodeIgniter\CodeIgniter->runController(Object(App\Controllers\Admin))
#3 C:\xampp\htdocs\manrisk\system\CodeIgniter.php(326): CodeIgniter\CodeIgniter->handleRequest(NULL, Object(Config\Cache), false)
#4 C:\xampp\htdocs\manrisk\index.php(37): CodeIgniter\CodeIgniter->run()
#5 {main}
CRITICAL - 2022-03-10 03:40:36 --> Undefined variable: id
#0 C:\xampp\htdocs\manrisk\app\Views\Admin\form-edit-pengguna.php(41): CodeIgniter\Debug\Exceptions->errorHandler(8, 'Undefined varia...', 'C:\\xampp\\htdocs...', 41, Array)
#1 C:\xampp\htdocs\manrisk\system\View\View.php(210): include('C:\\xampp\\htdocs...')
#2 C:\xampp\htdocs\manrisk\system\View\View.php(213): CodeIgniter\View\View->CodeIgniter\View\{closure}()
#3 C:\xampp\htdocs\manrisk\system\Common.php(1089): CodeIgniter\View\View->render('admin/form-edit...', Array, true)
#4 C:\xampp\htdocs\manrisk\app\Controllers\Admin.php(188): view('admin/form-edit...', Array)
#5 C:\xampp\htdocs\manrisk\system\CodeIgniter.php(832): App\Controllers\Admin->updateDataPengguna('3')
#6 C:\xampp\htdocs\manrisk\system\CodeIgniter.php(419): CodeIgniter\CodeIgniter->runController(Object(App\Controllers\Admin))
#7 C:\xampp\htdocs\manrisk\system\CodeIgniter.php(326): CodeIgniter\CodeIgniter->handleRequest(NULL, Object(Config\Cache), false)
#8 C:\xampp\htdocs\manrisk\index.php(37): CodeIgniter\CodeIgniter->run()
#9 {main}
CRITICAL - 2022-03-10 04:12:11 --> Undefined variable: title
#0 C:\xampp\htdocs\manrisk\app\Views\templates_risiko\header.php(12): CodeIgniter\Debug\Exceptions->errorHandler(8, 'Undefined varia...', 'C:\\xampp\\htdocs...', 12, Array)
#1 C:\xampp\htdocs\manrisk\system\View\View.php(210): include('C:\\xampp\\htdocs...')
#2 C:\xampp\htdocs\manrisk\system\View\View.php(213): CodeIgniter\View\View->CodeIgniter\View\{closure}()
#3 C:\xampp\htdocs\manrisk\system\View\View.php(424): CodeIgniter\View\View->render('templates_risik...', NULL, true)
#4 C:\xampp\htdocs\manrisk\app\Views\templates_risiko\index.php(1): CodeIgniter\View\View->include('templates_risik...')
#5 C:\xampp\htdocs\manrisk\system\View\View.php(210): include('C:\\xampp\\htdocs...')
#6 C:\xampp\htdocs\manrisk\system\View\View.php(213): CodeIgniter\View\View->CodeIgniter\View\{closure}()
#7 C:\xampp\htdocs\manrisk\system\View\View.php(226): CodeIgniter\View\View->render('templates_risik...', Array, true)
#8 C:\xampp\htdocs\manrisk\system\Common.php(1089): CodeIgniter\View\View->render('PengelolaRisiko...', Array, true)
#9 C:\xampp\htdocs\manrisk\app\Controllers\PengelolaRisiko.php(11): view('PengelolaRisiko...')
#10 C:\xampp\htdocs\manrisk\system\CodeIgniter.php(832): App\Controllers\PengelolaRisiko->dashboard()
#11 C:\xampp\htdocs\manrisk\system\CodeIgniter.php(419): CodeIgniter\CodeIgniter->runController(Object(App\Controllers\PengelolaRisiko))
#12 C:\xampp\htdocs\manrisk\system\CodeIgniter.php(326): CodeIgniter\CodeIgniter->handleRequest(NULL, Object(Config\Cache), false)
#13 C:\xampp\htdocs\manrisk\index.php(37): CodeIgniter\CodeIgniter->run()
#14 {main}
CRITICAL - 2022-03-10 04:14:35 --> Undefined variable: title
#0 C:\xampp\htdocs\manrisk\app\Views\templates_risiko\header.php(12): CodeIgniter\Debug\Exceptions->errorHandler(8, 'Undefined varia...', 'C:\\xampp\\htdocs...', 12, Array)
#1 C:\xampp\htdocs\manrisk\system\View\View.php(210): include('C:\\xampp\\htdocs...')
#2 C:\xampp\htdocs\manrisk\system\View\View.php(213): CodeIgniter\View\View->CodeIgniter\View\{closure}()
#3 C:\xampp\htdocs\manrisk\system\View\View.php(424): CodeIgniter\View\View->render('templates_risik...', NULL, true)
#4 C:\xampp\htdocs\manrisk\app\Views\templates_risiko\index.php(1): CodeIgniter\View\View->include('templates_risik...')
#5 C:\xampp\htdocs\manrisk\system\View\View.php(210): include('C:\\xampp\\htdocs...')
#6 C:\xampp\htdocs\manrisk\system\View\View.php(213): CodeIgniter\View\View->CodeIgniter\View\{closure}()
#7 C:\xampp\htdocs\manrisk\system\View\View.php(226): CodeIgniter\View\View->render('templates_risik...', Array, true)
#8 C:\xampp\htdocs\manrisk\system\Common.php(1089): CodeIgniter\View\View->render('PengelolaRisiko...', Array, true)
#9 C:\xampp\htdocs\manrisk\app\Controllers\PengelolaRisiko.php(20): view('PengelolaRisiko...')
#10 C:\xampp\htdocs\manrisk\system\CodeIgniter.php(832): App\Controllers\PengelolaRisiko->dashboard()
#11 C:\xampp\htdocs\manrisk\system\CodeIgniter.php(419): CodeIgniter\CodeIgniter->runController(Object(App\Controllers\PengelolaRisiko))
#12 C:\xampp\htdocs\manrisk\system\CodeIgniter.php(326): CodeIgniter\CodeIgniter->handleRequest(NULL, Object(Config\Cache), false)
#13 C:\xampp\htdocs\manrisk\index.php(37): CodeIgniter\CodeIgniter->run()
#14 {main}
