ERROR - 2022-04-26 18:53:24 --> Operand should contain 1 column(s)
CRITICAL - 2022-04-26 18:53:24 --> Operand should contain 1 column(s)
#0 C:\xampp\htdocs\manrisk\system\Database\MySQLi\Connection.php(292): mysqli->query('INSERT INTO `ka...', 0)
#1 C:\xampp\htdocs\manrisk\system\Database\BaseConnection.php(670): CodeIgniter\Database\MySQLi\Connection->execute('INSERT INTO `ka...')
#2 C:\xampp\htdocs\manrisk\system\Database\BaseConnection.php(598): CodeIgniter\Database\BaseConnection->simpleQuery('INSERT INTO `ka...')
#3 C:\xampp\htdocs\manrisk\system\Database\BaseBuilder.php(1771): CodeIgniter\Database\BaseConnection->query('INSERT INTO `ka...', Array, false)
#4 C:\xampp\htdocs\manrisk\system\Model.php(239): CodeIgniter\Database\BaseBuilder->insert()
#5 C:\xampp\htdocs\manrisk\system\BaseModel.php(738): CodeIgniter\Model->doInsert(Array)
#6 C:\xampp\htdocs\manrisk\system\Model.php(625): CodeIgniter\BaseModel->insert(Array, true)
#7 C:\xampp\htdocs\manrisk\app\Controllers\PengelolaRisiko.php(1852): CodeIgniter\Model->insert(Array)
#8 C:\xampp\htdocs\manrisk\system\CodeIgniter.php(832): App\Controllers\PengelolaRisiko->inputKategoriRisikoTerpilih()
#9 C:\xampp\htdocs\manrisk\system\CodeIgniter.php(419): CodeIgniter\CodeIgniter->runController(Object(App\Controllers\PengelolaRisiko))
#10 C:\xampp\htdocs\manrisk\system\CodeIgniter.php(326): CodeIgniter\CodeIgniter->handleRequest(NULL, Object(Config\Cache), false)
#11 C:\xampp\htdocs\manrisk\index.php(37): CodeIgniter\CodeIgniter->run()
#12 {main}
CRITICAL - 2022-04-26 18:57:10 --> syntax error, unexpected ';', expecting ')'
#0 C:\xampp\htdocs\manrisk\system\Router\Router.php(175): CodeIgniter\Router\Router->autoRoute('pengelolaRisiko...')
#1 C:\xampp\htdocs\manrisk\system\CodeIgniter.php(726): CodeIgniter\Router\Router->handle('pengelolaRisiko...')
#2 C:\xampp\htdocs\manrisk\system\CodeIgniter.php(368): CodeIgniter\CodeIgniter->tryToRouteIt(Object(CodeIgniter\Router\RouteCollection))
#3 C:\xampp\htdocs\manrisk\system\CodeIgniter.php(326): CodeIgniter\CodeIgniter->handleRequest(NULL, Object(Config\Cache), false)
#4 C:\xampp\htdocs\manrisk\index.php(37): CodeIgniter\CodeIgniter->run()
#5 {main}
CRITICAL - 2022-04-26 18:57:32 --> syntax error, unexpected '}', expecting ')'
#0 C:\xampp\htdocs\manrisk\system\Router\Router.php(175): CodeIgniter\Router\Router->autoRoute('pengelolaRisiko...')
#1 C:\xampp\htdocs\manrisk\system\CodeIgniter.php(726): CodeIgniter\Router\Router->handle('pengelolaRisiko...')
#2 C:\xampp\htdocs\manrisk\system\CodeIgniter.php(368): CodeIgniter\CodeIgniter->tryToRouteIt(Object(CodeIgniter\Router\RouteCollection))
#3 C:\xampp\htdocs\manrisk\system\CodeIgniter.php(326): CodeIgniter\CodeIgniter->handleRequest(NULL, Object(Config\Cache), false)
#4 C:\xampp\htdocs\manrisk\index.php(37): CodeIgniter\CodeIgniter->run()
#5 {main}
