CRITICAL - 2022-03-09 09:13:59 --> Undefined variable: style
#0 C:\xampp\htdocs\manrisk\app\Views\templates\header.php(22): CodeIgniter\Debug\Exceptions->errorHandler(8, 'Undefined varia...', 'C:\\xampp\\htdocs...', 22, Array)
#1 C:\xampp\htdocs\manrisk\system\View\View.php(210): include('C:\\xampp\\htdocs...')
#2 C:\xampp\htdocs\manrisk\system\View\View.php(213): CodeIgniter\View\View->CodeIgniter\View\{closure}()
#3 C:\xampp\htdocs\manrisk\system\View\View.php(424): CodeIgniter\View\View->render('templates/heade...', NULL, true)
#4 C:\xampp\htdocs\manrisk\app\Views\templates\index.php(1): CodeIgniter\View\View->include('templates/heade...')
#5 C:\xampp\htdocs\manrisk\system\View\View.php(210): include('C:\\xampp\\htdocs...')
#6 C:\xampp\htdocs\manrisk\system\View\View.php(213): CodeIgniter\View\View->CodeIgniter\View\{closure}()
#7 C:\xampp\htdocs\manrisk\system\View\View.php(226): CodeIgniter\View\View->render('templates/index', Array, true)
#8 C:\xampp\htdocs\manrisk\system\Common.php(1089): CodeIgniter\View\View->render('admin/form-edit...', Array, true)
#9 C:\xampp\htdocs\manrisk\app\Controllers\Admin.php(175): view('admin/form-edit...', Array)
#10 C:\xampp\htdocs\manrisk\system\CodeIgniter.php(832): App\Controllers\Admin->updateDataPengguna('1')
#11 C:\xampp\htdocs\manrisk\system\CodeIgniter.php(419): CodeIgniter\CodeIgniter->runController(Object(App\Controllers\Admin))
#12 C:\xampp\htdocs\manrisk\system\CodeIgniter.php(326): CodeIgniter\CodeIgniter->handleRequest(NULL, Object(Config\Cache), false)
#13 C:\xampp\htdocs\manrisk\index.php(37): CodeIgniter\CodeIgniter->run()
#14 {main}
CRITICAL - 2022-03-09 11:00:16 --> Undefined variable: subtitle
#0 C:\xampp\htdocs\manrisk\app\Views\templates\index.php(21): CodeIgniter\Debug\Exceptions->errorHandler(8, 'Undefined varia...', 'C:\\xampp\\htdocs...', 21, Array)
#1 C:\xampp\htdocs\manrisk\system\View\View.php(210): include('C:\\xampp\\htdocs...')
#2 C:\xampp\htdocs\manrisk\system\View\View.php(213): CodeIgniter\View\View->CodeIgniter\View\{closure}()
#3 C:\xampp\htdocs\manrisk\system\View\View.php(226): CodeIgniter\View\View->render('templates/index', Array, true)
#4 C:\xampp\htdocs\manrisk\system\Common.php(1089): CodeIgniter\View\View->render('admin/daftar-pe...', Array, true)
#5 C:\xampp\htdocs\manrisk\app\Controllers\Admin.php(40): view('admin/daftar-pe...', Array)
#6 C:\xampp\htdocs\manrisk\system\CodeIgniter.php(832): App\Controllers\Admin->daftarPengguna()
#7 C:\xampp\htdocs\manrisk\system\CodeIgniter.php(419): CodeIgniter\CodeIgniter->runController(Object(App\Controllers\Admin))
#8 C:\xampp\htdocs\manrisk\system\CodeIgniter.php(326): CodeIgniter\CodeIgniter->handleRequest(NULL, Object(Config\Cache), false)
#9 C:\xampp\htdocs\manrisk\index.php(37): CodeIgniter\CodeIgniter->run()
#10 {main}
CRITICAL - 2022-03-09 11:43:06 --> Call to undefined method App\Models\KategoriRisikoModel::getPengguna
#0 C:\xampp\htdocs\manrisk\app\Controllers\Admin.php(255): CodeIgniter\Model->__call('getPengguna', Array)
#1 C:\xampp\htdocs\manrisk\system\CodeIgniter.php(832): App\Controllers\Admin->getDaftarKategori()
#2 C:\xampp\htdocs\manrisk\system\CodeIgniter.php(419): CodeIgniter\CodeIgniter->runController(Object(App\Controllers\Admin))
#3 C:\xampp\htdocs\manrisk\system\CodeIgniter.php(326): CodeIgniter\CodeIgniter->handleRequest(NULL, Object(Config\Cache), false)
#4 C:\xampp\htdocs\manrisk\index.php(37): CodeIgniter\CodeIgniter->run()
#5 {main}
CRITICAL - 2022-03-09 11:47:33 --> Call to undefined method App\Models\KategoriRisikoModel::getPengguna
#0 C:\xampp\htdocs\manrisk\app\Controllers\Admin.php(255): CodeIgniter\Model->__call('getPengguna', Array)
#1 C:\xampp\htdocs\manrisk\system\CodeIgniter.php(832): App\Controllers\Admin->getDaftarKategori()
#2 C:\xampp\htdocs\manrisk\system\CodeIgniter.php(419): CodeIgniter\CodeIgniter->runController(Object(App\Controllers\Admin))
#3 C:\xampp\htdocs\manrisk\system\CodeIgniter.php(326): CodeIgniter\CodeIgniter->handleRequest(NULL, Object(Config\Cache), false)
#4 C:\xampp\htdocs\manrisk\index.php(37): CodeIgniter\CodeIgniter->run()
#5 {main}
CRITICAL - 2022-03-09 11:47:34 --> Undefined variable: role
#0 C:\xampp\htdocs\manrisk\app\Views\Admin\form-tambah-pengguna.php(60): CodeIgniter\Debug\Exceptions->errorHandler(8, 'Undefined varia...', 'C:\\xampp\\htdocs...', 60, Array)
#1 C:\xampp\htdocs\manrisk\system\View\View.php(210): include('C:\\xampp\\htdocs...')
#2 C:\xampp\htdocs\manrisk\system\View\View.php(213): CodeIgniter\View\View->CodeIgniter\View\{closure}()
#3 C:\xampp\htdocs\manrisk\system\Common.php(1089): CodeIgniter\View\View->render('admin/form-tamb...', Array, true)
#4 C:\xampp\htdocs\manrisk\app\Controllers\Admin.php(287): view('admin/form-tamb...', Array)
#5 C:\xampp\htdocs\manrisk\system\CodeIgniter.php(832): App\Controllers\Admin->inputKategoriRisiko()
#6 C:\xampp\htdocs\manrisk\system\CodeIgniter.php(419): CodeIgniter\CodeIgniter->runController(Object(App\Controllers\Admin))
#7 C:\xampp\htdocs\manrisk\system\CodeIgniter.php(326): CodeIgniter\CodeIgniter->handleRequest(NULL, Object(Config\Cache), false)
#8 C:\xampp\htdocs\manrisk\index.php(37): CodeIgniter\CodeIgniter->run()
#9 {main}
CRITICAL - 2022-03-09 11:50:09 --> There is no data to insert.
#0 C:\xampp\htdocs\manrisk\system\BaseModel.php(718): CodeIgniter\Database\Exceptions\DataException::forEmptyDataset('insert')
#1 C:\xampp\htdocs\manrisk\system\Model.php(625): CodeIgniter\BaseModel->insert(Array, true)
#2 C:\xampp\htdocs\manrisk\app\Controllers\Admin.php(266): CodeIgniter\Model->insert(Array)
#3 C:\xampp\htdocs\manrisk\system\CodeIgniter.php(832): App\Controllers\Admin->inputKategoriRisiko()
#4 C:\xampp\htdocs\manrisk\system\CodeIgniter.php(419): CodeIgniter\CodeIgniter->runController(Object(App\Controllers\Admin))
#5 C:\xampp\htdocs\manrisk\system\CodeIgniter.php(326): CodeIgniter\CodeIgniter->handleRequest(NULL, Object(Config\Cache), false)
#6 C:\xampp\htdocs\manrisk\index.php(37): CodeIgniter\CodeIgniter->run()
#7 {main}
CRITICAL - 2022-03-09 11:51:44 --> There is no data to insert.
#0 C:\xampp\htdocs\manrisk\system\BaseModel.php(718): CodeIgniter\Database\Exceptions\DataException::forEmptyDataset('insert')
#1 C:\xampp\htdocs\manrisk\system\Model.php(625): CodeIgniter\BaseModel->insert(Array, true)
#2 C:\xampp\htdocs\manrisk\app\Controllers\Admin.php(266): CodeIgniter\Model->insert(Array)
#3 C:\xampp\htdocs\manrisk\system\CodeIgniter.php(832): App\Controllers\Admin->inputKategoriRisiko()
#4 C:\xampp\htdocs\manrisk\system\CodeIgniter.php(419): CodeIgniter\CodeIgniter->runController(Object(App\Controllers\Admin))
#5 C:\xampp\htdocs\manrisk\system\CodeIgniter.php(326): CodeIgniter\CodeIgniter->handleRequest(NULL, Object(Config\Cache), false)
#6 C:\xampp\htdocs\manrisk\index.php(37): CodeIgniter\CodeIgniter->run()
#7 {main}
CRITICAL - 2022-03-09 11:52:57 --> Call to undefined method App\Models\KategoriRisikoModel::getPengguna
#0 C:\xampp\htdocs\manrisk\app\Controllers\Admin.php(255): CodeIgniter\Model->__call('getPengguna', Array)
#1 C:\xampp\htdocs\manrisk\system\CodeIgniter.php(832): App\Controllers\Admin->getDaftarKategori()
#2 C:\xampp\htdocs\manrisk\system\CodeIgniter.php(419): CodeIgniter\CodeIgniter->runController(Object(App\Controllers\Admin))
#3 C:\xampp\htdocs\manrisk\system\CodeIgniter.php(326): CodeIgniter\CodeIgniter->handleRequest(NULL, Object(Config\Cache), false)
#4 C:\xampp\htdocs\manrisk\index.php(37): CodeIgniter\CodeIgniter->run()
#5 {main}
CRITICAL - 2022-03-09 11:53:16 --> Call to undefined method App\Models\KategoriRisikoModel::getPengguna
#0 C:\xampp\htdocs\manrisk\app\Controllers\Admin.php(255): CodeIgniter\Model->__call('getPengguna', Array)
#1 C:\xampp\htdocs\manrisk\system\CodeIgniter.php(832): App\Controllers\Admin->getDaftarKategori()
#2 C:\xampp\htdocs\manrisk\system\CodeIgniter.php(419): CodeIgniter\CodeIgniter->runController(Object(App\Controllers\Admin))
#3 C:\xampp\htdocs\manrisk\system\CodeIgniter.php(326): CodeIgniter\CodeIgniter->handleRequest(NULL, Object(Config\Cache), false)
#4 C:\xampp\htdocs\manrisk\index.php(37): CodeIgniter\CodeIgniter->run()
#5 {main}
CRITICAL - 2022-03-09 12:32:14 --> Undefined variable: kategori
#0 C:\xampp\htdocs\manrisk\app\Views\Admin\form-edit-dampak.php(46): CodeIgniter\Debug\Exceptions->errorHandler(8, 'Undefined varia...', 'C:\\xampp\\htdocs...', 46, Array)
#1 C:\xampp\htdocs\manrisk\system\View\View.php(210): include('C:\\xampp\\htdocs...')
#2 C:\xampp\htdocs\manrisk\system\View\View.php(213): CodeIgniter\View\View->CodeIgniter\View\{closure}()
#3 C:\xampp\htdocs\manrisk\system\Common.php(1089): CodeIgniter\View\View->render('admin/form-edit...', Array, true)
#4 C:\xampp\htdocs\manrisk\app\Controllers\Admin.php(414): view('admin/form-edit...', Array)
#5 C:\xampp\htdocs\manrisk\system\CodeIgniter.php(832): App\Controllers\Admin->updateAreaDampak('1')
#6 C:\xampp\htdocs\manrisk\system\CodeIgniter.php(419): CodeIgniter\CodeIgniter->runController(Object(App\Controllers\Admin))
#7 C:\xampp\htdocs\manrisk\system\CodeIgniter.php(326): CodeIgniter\CodeIgniter->handleRequest(NULL, Object(Config\Cache), false)
#8 C:\xampp\htdocs\manrisk\index.php(37): CodeIgniter\CodeIgniter->run()
#9 {main}
CRITICAL - 2022-03-09 12:50:09 --> Cannot redeclare App\Controllers\Admin::updateDataPengguna()
#0 [internal function]: CodeIgniter\Debug\Exceptions->shutdownHandler()
#1 {main}
CRITICAL - 2022-03-09 13:10:58 --> Undefined variable: Penanganan
#0 C:\xampp\htdocs\manrisk\app\Views\Admin\form-edit-penanganan.php(46): CodeIgniter\Debug\Exceptions->errorHandler(8, 'Undefined varia...', 'C:\\xampp\\htdocs...', 46, Array)
#1 C:\xampp\htdocs\manrisk\system\View\View.php(210): include('C:\\xampp\\htdocs...')
#2 C:\xampp\htdocs\manrisk\system\View\View.php(213): CodeIgniter\View\View->CodeIgniter\View\{closure}()
#3 C:\xampp\htdocs\manrisk\system\Common.php(1089): CodeIgniter\View\View->render('admin/form-edit...', Array, true)
#4 C:\xampp\htdocs\manrisk\app\Controllers\Admin.php(504): view('admin/form-edit...', Array)
#5 C:\xampp\htdocs\manrisk\system\CodeIgniter.php(832): App\Controllers\Admin->updateOpsiPenanganan('1')
#6 C:\xampp\htdocs\manrisk\system\CodeIgniter.php(419): CodeIgniter\CodeIgniter->runController(Object(App\Controllers\Admin))
#7 C:\xampp\htdocs\manrisk\system\CodeIgniter.php(326): CodeIgniter\CodeIgniter->handleRequest(NULL, Object(Config\Cache), false)
#8 C:\xampp\htdocs\manrisk\index.php(37): CodeIgniter\CodeIgniter->run()
#9 {main}
CRITICAL - 2022-03-09 13:18:20 --> Invalid file: templates/header.php
#0 C:\xampp\htdocs\manrisk\system\View\View.php(198): CodeIgniter\Exceptions\FrameworkException::forInvalidFile('templates/heade...')
#1 C:\xampp\htdocs\manrisk\system\View\View.php(424): CodeIgniter\View\View->render('templates/heade...', NULL, true)
#2 C:\xampp\htdocs\manrisk\app\Views\templates_admin\index.php(1): CodeIgniter\View\View->include('templates/heade...')
#3 C:\xampp\htdocs\manrisk\system\View\View.php(210): include('C:\\xampp\\htdocs...')
#4 C:\xampp\htdocs\manrisk\system\View\View.php(213): CodeIgniter\View\View->CodeIgniter\View\{closure}()
#5 C:\xampp\htdocs\manrisk\system\View\View.php(226): CodeIgniter\View\View->render('templates_admin...', Array, true)
#6 C:\xampp\htdocs\manrisk\system\Common.php(1089): CodeIgniter\View\View->render('admin/daftar-pe...', Array, true)
#7 C:\xampp\htdocs\manrisk\app\Controllers\Admin.php(41): view('admin/daftar-pe...', Array)
#8 C:\xampp\htdocs\manrisk\system\CodeIgniter.php(832): App\Controllers\Admin->daftarPengguna()
#9 C:\xampp\htdocs\manrisk\system\CodeIgniter.php(419): CodeIgniter\CodeIgniter->runController(Object(App\Controllers\Admin))
#10 C:\xampp\htdocs\manrisk\system\CodeIgniter.php(326): CodeIgniter\CodeIgniter->handleRequest(NULL, Object(Config\Cache), false)
#11 C:\xampp\htdocs\manrisk\index.php(37): CodeIgniter\CodeIgniter->run()
#12 {main}
CRITICAL - 2022-03-09 22:13:24 --> Invalid file: templates/auth/index.php
#0 C:\xampp\htdocs\manrisk\system\View\View.php(198): CodeIgniter\Exceptions\FrameworkException::forInvalidFile('templates/auth/...')
#1 C:\xampp\htdocs\manrisk\system\View\View.php(226): CodeIgniter\View\View->render('templates/auth/...', Array, true)
#2 C:\xampp\htdocs\manrisk\system\Common.php(1089): CodeIgniter\View\View->render('auth/login', Array, true)
#3 C:\xampp\htdocs\manrisk\app\Controllers\auth.php(20): view('auth/login')
#4 C:\xampp\htdocs\manrisk\system\CodeIgniter.php(832): App\Controllers\Auth->index()
#5 C:\xampp\htdocs\manrisk\system\CodeIgniter.php(419): CodeIgniter\CodeIgniter->runController(Object(App\Controllers\Auth))
#6 C:\xampp\htdocs\manrisk\system\CodeIgniter.php(326): CodeIgniter\CodeIgniter->handleRequest(NULL, Object(Config\Cache), false)
#7 C:\xampp\htdocs\manrisk\index.php(37): CodeIgniter\CodeIgniter->run()
#8 {main}
CRITICAL - 2022-03-09 22:37:25 --> Invalid file: templates_admin/header.php
#0 C:\xampp\htdocs\manrisk\system\View\View.php(198): CodeIgniter\Exceptions\FrameworkException::forInvalidFile('templates_admin...')
#1 C:\xampp\htdocs\manrisk\system\View\View.php(424): CodeIgniter\View\View->render('templates_admin...', NULL, true)
#2 C:\xampp\htdocs\manrisk\app\Views\templates\index.php(1): CodeIgniter\View\View->include('templates_admin...')
#3 C:\xampp\htdocs\manrisk\system\View\View.php(210): include('C:\\xampp\\htdocs...')
#4 C:\xampp\htdocs\manrisk\system\View\View.php(213): CodeIgniter\View\View->CodeIgniter\View\{closure}()
#5 C:\xampp\htdocs\manrisk\system\View\View.php(226): CodeIgniter\View\View->render('templates/index', Array, true)
#6 C:\xampp\htdocs\manrisk\system\Common.php(1089): CodeIgniter\View\View->render('admin/daftar-pe...', Array, true)
#7 C:\xampp\htdocs\manrisk\app\Controllers\Admin.php(41): view('admin/daftar-pe...', Array)
#8 C:\xampp\htdocs\manrisk\system\CodeIgniter.php(832): App\Controllers\Admin->daftarPengguna()
#9 C:\xampp\htdocs\manrisk\system\CodeIgniter.php(419): CodeIgniter\CodeIgniter->runController(Object(App\Controllers\Admin))
#10 C:\xampp\htdocs\manrisk\system\CodeIgniter.php(326): CodeIgniter\CodeIgniter->handleRequest(NULL, Object(Config\Cache), false)
#11 C:\xampp\htdocs\manrisk\index.php(37): CodeIgniter\CodeIgniter->run()
#12 {main}
CRITICAL - 2022-03-09 22:37:48 --> Invalid file: templates_admin/header.php
#0 C:\xampp\htdocs\manrisk\system\View\View.php(198): CodeIgniter\Exceptions\FrameworkException::forInvalidFile('templates_admin...')
#1 C:\xampp\htdocs\manrisk\system\View\View.php(424): CodeIgniter\View\View->render('templates_admin...', NULL, true)
#2 C:\xampp\htdocs\manrisk\app\Views\templates\index.php(1): CodeIgniter\View\View->include('templates_admin...')
#3 C:\xampp\htdocs\manrisk\system\View\View.php(210): include('C:\\xampp\\htdocs...')
#4 C:\xampp\htdocs\manrisk\system\View\View.php(213): CodeIgniter\View\View->CodeIgniter\View\{closure}()
#5 C:\xampp\htdocs\manrisk\system\View\View.php(226): CodeIgniter\View\View->render('templates/index', Array, true)
#6 C:\xampp\htdocs\manrisk\system\Common.php(1089): CodeIgniter\View\View->render('admin/daftar-pe...', Array, true)
#7 C:\xampp\htdocs\manrisk\app\Controllers\Admin.php(41): view('admin/daftar-pe...', Array)
#8 C:\xampp\htdocs\manrisk\system\CodeIgniter.php(832): App\Controllers\Admin->daftarPengguna()
#9 C:\xampp\htdocs\manrisk\system\CodeIgniter.php(419): CodeIgniter\CodeIgniter->runController(Object(App\Controllers\Admin))
#10 C:\xampp\htdocs\manrisk\system\CodeIgniter.php(326): CodeIgniter\CodeIgniter->handleRequest(NULL, Object(Config\Cache), false)
#11 C:\xampp\htdocs\manrisk\index.php(37): CodeIgniter\CodeIgniter->run()
#12 {main}
CRITICAL - 2022-03-09 22:38:28 --> Invalid file: templates_admin/footer.php
#0 C:\xampp\htdocs\manrisk\system\View\View.php(198): CodeIgniter\Exceptions\FrameworkException::forInvalidFile('templates_admin...')
#1 C:\xampp\htdocs\manrisk\system\View\View.php(424): CodeIgniter\View\View->render('templates_admin...', NULL, true)
#2 C:\xampp\htdocs\manrisk\app\Views\templates\index.php(32): CodeIgniter\View\View->include('templates_admin...')
#3 C:\xampp\htdocs\manrisk\system\View\View.php(210): include('C:\\xampp\\htdocs...')
#4 C:\xampp\htdocs\manrisk\system\View\View.php(213): CodeIgniter\View\View->CodeIgniter\View\{closure}()
#5 C:\xampp\htdocs\manrisk\system\View\View.php(226): CodeIgniter\View\View->render('templates/index', Array, true)
#6 C:\xampp\htdocs\manrisk\system\Common.php(1089): CodeIgniter\View\View->render('admin/daftar-pe...', Array, true)
#7 C:\xampp\htdocs\manrisk\app\Controllers\Admin.php(41): view('admin/daftar-pe...', Array)
#8 C:\xampp\htdocs\manrisk\system\CodeIgniter.php(832): App\Controllers\Admin->daftarPengguna()
#9 C:\xampp\htdocs\manrisk\system\CodeIgniter.php(419): CodeIgniter\CodeIgniter->runController(Object(App\Controllers\Admin))
#10 C:\xampp\htdocs\manrisk\system\CodeIgniter.php(326): CodeIgniter\CodeIgniter->handleRequest(NULL, Object(Config\Cache), false)
#11 C:\xampp\htdocs\manrisk\index.php(37): CodeIgniter\CodeIgniter->run()
#12 {main}
