CRITICAL - 2022-03-05 02:58:10 --> Invalid file: admin/daftar-penanganan.php
#0 C:\xampp\htdocs\manrisk\system\View\View.php(198): CodeIgniter\Exceptions\FrameworkException::forInvalidFile('admin/daftar-pe...')
#1 C:\xampp\htdocs\manrisk\system\Common.php(1089): CodeIgniter\View\View->render('admin/daftar-pe...', Array, true)
#2 C:\xampp\htdocs\manrisk\app\Controllers\Admin.php(29): view('admin/daftar-pe...')
#3 C:\xampp\htdocs\manrisk\system\CodeIgniter.php(832): App\Controllers\Admin->daftarPenanganan()
#4 C:\xampp\htdocs\manrisk\system\CodeIgniter.php(419): CodeIgniter\CodeIgniter->runController(Object(App\Controllers\Admin))
#5 C:\xampp\htdocs\manrisk\system\CodeIgniter.php(326): CodeIgniter\CodeIgniter->handleRequest(NULL, Object(Config\Cache), false)
#6 C:\xampp\htdocs\manrisk\index.php(37): CodeIgniter\CodeIgniter->run()
#7 {main}
CRITICAL - 2022-03-05 15:32:32 --> Trait 'App\Controllers\ResponseTrait' not found
#0 [internal function]: CodeIgniter\Debug\Exceptions->shutdownHandler()
#1 {main}
CRITICAL - 2022-03-05 15:34:53 --> Argument 1 passed to CodeIgniter\Database\BaseBuilder::join() must be of the type string, object given, called in C:\xampp\htdocs\manrisk\system\Model.php on line 728
#0 C:\xampp\htdocs\manrisk\system\Model.php(728): CodeIgniter\Database\BaseBuilder->join(Object(CodeIgniter\Database\MySQLi\Builder), 'role_pengguna.i...')
#1 C:\xampp\htdocs\manrisk\app\Models\PenggunaModel.php(20): CodeIgniter\Model->__call('join', Array)
#2 C:\xampp\htdocs\manrisk\app\Controllers\Admin.php(28): App\Models\PenggunaModel->getPengguna()
#3 C:\xampp\htdocs\manrisk\system\CodeIgniter.php(832): App\Controllers\Admin->daftarPengguna()
#4 C:\xampp\htdocs\manrisk\system\CodeIgniter.php(419): CodeIgniter\CodeIgniter->runController(Object(App\Controllers\Admin))
#5 C:\xampp\htdocs\manrisk\system\CodeIgniter.php(326): CodeIgniter\CodeIgniter->handleRequest(NULL, Object(Config\Cache), false)
#6 C:\xampp\htdocs\manrisk\index.php(37): CodeIgniter\CodeIgniter->run()
#7 {main}
CRITICAL - 2022-03-05 15:39:04 --> Object of class CodeIgniter\Database\MySQLi\Builder could not be converted to string
#0 C:\xampp\htdocs\manrisk\app\Controllers\Admin.php(28): CodeIgniter\Debug\Exceptions->errorHandler(4096, 'Object of class...', 'C:\\xampp\\htdocs...', 28, Array)
#1 C:\xampp\htdocs\manrisk\system\CodeIgniter.php(832): App\Controllers\Admin->daftarPengguna()
#2 C:\xampp\htdocs\manrisk\system\CodeIgniter.php(419): CodeIgniter\CodeIgniter->runController(Object(App\Controllers\Admin))
#3 C:\xampp\htdocs\manrisk\system\CodeIgniter.php(326): CodeIgniter\CodeIgniter->handleRequest(NULL, Object(Config\Cache), false)
#4 C:\xampp\htdocs\manrisk\index.php(37): CodeIgniter\CodeIgniter->run()
#5 {main}
CRITICAL - 2022-03-05 15:41:18 --> You must set the database table to be used with your query.
#0 C:\xampp\htdocs\manrisk\system\Model.php(545): CodeIgniter\Database\BaseConnection->table(NULL)
#1 C:\xampp\htdocs\manrisk\app\Models\PenggunaModel.php(12): CodeIgniter\Model->builder()
#2 C:\xampp\htdocs\manrisk\app\Controllers\Admin.php(28): App\Models\PenggunaModel->getPengguna()
#3 C:\xampp\htdocs\manrisk\system\CodeIgniter.php(832): App\Controllers\Admin->daftarPengguna()
#4 C:\xampp\htdocs\manrisk\system\CodeIgniter.php(419): CodeIgniter\CodeIgniter->runController(Object(App\Controllers\Admin))
#5 C:\xampp\htdocs\manrisk\system\CodeIgniter.php(326): CodeIgniter\CodeIgniter->handleRequest(NULL, Object(Config\Cache), false)
#6 C:\xampp\htdocs\manrisk\index.php(37): CodeIgniter\CodeIgniter->run()
#7 {main}
CRITICAL - 2022-03-05 15:45:52 --> Call to undefined method CodeIgniter\Database\MySQLi\Connection::select()
#0 C:\xampp\htdocs\manrisk\app\Controllers\Admin.php(28): App\Models\PenggunaModel->getPengguna()
#1 C:\xampp\htdocs\manrisk\system\CodeIgniter.php(832): App\Controllers\Admin->daftarPengguna()
#2 C:\xampp\htdocs\manrisk\system\CodeIgniter.php(419): CodeIgniter\CodeIgniter->runController(Object(App\Controllers\Admin))
#3 C:\xampp\htdocs\manrisk\system\CodeIgniter.php(326): CodeIgniter\CodeIgniter->handleRequest(NULL, Object(Config\Cache), false)
#4 C:\xampp\htdocs\manrisk\index.php(37): CodeIgniter\CodeIgniter->run()
#5 {main}
CRITICAL - 2022-03-05 15:48:20 --> syntax error, unexpected '}', expecting ';'
#0 C:\xampp\htdocs\manrisk\system\Autoloader\Autoloader.php(241): CodeIgniter\Autoloader\Autoloader->includeFile('C:\\xampp\\htdocs...')
#1 C:\xampp\htdocs\manrisk\system\Autoloader\Autoloader.php(219): CodeIgniter\Autoloader\Autoloader->loadInNamespace('App\\Models\\Peng...')
#2 [internal function]: CodeIgniter\Autoloader\Autoloader->loadClass('App\\Models\\Peng...')
#3 C:\xampp\htdocs\manrisk\app\Controllers\Admin.php(16): spl_autoload_call('App\\Models\\Peng...')
#4 C:\xampp\htdocs\manrisk\system\CodeIgniter.php(809): App\Controllers\Admin->__construct()
#5 C:\xampp\htdocs\manrisk\system\CodeIgniter.php(410): CodeIgniter\CodeIgniter->createController()
#6 C:\xampp\htdocs\manrisk\system\CodeIgniter.php(326): CodeIgniter\CodeIgniter->handleRequest(NULL, Object(Config\Cache), false)
#7 C:\xampp\htdocs\manrisk\index.php(37): CodeIgniter\CodeIgniter->run()
#8 {main}
