CRITICAL - 2022-05-23 13:01:25 --> Undefined offset: 0
#0 C:\xampp\htdocs\manrisk\app\Views\PengelolaRisiko\form-edit-kriteria-kemungkinan.php(57): CodeIgniter\Debug\Exceptions->errorHandler(8, 'Undefined offse...', 'C:\\xampp\\htdocs...', 57, Array)
#1 C:\xampp\htdocs\manrisk\system\View\View.php(210): include('C:\\xampp\\htdocs...')
#2 C:\xampp\htdocs\manrisk\system\View\View.php(213): CodeIgniter\View\View->CodeIgniter\View\{closure}()
#3 C:\xampp\htdocs\manrisk\system\Common.php(1089): CodeIgniter\View\View->render('PengelolaRisiko...', Array, true)
#4 C:\xampp\htdocs\manrisk\app\Controllers\PengelolaRisiko.php(2437): view('PengelolaRisiko...', Array)
#5 C:\xampp\htdocs\manrisk\system\CodeIgniter.php(832): App\Controllers\PengelolaRisiko->updateKriteriaKemungkinan('getLevelRisiko')
#6 C:\xampp\htdocs\manrisk\system\CodeIgniter.php(419): CodeIgniter\CodeIgniter->runController(Object(App\Controllers\PengelolaRisiko))
#7 C:\xampp\htdocs\manrisk\system\CodeIgniter.php(326): CodeIgniter\CodeIgniter->handleRequest(NULL, Object(Config\Cache), false)
#8 C:\xampp\htdocs\manrisk\index.php(37): CodeIgniter\CodeIgniter->run()
#9 {main}
CRITICAL - 2022-05-23 13:01:25 --> Undefined offset: 0
#0 C:\xampp\htdocs\manrisk\app\Views\PengelolaRisiko\form-edit-kriteria-kemungkinan.php(57): CodeIgniter\Debug\Exceptions->errorHandler(8, 'Undefined offse...', 'C:\\xampp\\htdocs...', 57, Array)
#1 C:\xampp\htdocs\manrisk\system\View\View.php(210): include('C:\\xampp\\htdocs...')
#2 C:\xampp\htdocs\manrisk\system\View\View.php(213): CodeIgniter\View\View->CodeIgniter\View\{closure}()
#3 C:\xampp\htdocs\manrisk\system\Common.php(1089): CodeIgniter\View\View->render('PengelolaRisiko...', Array, true)
#4 C:\xampp\htdocs\manrisk\app\Controllers\PengelolaRisiko.php(2437): view('PengelolaRisiko...', Array)
#5 C:\xampp\htdocs\manrisk\system\CodeIgniter.php(832): App\Controllers\PengelolaRisiko->updateKriteriaKemungkinan('getPenangananRi...')
#6 C:\xampp\htdocs\manrisk\system\CodeIgniter.php(419): CodeIgniter\CodeIgniter->runController(Object(App\Controllers\PengelolaRisiko))
#7 C:\xampp\htdocs\manrisk\system\CodeIgniter.php(326): CodeIgniter\CodeIgniter->handleRequest(NULL, Object(Config\Cache), false)
#8 C:\xampp\htdocs\manrisk\index.php(37): CodeIgniter\CodeIgniter->run()
#9 {main}
CRITICAL - 2022-05-23 13:01:25 --> Undefined offset: 0
#0 C:\xampp\htdocs\manrisk\app\Views\PengelolaRisiko\form-edit-kriteria-kemungkinan.php(57): CodeIgniter\Debug\Exceptions->errorHandler(8, 'Undefined offse...', 'C:\\xampp\\htdocs...', 57, Array)
#1 C:\xampp\htdocs\manrisk\system\View\View.php(210): include('C:\\xampp\\htdocs...')
#2 C:\xampp\htdocs\manrisk\system\View\View.php(213): CodeIgniter\View\View->CodeIgniter\View\{closure}()
#3 C:\xampp\htdocs\manrisk\system\Common.php(1089): CodeIgniter\View\View->render('PengelolaRisiko...', Array, true)
#4 C:\xampp\htdocs\manrisk\app\Controllers\PengelolaRisiko.php(2437): view('PengelolaRisiko...', Array)
#5 C:\xampp\htdocs\manrisk\system\CodeIgniter.php(832): App\Controllers\PengelolaRisiko->updateKriteriaKemungkinan('getRisikoByKepu...')
#6 C:\xampp\htdocs\manrisk\system\CodeIgniter.php(419): CodeIgniter\CodeIgniter->runController(Object(App\Controllers\PengelolaRisiko))
#7 C:\xampp\htdocs\manrisk\system\CodeIgniter.php(326): CodeIgniter\CodeIgniter->handleRequest(NULL, Object(Config\Cache), false)
#8 C:\xampp\htdocs\manrisk\index.php(37): CodeIgniter\CodeIgniter->run()
#9 {main}
CRITICAL - 2022-05-23 13:01:25 --> Undefined offset: 0
#0 C:\xampp\htdocs\manrisk\app\Views\PengelolaRisiko\form-edit-kriteria-kemungkinan.php(57): CodeIgniter\Debug\Exceptions->errorHandler(8, 'Undefined offse...', 'C:\\xampp\\htdocs...', 57, Array)
#1 C:\xampp\htdocs\manrisk\system\View\View.php(210): include('C:\\xampp\\htdocs...')
#2 C:\xampp\htdocs\manrisk\system\View\View.php(213): CodeIgniter\View\View->CodeIgniter\View\{closure}()
#3 C:\xampp\htdocs\manrisk\system\Common.php(1089): CodeIgniter\View\View->render('PengelolaRisiko...', Array, true)
#4 C:\xampp\htdocs\manrisk\app\Controllers\PengelolaRisiko.php(2437): view('PengelolaRisiko...', Array)
#5 C:\xampp\htdocs\manrisk\system\CodeIgniter.php(832): App\Controllers\PengelolaRisiko->updateKriteriaKemungkinan('getSeleraRisiko')
#6 C:\xampp\htdocs\manrisk\system\CodeIgniter.php(419): CodeIgniter\CodeIgniter->runController(Object(App\Controllers\PengelolaRisiko))
#7 C:\xampp\htdocs\manrisk\system\CodeIgniter.php(326): CodeIgniter\CodeIgniter->handleRequest(NULL, Object(Config\Cache), false)
#8 C:\xampp\htdocs\manrisk\index.php(37): CodeIgniter\CodeIgniter->run()
#9 {main}
CRITICAL - 2022-05-23 13:01:25 --> Undefined offset: 0
#0 C:\xampp\htdocs\manrisk\app\Views\PengelolaRisiko\form-edit-kriteria-kemungkinan.php(57): CodeIgniter\Debug\Exceptions->errorHandler(8, 'Undefined offse...', 'C:\\xampp\\htdocs...', 57, Array)
#1 C:\xampp\htdocs\manrisk\system\View\View.php(210): include('C:\\xampp\\htdocs...')
#2 C:\xampp\htdocs\manrisk\system\View\View.php(213): CodeIgniter\View\View->CodeIgniter\View\{closure}()
#3 C:\xampp\htdocs\manrisk\system\Common.php(1089): CodeIgniter\View\View->render('PengelolaRisiko...', Array, true)
#4 C:\xampp\htdocs\manrisk\app\Controllers\PengelolaRisiko.php(2437): view('PengelolaRisiko...', Array)
#5 C:\xampp\htdocs\manrisk\system\CodeIgniter.php(832): App\Controllers\PengelolaRisiko->updateKriteriaKemungkinan('getMatriksRisik...')
#6 C:\xampp\htdocs\manrisk\system\CodeIgniter.php(419): CodeIgniter\CodeIgniter->runController(Object(App\Controllers\PengelolaRisiko))
#7 C:\xampp\htdocs\manrisk\system\CodeIgniter.php(326): CodeIgniter\CodeIgniter->handleRequest(NULL, Object(Config\Cache), false)
#8 C:\xampp\htdocs\manrisk\index.php(37): CodeIgniter\CodeIgniter->run()
#9 {main}
CRITICAL - 2022-05-23 13:01:25 --> Undefined offset: 0
#0 C:\xampp\htdocs\manrisk\app\Views\PengelolaRisiko\form-edit-kriteria-kemungkinan.php(57): CodeIgniter\Debug\Exceptions->errorHandler(8, 'Undefined offse...', 'C:\\xampp\\htdocs...', 57, Array)
#1 C:\xampp\htdocs\manrisk\system\View\View.php(210): include('C:\\xampp\\htdocs...')
#2 C:\xampp\htdocs\manrisk\system\View\View.php(213): CodeIgniter\View\View->CodeIgniter\View\{closure}()
#3 C:\xampp\htdocs\manrisk\system\Common.php(1089): CodeIgniter\View\View->render('PengelolaRisiko...', Array, true)
#4 C:\xampp\htdocs\manrisk\app\Controllers\PengelolaRisiko.php(2437): view('PengelolaRisiko...', Array)
#5 C:\xampp\htdocs\manrisk\system\CodeIgniter.php(832): App\Controllers\PengelolaRisiko->updateKriteriaKemungkinan('getPenilaianRis...')
#6 C:\xampp\htdocs\manrisk\system\CodeIgniter.php(419): CodeIgniter\CodeIgniter->runController(Object(App\Controllers\PengelolaRisiko))
#7 C:\xampp\htdocs\manrisk\system\CodeIgniter.php(326): CodeIgniter\CodeIgniter->handleRequest(NULL, Object(Config\Cache), false)
#8 C:\xampp\htdocs\manrisk\index.php(37): CodeIgniter\CodeIgniter->run()
#9 {main}
CRITICAL - 2022-05-23 13:01:26 --> Undefined offset: 0
#0 C:\xampp\htdocs\manrisk\app\Views\PengelolaRisiko\form-edit-kriteria-kemungkinan.php(57): CodeIgniter\Debug\Exceptions->errorHandler(8, 'Undefined offse...', 'C:\\xampp\\htdocs...', 57, Array)
#1 C:\xampp\htdocs\manrisk\system\View\View.php(210): include('C:\\xampp\\htdocs...')
#2 C:\xampp\htdocs\manrisk\system\View\View.php(213): CodeIgniter\View\View->CodeIgniter\View\{closure}()
#3 C:\xampp\htdocs\manrisk\system\Common.php(1089): CodeIgniter\View\View->render('PengelolaRisiko...', Array, true)
#4 C:\xampp\htdocs\manrisk\app\Controllers\PengelolaRisiko.php(2437): view('PengelolaRisiko...', Array)
#5 C:\xampp\htdocs\manrisk\system\CodeIgniter.php(832): App\Controllers\PengelolaRisiko->updateKriteriaKemungkinan('getInformasiUmu...')
#6 C:\xampp\htdocs\manrisk\system\CodeIgniter.php(419): CodeIgniter\CodeIgniter->runController(Object(App\Controllers\PengelolaRisiko))
#7 C:\xampp\htdocs\manrisk\system\CodeIgniter.php(326): CodeIgniter\CodeIgniter->handleRequest(NULL, Object(Config\Cache), false)
#8 C:\xampp\htdocs\manrisk\index.php(37): CodeIgniter\CodeIgniter->run()
#9 {main}
CRITICAL - 2022-05-23 13:01:26 --> Undefined offset: 0
#0 C:\xampp\htdocs\manrisk\app\Views\PengelolaRisiko\form-edit-kriteria-kemungkinan.php(57): CodeIgniter\Debug\Exceptions->errorHandler(8, 'Undefined offse...', 'C:\\xampp\\htdocs...', 57, Array)
#1 C:\xampp\htdocs\manrisk\system\View\View.php(210): include('C:\\xampp\\htdocs...')
#2 C:\xampp\htdocs\manrisk\system\View\View.php(213): CodeIgniter\View\View->CodeIgniter\View\{closure}()
#3 C:\xampp\htdocs\manrisk\system\Common.php(1089): CodeIgniter\View\View->render('PengelolaRisiko...', Array, true)
#4 C:\xampp\htdocs\manrisk\app\Controllers\PengelolaRisiko.php(2437): view('PengelolaRisiko...', Array)
#5 C:\xampp\htdocs\manrisk\system\CodeIgniter.php(832): App\Controllers\PengelolaRisiko->updateKriteriaKemungkinan('getDaftarKriter...')
#6 C:\xampp\htdocs\manrisk\system\CodeIgniter.php(419): CodeIgniter\CodeIgniter->runController(Object(App\Controllers\PengelolaRisiko))
#7 C:\xampp\htdocs\manrisk\system\CodeIgniter.php(326): CodeIgniter\CodeIgniter->handleRequest(NULL, Object(Config\Cache), false)
#8 C:\xampp\htdocs\manrisk\index.php(37): CodeIgniter\CodeIgniter->run()
#9 {main}
CRITICAL - 2022-05-23 13:01:26 --> Undefined offset: 0
#0 C:\xampp\htdocs\manrisk\app\Views\PengelolaRisiko\form-edit-kriteria-kemungkinan.php(57): CodeIgniter\Debug\Exceptions->errorHandler(8, 'Undefined offse...', 'C:\\xampp\\htdocs...', 57, Array)
#1 C:\xampp\htdocs\manrisk\system\View\View.php(210): include('C:\\xampp\\htdocs...')
#2 C:\xampp\htdocs\manrisk\system\View\View.php(213): CodeIgniter\View\View->CodeIgniter\View\{closure}()
#3 C:\xampp\htdocs\manrisk\system\Common.php(1089): CodeIgniter\View\View->render('PengelolaRisiko...', Array, true)
#4 C:\xampp\htdocs\manrisk\app\Controllers\PengelolaRisiko.php(2437): view('PengelolaRisiko...', Array)
#5 C:\xampp\htdocs\manrisk\system\CodeIgniter.php(832): App\Controllers\PengelolaRisiko->updateKriteriaKemungkinan('getDaftarPemang...')
#6 C:\xampp\htdocs\manrisk\system\CodeIgniter.php(419): CodeIgniter\CodeIgniter->runController(Object(App\Controllers\PengelolaRisiko))
#7 C:\xampp\htdocs\manrisk\system\CodeIgniter.php(326): CodeIgniter\CodeIgniter->handleRequest(NULL, Object(Config\Cache), false)
#8 C:\xampp\htdocs\manrisk\index.php(37): CodeIgniter\CodeIgniter->run()
#9 {main}
CRITICAL - 2022-05-23 13:01:26 --> Undefined offset: 0
#0 C:\xampp\htdocs\manrisk\app\Views\PengelolaRisiko\form-edit-kriteria-kemungkinan.php(57): CodeIgniter\Debug\Exceptions->errorHandler(8, 'Undefined offse...', 'C:\\xampp\\htdocs...', 57, Array)
#1 C:\xampp\htdocs\manrisk\system\View\View.php(210): include('C:\\xampp\\htdocs...')
#2 C:\xampp\htdocs\manrisk\system\View\View.php(213): CodeIgniter\View\View->CodeIgniter\View\{closure}()
#3 C:\xampp\htdocs\manrisk\system\Common.php(1089): CodeIgniter\View\View->render('PengelolaRisiko...', Array, true)
#4 C:\xampp\htdocs\manrisk\app\Controllers\PengelolaRisiko.php(2437): view('PengelolaRisiko...', Array)
#5 C:\xampp\htdocs\manrisk\system\CodeIgniter.php(832): App\Controllers\PengelolaRisiko->updateKriteriaKemungkinan('getDaftarAreaDa...')
#6 C:\xampp\htdocs\manrisk\system\CodeIgniter.php(419): CodeIgniter\CodeIgniter->runController(Object(App\Controllers\PengelolaRisiko))
#7 C:\xampp\htdocs\manrisk\system\CodeIgniter.php(326): CodeIgniter\CodeIgniter->handleRequest(NULL, Object(Config\Cache), false)
#8 C:\xampp\htdocs\manrisk\index.php(37): CodeIgniter\CodeIgniter->run()
#9 {main}
CRITICAL - 2022-05-23 13:01:26 --> Undefined offset: 0
#0 C:\xampp\htdocs\manrisk\app\Views\PengelolaRisiko\form-edit-kriteria-kemungkinan.php(57): CodeIgniter\Debug\Exceptions->errorHandler(8, 'Undefined offse...', 'C:\\xampp\\htdocs...', 57, Array)
#1 C:\xampp\htdocs\manrisk\system\View\View.php(210): include('C:\\xampp\\htdocs...')
#2 C:\xampp\htdocs\manrisk\system\View\View.php(213): CodeIgniter\View\View->CodeIgniter\View\{closure}()
#3 C:\xampp\htdocs\manrisk\system\Common.php(1089): CodeIgniter\View\View->render('PengelolaRisiko...', Array, true)
#4 C:\xampp\htdocs\manrisk\app\Controllers\PengelolaRisiko.php(2437): view('PengelolaRisiko...', Array)
#5 C:\xampp\htdocs\manrisk\system\CodeIgniter.php(832): App\Controllers\PengelolaRisiko->updateKriteriaKemungkinan('getDaftarKatego...')
#6 C:\xampp\htdocs\manrisk\system\CodeIgniter.php(419): CodeIgniter\CodeIgniter->runController(Object(App\Controllers\PengelolaRisiko))
#7 C:\xampp\htdocs\manrisk\system\CodeIgniter.php(326): CodeIgniter\CodeIgniter->handleRequest(NULL, Object(Config\Cache), false)
#8 C:\xampp\htdocs\manrisk\index.php(37): CodeIgniter\CodeIgniter->run()
#9 {main}
CRITICAL - 2022-05-23 13:01:26 --> Undefined offset: 0
#0 C:\xampp\htdocs\manrisk\app\Views\PengelolaRisiko\form-edit-kriteria-kemungkinan.php(57): CodeIgniter\Debug\Exceptions->errorHandler(8, 'Undefined offse...', 'C:\\xampp\\htdocs...', 57, Array)
#1 C:\xampp\htdocs\manrisk\system\View\View.php(210): include('C:\\xampp\\htdocs...')
#2 C:\xampp\htdocs\manrisk\system\View\View.php(213): CodeIgniter\View\View->CodeIgniter\View\{closure}()
#3 C:\xampp\htdocs\manrisk\system\Common.php(1089): CodeIgniter\View\View->render('PengelolaRisiko...', Array, true)
#4 C:\xampp\htdocs\manrisk\app\Controllers\PengelolaRisiko.php(2437): view('PengelolaRisiko...', Array)
#5 C:\xampp\htdocs\manrisk\system\CodeIgniter.php(832): App\Controllers\PengelolaRisiko->updateKriteriaKemungkinan('getDaftarKriter...')
#6 C:\xampp\htdocs\manrisk\system\CodeIgniter.php(419): CodeIgniter\CodeIgniter->runController(Object(App\Controllers\PengelolaRisiko))
#7 C:\xampp\htdocs\manrisk\system\CodeIgniter.php(326): CodeIgniter\CodeIgniter->handleRequest(NULL, Object(Config\Cache), false)
#8 C:\xampp\htdocs\manrisk\index.php(37): CodeIgniter\CodeIgniter->run()
#9 {main}
CRITICAL - 2022-05-23 13:01:26 --> Undefined offset: 0
#0 C:\xampp\htdocs\manrisk\app\Views\PengelolaRisiko\form-edit-kriteria-kemungkinan.php(57): CodeIgniter\Debug\Exceptions->errorHandler(8, 'Undefined offse...', 'C:\\xampp\\htdocs...', 57, Array)
#1 C:\xampp\htdocs\manrisk\system\View\View.php(210): include('C:\\xampp\\htdocs...')
#2 C:\xampp\htdocs\manrisk\system\View\View.php(213): CodeIgniter\View\View->CodeIgniter\View\{closure}()
#3 C:\xampp\htdocs\manrisk\system\Common.php(1089): CodeIgniter\View\View->render('PengelolaRisiko...', Array, true)
#4 C:\xampp\htdocs\manrisk\app\Controllers\PengelolaRisiko.php(2437): view('PengelolaRisiko...', Array)
#5 C:\xampp\htdocs\manrisk\system\CodeIgniter.php(832): App\Controllers\PengelolaRisiko->updateKriteriaKemungkinan('getDaftarPeratu...')
#6 C:\xampp\htdocs\manrisk\system\CodeIgniter.php(419): CodeIgniter\CodeIgniter->runController(Object(App\Controllers\PengelolaRisiko))
#7 C:\xampp\htdocs\manrisk\system\CodeIgniter.php(326): CodeIgniter\CodeIgniter->handleRequest(NULL, Object(Config\Cache), false)
#8 C:\xampp\htdocs\manrisk\index.php(37): CodeIgniter\CodeIgniter->run()
#9 {main}
CRITICAL - 2022-05-23 13:01:26 --> Undefined offset: 0
#0 C:\xampp\htdocs\manrisk\app\Views\PengelolaRisiko\form-edit-kriteria-kemungkinan.php(57): CodeIgniter\Debug\Exceptions->errorHandler(8, 'Undefined offse...', 'C:\\xampp\\htdocs...', 57, Array)
#1 C:\xampp\htdocs\manrisk\system\View\View.php(210): include('C:\\xampp\\htdocs...')
#2 C:\xampp\htdocs\manrisk\system\View\View.php(213): CodeIgniter\View\View->CodeIgniter\View\{closure}()
#3 C:\xampp\htdocs\manrisk\system\Common.php(1089): CodeIgniter\View\View->render('PengelolaRisiko...', Array, true)
#4 C:\xampp\htdocs\manrisk\app\Controllers\PengelolaRisiko.php(2437): view('PengelolaRisiko...', Array)
#5 C:\xampp\htdocs\manrisk\system\CodeIgniter.php(832): App\Controllers\PengelolaRisiko->updateKriteriaKemungkinan('getDaftarSasara...')
#6 C:\xampp\htdocs\manrisk\system\CodeIgniter.php(419): CodeIgniter\CodeIgniter->runController(Object(App\Controllers\PengelolaRisiko))
#7 C:\xampp\htdocs\manrisk\system\CodeIgniter.php(326): CodeIgniter\CodeIgniter->handleRequest(NULL, Object(Config\Cache), false)
#8 C:\xampp\htdocs\manrisk\index.php(37): CodeIgniter\CodeIgniter->run()
#9 {main}
CRITICAL - 2022-05-23 13:01:27 --> Undefined offset: 0
#0 C:\xampp\htdocs\manrisk\app\Views\PengelolaRisiko\form-edit-kriteria-kemungkinan.php(57): CodeIgniter\Debug\Exceptions->errorHandler(8, 'Undefined offse...', 'C:\\xampp\\htdocs...', 57, Array)
#1 C:\xampp\htdocs\manrisk\system\View\View.php(210): include('C:\\xampp\\htdocs...')
#2 C:\xampp\htdocs\manrisk\system\View\View.php(213): CodeIgniter\View\View->CodeIgniter\View\{closure}()
#3 C:\xampp\htdocs\manrisk\system\Common.php(1089): CodeIgniter\View\View->render('PengelolaRisiko...', Array, true)
#4 C:\xampp\htdocs\manrisk\app\Controllers\PengelolaRisiko.php(2437): view('PengelolaRisiko...', Array)
#5 C:\xampp\htdocs\manrisk\system\CodeIgniter.php(832): App\Controllers\PengelolaRisiko->updateKriteriaKemungkinan('getDaftarStrukt...')
#6 C:\xampp\htdocs\manrisk\system\CodeIgniter.php(419): CodeIgniter\CodeIgniter->runController(Object(App\Controllers\PengelolaRisiko))
#7 C:\xampp\htdocs\manrisk\system\CodeIgniter.php(326): CodeIgniter\CodeIgniter->handleRequest(NULL, Object(Config\Cache), false)
#8 C:\xampp\htdocs\manrisk\index.php(37): CodeIgniter\CodeIgniter->run()
#9 {main}
CRITICAL - 2022-05-23 13:01:27 --> Undefined offset: 0
#0 C:\xampp\htdocs\manrisk\app\Views\PengelolaRisiko\form-edit-kriteria-kemungkinan.php(57): CodeIgniter\Debug\Exceptions->errorHandler(8, 'Undefined offse...', 'C:\\xampp\\htdocs...', 57, Array)
#1 C:\xampp\htdocs\manrisk\system\View\View.php(210): include('C:\\xampp\\htdocs...')
#2 C:\xampp\htdocs\manrisk\system\View\View.php(213): CodeIgniter\View\View->CodeIgniter\View\{closure}()
#3 C:\xampp\htdocs\manrisk\system\Common.php(1089): CodeIgniter\View\View->render('PengelolaRisiko...', Array, true)
#4 C:\xampp\htdocs\manrisk\app\Controllers\PengelolaRisiko.php(2437): view('PengelolaRisiko...', Array)
#5 C:\xampp\htdocs\manrisk\system\CodeIgniter.php(832): App\Controllers\PengelolaRisiko->updateKriteriaKemungkinan('getPenilaianRis...')
#6 C:\xampp\htdocs\manrisk\system\CodeIgniter.php(419): CodeIgniter\CodeIgniter->runController(Object(App\Controllers\PengelolaRisiko))
#7 C:\xampp\htdocs\manrisk\system\CodeIgniter.php(326): CodeIgniter\CodeIgniter->handleRequest(NULL, Object(Config\Cache), false)
#8 C:\xampp\htdocs\manrisk\index.php(37): CodeIgniter\CodeIgniter->run()
#9 {main}
CRITICAL - 2022-05-23 13:01:27 --> Undefined offset: 0
#0 C:\xampp\htdocs\manrisk\app\Views\PengelolaRisiko\form-edit-kriteria-kemungkinan.php(57): CodeIgniter\Debug\Exceptions->errorHandler(8, 'Undefined offse...', 'C:\\xampp\\htdocs...', 57, Array)
#1 C:\xampp\htdocs\manrisk\system\View\View.php(210): include('C:\\xampp\\htdocs...')
#2 C:\xampp\htdocs\manrisk\system\View\View.php(213): CodeIgniter\View\View->CodeIgniter\View\{closure}()
#3 C:\xampp\htdocs\manrisk\system\Common.php(1089): CodeIgniter\View\View->render('PengelolaRisiko...', Array, true)
#4 C:\xampp\htdocs\manrisk\app\Controllers\PengelolaRisiko.php(2437): view('PengelolaRisiko...', Array)
#5 C:\xampp\htdocs\manrisk\system\CodeIgniter.php(832): App\Controllers\PengelolaRisiko->updateKriteriaKemungkinan('getPenilaianRis...')
#6 C:\xampp\htdocs\manrisk\system\CodeIgniter.php(419): CodeIgniter\CodeIgniter->runController(Object(App\Controllers\PengelolaRisiko))
#7 C:\xampp\htdocs\manrisk\system\CodeIgniter.php(326): CodeIgniter\CodeIgniter->handleRequest(NULL, Object(Config\Cache), false)
#8 C:\xampp\htdocs\manrisk\index.php(37): CodeIgniter\CodeIgniter->run()
#9 {main}
ERROR - 2022-05-23 20:44:47 --> Unknown column 'getLevelRisiko' in 'where clause'
CRITICAL - 2022-05-23 20:44:47 --> Unknown column 'getLevelRisiko' in 'where clause'
#0 C:\xampp\htdocs\manrisk\system\Database\MySQLi\Connection.php(292): mysqli->query('SELECT penilaia...', 0)
#1 C:\xampp\htdocs\manrisk\system\Database\BaseConnection.php(670): CodeIgniter\Database\MySQLi\Connection->execute('SELECT penilaia...')
#2 C:\xampp\htdocs\manrisk\system\Database\BaseConnection.php(598): CodeIgniter\Database\BaseConnection->simpleQuery('SELECT penilaia...')
#3 C:\xampp\htdocs\manrisk\app\Models\PenilaianRisikoModel.php(169): CodeIgniter\Database\BaseConnection->query('SELECT penilaia...')
#4 C:\xampp\htdocs\manrisk\app\Controllers\KoordinatorRisiko.php(1150): App\Models\PenilaianRisikoModel->getPenilaianById('getLevelRisiko')
#5 C:\xampp\htdocs\manrisk\system\CodeIgniter.php(832): App\Controllers\KoordinatorRisiko->detailRisiko('getLevelRisiko')
#6 C:\xampp\htdocs\manrisk\system\CodeIgniter.php(419): CodeIgniter\CodeIgniter->runController(Object(App\Controllers\KoordinatorRisiko))
#7 C:\xampp\htdocs\manrisk\system\CodeIgniter.php(326): CodeIgniter\CodeIgniter->handleRequest(NULL, Object(Config\Cache), false)
#8 C:\xampp\htdocs\manrisk\index.php(37): CodeIgniter\CodeIgniter->run()
#9 {main}
ERROR - 2022-05-23 20:44:47 --> Unknown column 'getPenilaianRisiko' in 'where clause'
CRITICAL - 2022-05-23 20:44:47 --> Unknown column 'getPenilaianRisiko' in 'where clause'
#0 C:\xampp\htdocs\manrisk\system\Database\MySQLi\Connection.php(292): mysqli->query('SELECT penilaia...', 0)
#1 C:\xampp\htdocs\manrisk\system\Database\BaseConnection.php(670): CodeIgniter\Database\MySQLi\Connection->execute('SELECT penilaia...')
#2 C:\xampp\htdocs\manrisk\system\Database\BaseConnection.php(598): CodeIgniter\Database\BaseConnection->simpleQuery('SELECT penilaia...')
#3 C:\xampp\htdocs\manrisk\app\Models\PenilaianRisikoModel.php(169): CodeIgniter\Database\BaseConnection->query('SELECT penilaia...')
#4 C:\xampp\htdocs\manrisk\app\Controllers\KoordinatorRisiko.php(1150): App\Models\PenilaianRisikoModel->getPenilaianById('getPenilaianRis...')
#5 C:\xampp\htdocs\manrisk\system\CodeIgniter.php(832): App\Controllers\KoordinatorRisiko->detailRisiko('getPenilaianRis...')
#6 C:\xampp\htdocs\manrisk\system\CodeIgniter.php(419): CodeIgniter\CodeIgniter->runController(Object(App\Controllers\KoordinatorRisiko))
#7 C:\xampp\htdocs\manrisk\system\CodeIgniter.php(326): CodeIgniter\CodeIgniter->handleRequest(NULL, Object(Config\Cache), false)
#8 C:\xampp\htdocs\manrisk\index.php(37): CodeIgniter\CodeIgniter->run()
#9 {main}
ERROR - 2022-05-23 20:44:47 --> Unknown column 'getInformasiUmum' in 'where clause'
CRITICAL - 2022-05-23 20:44:47 --> Unknown column 'getInformasiUmum' in 'where clause'
#0 C:\xampp\htdocs\manrisk\system\Database\MySQLi\Connection.php(292): mysqli->query('SELECT penilaia...', 0)
#1 C:\xampp\htdocs\manrisk\system\Database\BaseConnection.php(670): CodeIgniter\Database\MySQLi\Connection->execute('SELECT penilaia...')
#2 C:\xampp\htdocs\manrisk\system\Database\BaseConnection.php(598): CodeIgniter\Database\BaseConnection->simpleQuery('SELECT penilaia...')
#3 C:\xampp\htdocs\manrisk\app\Models\PenilaianRisikoModel.php(169): CodeIgniter\Database\BaseConnection->query('SELECT penilaia...')
#4 C:\xampp\htdocs\manrisk\app\Controllers\KoordinatorRisiko.php(1150): App\Models\PenilaianRisikoModel->getPenilaianById('getInformasiUmu...')
#5 C:\xampp\htdocs\manrisk\system\CodeIgniter.php(832): App\Controllers\KoordinatorRisiko->detailRisiko('getInformasiUmu...')
#6 C:\xampp\htdocs\manrisk\system\CodeIgniter.php(419): CodeIgniter\CodeIgniter->runController(Object(App\Controllers\KoordinatorRisiko))
#7 C:\xampp\htdocs\manrisk\system\CodeIgniter.php(326): CodeIgniter\CodeIgniter->handleRequest(NULL, Object(Config\Cache), false)
#8 C:\xampp\htdocs\manrisk\index.php(37): CodeIgniter\CodeIgniter->run()
#9 {main}
ERROR - 2022-05-23 20:44:48 --> Unknown column 'getMatriksRisiko' in 'where clause'
CRITICAL - 2022-05-23 20:44:48 --> Unknown column 'getMatriksRisiko' in 'where clause'
#0 C:\xampp\htdocs\manrisk\system\Database\MySQLi\Connection.php(292): mysqli->query('SELECT penilaia...', 0)
#1 C:\xampp\htdocs\manrisk\system\Database\BaseConnection.php(670): CodeIgniter\Database\MySQLi\Connection->execute('SELECT penilaia...')
#2 C:\xampp\htdocs\manrisk\system\Database\BaseConnection.php(598): CodeIgniter\Database\BaseConnection->simpleQuery('SELECT penilaia...')
#3 C:\xampp\htdocs\manrisk\app\Models\PenilaianRisikoModel.php(169): CodeIgniter\Database\BaseConnection->query('SELECT penilaia...')
#4 C:\xampp\htdocs\manrisk\app\Controllers\KoordinatorRisiko.php(1150): App\Models\PenilaianRisikoModel->getPenilaianById('getMatriksRisik...')
#5 C:\xampp\htdocs\manrisk\system\CodeIgniter.php(832): App\Controllers\KoordinatorRisiko->detailRisiko('getMatriksRisik...')
#6 C:\xampp\htdocs\manrisk\system\CodeIgniter.php(419): CodeIgniter\CodeIgniter->runController(Object(App\Controllers\KoordinatorRisiko))
#7 C:\xampp\htdocs\manrisk\system\CodeIgniter.php(326): CodeIgniter\CodeIgniter->handleRequest(NULL, Object(Config\Cache), false)
#8 C:\xampp\htdocs\manrisk\index.php(37): CodeIgniter\CodeIgniter->run()
#9 {main}
ERROR - 2022-05-23 20:44:48 --> Unknown column 'getPenangananRisiko' in 'where clause'
CRITICAL - 2022-05-23 20:44:48 --> Unknown column 'getPenangananRisiko' in 'where clause'
#0 C:\xampp\htdocs\manrisk\system\Database\MySQLi\Connection.php(292): mysqli->query('SELECT penilaia...', 0)
#1 C:\xampp\htdocs\manrisk\system\Database\BaseConnection.php(670): CodeIgniter\Database\MySQLi\Connection->execute('SELECT penilaia...')
#2 C:\xampp\htdocs\manrisk\system\Database\BaseConnection.php(598): CodeIgniter\Database\BaseConnection->simpleQuery('SELECT penilaia...')
#3 C:\xampp\htdocs\manrisk\app\Models\PenilaianRisikoModel.php(169): CodeIgniter\Database\BaseConnection->query('SELECT penilaia...')
#4 C:\xampp\htdocs\manrisk\app\Controllers\KoordinatorRisiko.php(1150): App\Models\PenilaianRisikoModel->getPenilaianById('getPenangananRi...')
#5 C:\xampp\htdocs\manrisk\system\CodeIgniter.php(832): App\Controllers\KoordinatorRisiko->detailRisiko('getPenangananRi...')
#6 C:\xampp\htdocs\manrisk\system\CodeIgniter.php(419): CodeIgniter\CodeIgniter->runController(Object(App\Controllers\KoordinatorRisiko))
#7 C:\xampp\htdocs\manrisk\system\CodeIgniter.php(326): CodeIgniter\CodeIgniter->handleRequest(NULL, Object(Config\Cache), false)
#8 C:\xampp\htdocs\manrisk\index.php(37): CodeIgniter\CodeIgniter->run()
#9 {main}
ERROR - 2022-05-23 20:44:48 --> Unknown column 'getSeleraRisiko' in 'where clause'
CRITICAL - 2022-05-23 20:44:48 --> Unknown column 'getSeleraRisiko' in 'where clause'
#0 C:\xampp\htdocs\manrisk\system\Database\MySQLi\Connection.php(292): mysqli->query('SELECT penilaia...', 0)
#1 C:\xampp\htdocs\manrisk\system\Database\BaseConnection.php(670): CodeIgniter\Database\MySQLi\Connection->execute('SELECT penilaia...')
#2 C:\xampp\htdocs\manrisk\system\Database\BaseConnection.php(598): CodeIgniter\Database\BaseConnection->simpleQuery('SELECT penilaia...')
#3 C:\xampp\htdocs\manrisk\app\Models\PenilaianRisikoModel.php(169): CodeIgniter\Database\BaseConnection->query('SELECT penilaia...')
#4 C:\xampp\htdocs\manrisk\app\Controllers\KoordinatorRisiko.php(1150): App\Models\PenilaianRisikoModel->getPenilaianById('getSeleraRisiko')
#5 C:\xampp\htdocs\manrisk\system\CodeIgniter.php(832): App\Controllers\KoordinatorRisiko->detailRisiko('getSeleraRisiko')
#6 C:\xampp\htdocs\manrisk\system\CodeIgniter.php(419): CodeIgniter\CodeIgniter->runController(Object(App\Controllers\KoordinatorRisiko))
#7 C:\xampp\htdocs\manrisk\system\CodeIgniter.php(326): CodeIgniter\CodeIgniter->handleRequest(NULL, Object(Config\Cache), false)
#8 C:\xampp\htdocs\manrisk\index.php(37): CodeIgniter\CodeIgniter->run()
#9 {main}
ERROR - 2022-05-23 20:44:48 --> Unknown column 'getDaftarPemangkuKepentingan' in 'where clause'
CRITICAL - 2022-05-23 20:44:48 --> Unknown column 'getDaftarPemangkuKepentingan' in 'where clause'
#0 C:\xampp\htdocs\manrisk\system\Database\MySQLi\Connection.php(292): mysqli->query('SELECT penilaia...', 0)
#1 C:\xampp\htdocs\manrisk\system\Database\BaseConnection.php(670): CodeIgniter\Database\MySQLi\Connection->execute('SELECT penilaia...')
#2 C:\xampp\htdocs\manrisk\system\Database\BaseConnection.php(598): CodeIgniter\Database\BaseConnection->simpleQuery('SELECT penilaia...')
#3 C:\xampp\htdocs\manrisk\app\Models\PenilaianRisikoModel.php(169): CodeIgniter\Database\BaseConnection->query('SELECT penilaia...')
#4 C:\xampp\htdocs\manrisk\app\Controllers\KoordinatorRisiko.php(1150): App\Models\PenilaianRisikoModel->getPenilaianById('getDaftarPemang...')
#5 C:\xampp\htdocs\manrisk\system\CodeIgniter.php(832): App\Controllers\KoordinatorRisiko->detailRisiko('getDaftarPemang...')
#6 C:\xampp\htdocs\manrisk\system\CodeIgniter.php(419): CodeIgniter\CodeIgniter->runController(Object(App\Controllers\KoordinatorRisiko))
#7 C:\xampp\htdocs\manrisk\system\CodeIgniter.php(326): CodeIgniter\CodeIgniter->handleRequest(NULL, Object(Config\Cache), false)
#8 C:\xampp\htdocs\manrisk\index.php(37): CodeIgniter\CodeIgniter->run()
#9 {main}
ERROR - 2022-05-23 20:44:48 --> Unknown column 'getDaftarKriteriaDampak' in 'where clause'
CRITICAL - 2022-05-23 20:44:48 --> Unknown column 'getDaftarKriteriaDampak' in 'where clause'
#0 C:\xampp\htdocs\manrisk\system\Database\MySQLi\Connection.php(292): mysqli->query('SELECT penilaia...', 0)
#1 C:\xampp\htdocs\manrisk\system\Database\BaseConnection.php(670): CodeIgniter\Database\MySQLi\Connection->execute('SELECT penilaia...')
#2 C:\xampp\htdocs\manrisk\system\Database\BaseConnection.php(598): CodeIgniter\Database\BaseConnection->simpleQuery('SELECT penilaia...')
#3 C:\xampp\htdocs\manrisk\app\Models\PenilaianRisikoModel.php(169): CodeIgniter\Database\BaseConnection->query('SELECT penilaia...')
#4 C:\xampp\htdocs\manrisk\app\Controllers\KoordinatorRisiko.php(1150): App\Models\PenilaianRisikoModel->getPenilaianById('getDaftarKriter...')
#5 C:\xampp\htdocs\manrisk\system\CodeIgniter.php(832): App\Controllers\KoordinatorRisiko->detailRisiko('getDaftarKriter...')
#6 C:\xampp\htdocs\manrisk\system\CodeIgniter.php(419): CodeIgniter\CodeIgniter->runController(Object(App\Controllers\KoordinatorRisiko))
#7 C:\xampp\htdocs\manrisk\system\CodeIgniter.php(326): CodeIgniter\CodeIgniter->handleRequest(NULL, Object(Config\Cache), false)
#8 C:\xampp\htdocs\manrisk\index.php(37): CodeIgniter\CodeIgniter->run()
#9 {main}
ERROR - 2022-05-23 20:44:49 --> Unknown column 'getDaftarAreaDampakRisikoTerpilih' in 'where clause'
CRITICAL - 2022-05-23 20:44:49 --> Unknown column 'getDaftarAreaDampakRisikoTerpilih' in 'where clause'
#0 C:\xampp\htdocs\manrisk\system\Database\MySQLi\Connection.php(292): mysqli->query('SELECT penilaia...', 0)
#1 C:\xampp\htdocs\manrisk\system\Database\BaseConnection.php(670): CodeIgniter\Database\MySQLi\Connection->execute('SELECT penilaia...')
#2 C:\xampp\htdocs\manrisk\system\Database\BaseConnection.php(598): CodeIgniter\Database\BaseConnection->simpleQuery('SELECT penilaia...')
#3 C:\xampp\htdocs\manrisk\app\Models\PenilaianRisikoModel.php(169): CodeIgniter\Database\BaseConnection->query('SELECT penilaia...')
#4 C:\xampp\htdocs\manrisk\app\Controllers\KoordinatorRisiko.php(1150): App\Models\PenilaianRisikoModel->getPenilaianById('getDaftarAreaDa...')
#5 C:\xampp\htdocs\manrisk\system\CodeIgniter.php(832): App\Controllers\KoordinatorRisiko->detailRisiko('getDaftarAreaDa...')
#6 C:\xampp\htdocs\manrisk\system\CodeIgniter.php(419): CodeIgniter\CodeIgniter->runController(Object(App\Controllers\KoordinatorRisiko))
#7 C:\xampp\htdocs\manrisk\system\CodeIgniter.php(326): CodeIgniter\CodeIgniter->handleRequest(NULL, Object(Config\Cache), false)
#8 C:\xampp\htdocs\manrisk\index.php(37): CodeIgniter\CodeIgniter->run()
#9 {main}
ERROR - 2022-05-23 20:44:49 --> Unknown column 'getDaftarSasaranSPBE' in 'where clause'
CRITICAL - 2022-05-23 20:44:49 --> Unknown column 'getDaftarSasaranSPBE' in 'where clause'
#0 C:\xampp\htdocs\manrisk\system\Database\MySQLi\Connection.php(292): mysqli->query('SELECT penilaia...', 0)
#1 C:\xampp\htdocs\manrisk\system\Database\BaseConnection.php(670): CodeIgniter\Database\MySQLi\Connection->execute('SELECT penilaia...')
#2 C:\xampp\htdocs\manrisk\system\Database\BaseConnection.php(598): CodeIgniter\Database\BaseConnection->simpleQuery('SELECT penilaia...')
#3 C:\xampp\htdocs\manrisk\app\Models\PenilaianRisikoModel.php(169): CodeIgniter\Database\BaseConnection->query('SELECT penilaia...')
#4 C:\xampp\htdocs\manrisk\app\Controllers\KoordinatorRisiko.php(1150): App\Models\PenilaianRisikoModel->getPenilaianById('getDaftarSasara...')
#5 C:\xampp\htdocs\manrisk\system\CodeIgniter.php(832): App\Controllers\KoordinatorRisiko->detailRisiko('getDaftarSasara...')
#6 C:\xampp\htdocs\manrisk\system\CodeIgniter.php(419): CodeIgniter\CodeIgniter->runController(Object(App\Controllers\KoordinatorRisiko))
#7 C:\xampp\htdocs\manrisk\system\CodeIgniter.php(326): CodeIgniter\CodeIgniter->handleRequest(NULL, Object(Config\Cache), false)
#8 C:\xampp\htdocs\manrisk\index.php(37): CodeIgniter\CodeIgniter->run()
#9 {main}
ERROR - 2022-05-23 20:44:49 --> Unknown column 'getDaftarPeraturanPerundangan' in 'where clause'
CRITICAL - 2022-05-23 20:44:49 --> Unknown column 'getDaftarPeraturanPerundangan' in 'where clause'
#0 C:\xampp\htdocs\manrisk\system\Database\MySQLi\Connection.php(292): mysqli->query('SELECT penilaia...', 0)
#1 C:\xampp\htdocs\manrisk\system\Database\BaseConnection.php(670): CodeIgniter\Database\MySQLi\Connection->execute('SELECT penilaia...')
#2 C:\xampp\htdocs\manrisk\system\Database\BaseConnection.php(598): CodeIgniter\Database\BaseConnection->simpleQuery('SELECT penilaia...')
#3 C:\xampp\htdocs\manrisk\app\Models\PenilaianRisikoModel.php(169): CodeIgniter\Database\BaseConnection->query('SELECT penilaia...')
#4 C:\xampp\htdocs\manrisk\app\Controllers\KoordinatorRisiko.php(1150): App\Models\PenilaianRisikoModel->getPenilaianById('getDaftarPeratu...')
#5 C:\xampp\htdocs\manrisk\system\CodeIgniter.php(832): App\Controllers\KoordinatorRisiko->detailRisiko('getDaftarPeratu...')
#6 C:\xampp\htdocs\manrisk\system\CodeIgniter.php(419): CodeIgniter\CodeIgniter->runController(Object(App\Controllers\KoordinatorRisiko))
#7 C:\xampp\htdocs\manrisk\system\CodeIgniter.php(326): CodeIgniter\CodeIgniter->handleRequest(NULL, Object(Config\Cache), false)
#8 C:\xampp\htdocs\manrisk\index.php(37): CodeIgniter\CodeIgniter->run()
#9 {main}
ERROR - 2022-05-23 20:44:49 --> Unknown column 'getDaftarKategoriRisikoTerpilih' in 'where clause'
CRITICAL - 2022-05-23 20:44:49 --> Unknown column 'getDaftarKategoriRisikoTerpilih' in 'where clause'
#0 C:\xampp\htdocs\manrisk\system\Database\MySQLi\Connection.php(292): mysqli->query('SELECT penilaia...', 0)
#1 C:\xampp\htdocs\manrisk\system\Database\BaseConnection.php(670): CodeIgniter\Database\MySQLi\Connection->execute('SELECT penilaia...')
#2 C:\xampp\htdocs\manrisk\system\Database\BaseConnection.php(598): CodeIgniter\Database\BaseConnection->simpleQuery('SELECT penilaia...')
#3 C:\xampp\htdocs\manrisk\app\Models\PenilaianRisikoModel.php(169): CodeIgniter\Database\BaseConnection->query('SELECT penilaia...')
#4 C:\xampp\htdocs\manrisk\app\Controllers\KoordinatorRisiko.php(1150): App\Models\PenilaianRisikoModel->getPenilaianById('getDaftarKatego...')
#5 C:\xampp\htdocs\manrisk\system\CodeIgniter.php(832): App\Controllers\KoordinatorRisiko->detailRisiko('getDaftarKatego...')
#6 C:\xampp\htdocs\manrisk\system\CodeIgniter.php(419): CodeIgniter\CodeIgniter->runController(Object(App\Controllers\KoordinatorRisiko))
#7 C:\xampp\htdocs\manrisk\system\CodeIgniter.php(326): CodeIgniter\CodeIgniter->handleRequest(NULL, Object(Config\Cache), false)
#8 C:\xampp\htdocs\manrisk\index.php(37): CodeIgniter\CodeIgniter->run()
#9 {main}
ERROR - 2022-05-23 20:44:49 --> Unknown column 'getDaftarKriteriaKemungkinan' in 'where clause'
CRITICAL - 2022-05-23 20:44:49 --> Unknown column 'getDaftarKriteriaKemungkinan' in 'where clause'
#0 C:\xampp\htdocs\manrisk\system\Database\MySQLi\Connection.php(292): mysqli->query('SELECT penilaia...', 0)
#1 C:\xampp\htdocs\manrisk\system\Database\BaseConnection.php(670): CodeIgniter\Database\MySQLi\Connection->execute('SELECT penilaia...')
#2 C:\xampp\htdocs\manrisk\system\Database\BaseConnection.php(598): CodeIgniter\Database\BaseConnection->simpleQuery('SELECT penilaia...')
#3 C:\xampp\htdocs\manrisk\app\Models\PenilaianRisikoModel.php(169): CodeIgniter\Database\BaseConnection->query('SELECT penilaia...')
#4 C:\xampp\htdocs\manrisk\app\Controllers\KoordinatorRisiko.php(1150): App\Models\PenilaianRisikoModel->getPenilaianById('getDaftarKriter...')
#5 C:\xampp\htdocs\manrisk\system\CodeIgniter.php(832): App\Controllers\KoordinatorRisiko->detailRisiko('getDaftarKriter...')
#6 C:\xampp\htdocs\manrisk\system\CodeIgniter.php(419): CodeIgniter\CodeIgniter->runController(Object(App\Controllers\KoordinatorRisiko))
#7 C:\xampp\htdocs\manrisk\system\CodeIgniter.php(326): CodeIgniter\CodeIgniter->handleRequest(NULL, Object(Config\Cache), false)
#8 C:\xampp\htdocs\manrisk\index.php(37): CodeIgniter\CodeIgniter->run()
#9 {main}
ERROR - 2022-05-23 20:44:49 --> Unknown column 'getDaftarStrukturPelaksana' in 'where clause'
CRITICAL - 2022-05-23 20:44:49 --> Unknown column 'getDaftarStrukturPelaksana' in 'where clause'
#0 C:\xampp\htdocs\manrisk\system\Database\MySQLi\Connection.php(292): mysqli->query('SELECT penilaia...', 0)
#1 C:\xampp\htdocs\manrisk\system\Database\BaseConnection.php(670): CodeIgniter\Database\MySQLi\Connection->execute('SELECT penilaia...')
#2 C:\xampp\htdocs\manrisk\system\Database\BaseConnection.php(598): CodeIgniter\Database\BaseConnection->simpleQuery('SELECT penilaia...')
#3 C:\xampp\htdocs\manrisk\app\Models\PenilaianRisikoModel.php(169): CodeIgniter\Database\BaseConnection->query('SELECT penilaia...')
#4 C:\xampp\htdocs\manrisk\app\Controllers\KoordinatorRisiko.php(1150): App\Models\PenilaianRisikoModel->getPenilaianById('getDaftarStrukt...')
#5 C:\xampp\htdocs\manrisk\system\CodeIgniter.php(832): App\Controllers\KoordinatorRisiko->detailRisiko('getDaftarStrukt...')
#6 C:\xampp\htdocs\manrisk\system\CodeIgniter.php(419): CodeIgniter\CodeIgniter->runController(Object(App\Controllers\KoordinatorRisiko))
#7 C:\xampp\htdocs\manrisk\system\CodeIgniter.php(326): CodeIgniter\CodeIgniter->handleRequest(NULL, Object(Config\Cache), false)
#8 C:\xampp\htdocs\manrisk\index.php(37): CodeIgniter\CodeIgniter->run()
#9 {main}
