CRITICAL - 2022-06-06 15:28:42 --> Undefined variable: str13
#0 C:\xampp\htdocs\manrisk\app\Views\PengelolaRisiko\form-input-pemantauan-risiko.php(121): CodeIgniter\Debug\Exceptions->errorHandler(8, 'Undefined varia...', 'C:\\xampp\\htdocs...', 121, Array)
#1 C:\xampp\htdocs\manrisk\system\View\View.php(210): include('C:\\xampp\\htdocs...')
#2 C:\xampp\htdocs\manrisk\system\View\View.php(213): CodeIgniter\View\View->CodeIgniter\View\{closure}()
#3 C:\xampp\htdocs\manrisk\system\Common.php(1089): CodeIgniter\View\View->render('PengelolaRisiko...', Array, true)
#4 C:\xampp\htdocs\manrisk\app\Controllers\PengelolaRisiko.php(4516): view('PengelolaRisiko...', Array)
#5 C:\xampp\htdocs\manrisk\system\CodeIgniter.php(832): App\Controllers\PengelolaRisiko->inputPemantauanRisiko('2', 'bulanan', '3', '3', '14', 'Sedang', '25')
#6 C:\xampp\htdocs\manrisk\system\CodeIgniter.php(419): CodeIgniter\CodeIgniter->runController(Object(App\Controllers\PengelolaRisiko))
#7 C:\xampp\htdocs\manrisk\system\CodeIgniter.php(326): CodeIgniter\CodeIgniter->handleRequest(NULL, Object(Config\Cache), false)
#8 C:\xampp\htdocs\manrisk\index.php(37): CodeIgniter\CodeIgniter->run()
#9 {main}
CRITICAL - 2022-06-06 15:55:41 --> syntax error, unexpected 'endif' (T_ENDIF), expecting end of file
#0 C:\xampp\htdocs\manrisk\system\View\View.php(213): CodeIgniter\View\View->CodeIgniter\View\{closure}()
#1 C:\xampp\htdocs\manrisk\system\Common.php(1089): CodeIgniter\View\View->render('PengelolaRisiko...', Array, true)
#2 C:\xampp\htdocs\manrisk\app\Controllers\PengelolaRisiko.php(4602): view('PengelolaRisiko...', Array)
#3 C:\xampp\htdocs\manrisk\system\CodeIgniter.php(832): App\Controllers\PengelolaRisiko->updatePemantauanRisiko('7')
#4 C:\xampp\htdocs\manrisk\system\CodeIgniter.php(419): CodeIgniter\CodeIgniter->runController(Object(App\Controllers\PengelolaRisiko))
#5 C:\xampp\htdocs\manrisk\system\CodeIgniter.php(326): CodeIgniter\CodeIgniter->handleRequest(NULL, Object(Config\Cache), false)
#6 C:\xampp\htdocs\manrisk\index.php(37): CodeIgniter\CodeIgniter->run()
#7 {main}
