ERROR - 2022-06-04 00:15:35 --> Unknown column 'pemantauan_risiko_spbe.id_level_kemungkinan' in 'on clause'
CRITICAL - 2022-06-04 00:15:35 --> Unknown column 'pemantauan_risiko_spbe.id_level_kemungkinan' in 'on clause'
#0 C:\xampp\htdocs\manrisk\system\Database\MySQLi\Connection.php(292): mysqli->query('SELECT pemantau...', 0)
#1 C:\xampp\htdocs\manrisk\system\Database\BaseConnection.php(670): CodeIgniter\Database\MySQLi\Connection->execute('SELECT pemantau...')
#2 C:\xampp\htdocs\manrisk\system\Database\BaseConnection.php(598): CodeIgniter\Database\BaseConnection->simpleQuery('SELECT pemantau...')
#3 C:\xampp\htdocs\manrisk\app\Models\PemantauanRisikoModel.php(63): CodeIgniter\Database\BaseConnection->query('SELECT pemantau...')
#4 C:\xampp\htdocs\manrisk\app\Controllers\PengelolaRisiko.php(4278): App\Models\PemantauanRisikoModel->getPemantauan()
#5 C:\xampp\htdocs\manrisk\system\CodeIgniter.php(832): App\Controllers\PengelolaRisiko->getPemantauanRisiko()
#6 C:\xampp\htdocs\manrisk\system\CodeIgniter.php(419): CodeIgniter\CodeIgniter->runController(Object(App\Controllers\PengelolaRisiko))
#7 C:\xampp\htdocs\manrisk\system\CodeIgniter.php(326): CodeIgniter\CodeIgniter->handleRequest(NULL, Object(Config\Cache), false)
#8 C:\xampp\htdocs\manrisk\index.php(37): CodeIgniter\CodeIgniter->run()
#9 {main}
ERROR - 2022-06-04 00:15:58 --> Unknown column 'pemantauan_risiko_spbe.id_level_kemungkinan' in 'on clause'
CRITICAL - 2022-06-04 00:15:58 --> Unknown column 'pemantauan_risiko_spbe.id_level_kemungkinan' in 'on clause'
#0 C:\xampp\htdocs\manrisk\system\Database\MySQLi\Connection.php(292): mysqli->query('SELECT pemantau...', 0)
#1 C:\xampp\htdocs\manrisk\system\Database\BaseConnection.php(670): CodeIgniter\Database\MySQLi\Connection->execute('SELECT pemantau...')
#2 C:\xampp\htdocs\manrisk\system\Database\BaseConnection.php(598): CodeIgniter\Database\BaseConnection->simpleQuery('SELECT pemantau...')
#3 C:\xampp\htdocs\manrisk\app\Models\PemantauanRisikoModel.php(63): CodeIgniter\Database\BaseConnection->query('SELECT pemantau...')
#4 C:\xampp\htdocs\manrisk\app\Controllers\PengelolaRisiko.php(4278): App\Models\PemantauanRisikoModel->getPemantauan()
#5 C:\xampp\htdocs\manrisk\system\CodeIgniter.php(832): App\Controllers\PengelolaRisiko->getPemantauanRisiko()
#6 C:\xampp\htdocs\manrisk\system\CodeIgniter.php(419): CodeIgniter\CodeIgniter->runController(Object(App\Controllers\PengelolaRisiko))
#7 C:\xampp\htdocs\manrisk\system\CodeIgniter.php(326): CodeIgniter\CodeIgniter->handleRequest(NULL, Object(Config\Cache), false)
#8 C:\xampp\htdocs\manrisk\index.php(37): CodeIgniter\CodeIgniter->run()
#9 {main}
ERROR - 2022-06-04 04:08:55 --> Unknown column 'getLevelRisiko' in 'where clause'
CRITICAL - 2022-06-04 04:08:55 --> Unknown column 'getLevelRisiko' in 'where clause'
#0 C:\xampp\htdocs\manrisk\system\Database\MySQLi\Connection.php(292): mysqli->query('SELECT penilaia...', 0)
#1 C:\xampp\htdocs\manrisk\system\Database\BaseConnection.php(670): CodeIgniter\Database\MySQLi\Connection->execute('SELECT penilaia...')
#2 C:\xampp\htdocs\manrisk\system\Database\BaseConnection.php(598): CodeIgniter\Database\BaseConnection->simpleQuery('SELECT penilaia...')
#3 C:\xampp\htdocs\manrisk\app\Models\PenilaianRisikoModel.php(290): CodeIgniter\Database\BaseConnection->query('SELECT penilaia...')
#4 C:\xampp\htdocs\manrisk\app\Controllers\PengelolaRisiko.php(3340): App\Models\PenilaianRisikoModel->getPenilaianById('getLevelRisiko')
#5 C:\xampp\htdocs\manrisk\system\CodeIgniter.php(832): App\Controllers\PengelolaRisiko->detailRisiko('getLevelRisiko')
#6 C:\xampp\htdocs\manrisk\system\CodeIgniter.php(419): CodeIgniter\CodeIgniter->runController(Object(App\Controllers\PengelolaRisiko))
#7 C:\xampp\htdocs\manrisk\system\CodeIgniter.php(326): CodeIgniter\CodeIgniter->handleRequest(NULL, Object(Config\Cache), false)
#8 C:\xampp\htdocs\manrisk\index.php(37): CodeIgniter\CodeIgniter->run()
#9 {main}
ERROR - 2022-06-04 04:08:56 --> Unknown column 'getMatriksRisiko' in 'where clause'
CRITICAL - 2022-06-04 04:08:56 --> Unknown column 'getMatriksRisiko' in 'where clause'
#0 C:\xampp\htdocs\manrisk\system\Database\MySQLi\Connection.php(292): mysqli->query('SELECT penilaia...', 0)
#1 C:\xampp\htdocs\manrisk\system\Database\BaseConnection.php(670): CodeIgniter\Database\MySQLi\Connection->execute('SELECT penilaia...')
#2 C:\xampp\htdocs\manrisk\system\Database\BaseConnection.php(598): CodeIgniter\Database\BaseConnection->simpleQuery('SELECT penilaia...')
#3 C:\xampp\htdocs\manrisk\app\Models\PenilaianRisikoModel.php(290): CodeIgniter\Database\BaseConnection->query('SELECT penilaia...')
#4 C:\xampp\htdocs\manrisk\app\Controllers\PengelolaRisiko.php(3340): App\Models\PenilaianRisikoModel->getPenilaianById('getMatriksRisik...')
#5 C:\xampp\htdocs\manrisk\system\CodeIgniter.php(832): App\Controllers\PengelolaRisiko->detailRisiko('getMatriksRisik...')
#6 C:\xampp\htdocs\manrisk\system\CodeIgniter.php(419): CodeIgniter\CodeIgniter->runController(Object(App\Controllers\PengelolaRisiko))
#7 C:\xampp\htdocs\manrisk\system\CodeIgniter.php(326): CodeIgniter\CodeIgniter->handleRequest(NULL, Object(Config\Cache), false)
#8 C:\xampp\htdocs\manrisk\index.php(37): CodeIgniter\CodeIgniter->run()
#9 {main}
ERROR - 2022-06-04 04:08:58 --> Unknown column 'getSeleraRisiko' in 'where clause'
CRITICAL - 2022-06-04 04:08:58 --> Unknown column 'getSeleraRisiko' in 'where clause'
#0 C:\xampp\htdocs\manrisk\system\Database\MySQLi\Connection.php(292): mysqli->query('SELECT penilaia...', 0)
#1 C:\xampp\htdocs\manrisk\system\Database\BaseConnection.php(670): CodeIgniter\Database\MySQLi\Connection->execute('SELECT penilaia...')
#2 C:\xampp\htdocs\manrisk\system\Database\BaseConnection.php(598): CodeIgniter\Database\BaseConnection->simpleQuery('SELECT penilaia...')
#3 C:\xampp\htdocs\manrisk\app\Models\PenilaianRisikoModel.php(290): CodeIgniter\Database\BaseConnection->query('SELECT penilaia...')
#4 C:\xampp\htdocs\manrisk\app\Controllers\PengelolaRisiko.php(3340): App\Models\PenilaianRisikoModel->getPenilaianById('getSeleraRisiko')
#5 C:\xampp\htdocs\manrisk\system\CodeIgniter.php(832): App\Controllers\PengelolaRisiko->detailRisiko('getSeleraRisiko')
#6 C:\xampp\htdocs\manrisk\system\CodeIgniter.php(419): CodeIgniter\CodeIgniter->runController(Object(App\Controllers\PengelolaRisiko))
#7 C:\xampp\htdocs\manrisk\system\CodeIgniter.php(326): CodeIgniter\CodeIgniter->handleRequest(NULL, Object(Config\Cache), false)
#8 C:\xampp\htdocs\manrisk\index.php(37): CodeIgniter\CodeIgniter->run()
#9 {main}
ERROR - 2022-06-04 04:08:59 --> Unknown column 'getInformasiUmum' in 'where clause'
CRITICAL - 2022-06-04 04:08:59 --> Unknown column 'getInformasiUmum' in 'where clause'
#0 C:\xampp\htdocs\manrisk\system\Database\MySQLi\Connection.php(292): mysqli->query('SELECT penilaia...', 0)
#1 C:\xampp\htdocs\manrisk\system\Database\BaseConnection.php(670): CodeIgniter\Database\MySQLi\Connection->execute('SELECT penilaia...')
#2 C:\xampp\htdocs\manrisk\system\Database\BaseConnection.php(598): CodeIgniter\Database\BaseConnection->simpleQuery('SELECT penilaia...')
#3 C:\xampp\htdocs\manrisk\app\Models\PenilaianRisikoModel.php(290): CodeIgniter\Database\BaseConnection->query('SELECT penilaia...')
#4 C:\xampp\htdocs\manrisk\app\Controllers\PengelolaRisiko.php(3340): App\Models\PenilaianRisikoModel->getPenilaianById('getInformasiUmu...')
#5 C:\xampp\htdocs\manrisk\system\CodeIgniter.php(832): App\Controllers\PengelolaRisiko->detailRisiko('getInformasiUmu...')
#6 C:\xampp\htdocs\manrisk\system\CodeIgniter.php(419): CodeIgniter\CodeIgniter->runController(Object(App\Controllers\PengelolaRisiko))
#7 C:\xampp\htdocs\manrisk\system\CodeIgniter.php(326): CodeIgniter\CodeIgniter->handleRequest(NULL, Object(Config\Cache), false)
#8 C:\xampp\htdocs\manrisk\index.php(37): CodeIgniter\CodeIgniter->run()
#9 {main}
ERROR - 2022-06-04 04:09:00 --> Unknown column 'getPenangananRisiko' in 'where clause'
CRITICAL - 2022-06-04 04:09:00 --> Unknown column 'getPenangananRisiko' in 'where clause'
#0 C:\xampp\htdocs\manrisk\system\Database\MySQLi\Connection.php(292): mysqli->query('SELECT penilaia...', 0)
#1 C:\xampp\htdocs\manrisk\system\Database\BaseConnection.php(670): CodeIgniter\Database\MySQLi\Connection->execute('SELECT penilaia...')
#2 C:\xampp\htdocs\manrisk\system\Database\BaseConnection.php(598): CodeIgniter\Database\BaseConnection->simpleQuery('SELECT penilaia...')
#3 C:\xampp\htdocs\manrisk\app\Models\PenilaianRisikoModel.php(290): CodeIgniter\Database\BaseConnection->query('SELECT penilaia...')
#4 C:\xampp\htdocs\manrisk\app\Controllers\PengelolaRisiko.php(3340): App\Models\PenilaianRisikoModel->getPenilaianById('getPenangananRi...')
#5 C:\xampp\htdocs\manrisk\system\CodeIgniter.php(832): App\Controllers\PengelolaRisiko->detailRisiko('getPenangananRi...')
#6 C:\xampp\htdocs\manrisk\system\CodeIgniter.php(419): CodeIgniter\CodeIgniter->runController(Object(App\Controllers\PengelolaRisiko))
#7 C:\xampp\htdocs\manrisk\system\CodeIgniter.php(326): CodeIgniter\CodeIgniter->handleRequest(NULL, Object(Config\Cache), false)
#8 C:\xampp\htdocs\manrisk\index.php(37): CodeIgniter\CodeIgniter->run()
#9 {main}
ERROR - 2022-06-04 04:09:01 --> Unknown column 'getPenilaianRisiko' in 'where clause'
CRITICAL - 2022-06-04 04:09:01 --> Unknown column 'getPenilaianRisiko' in 'where clause'
#0 C:\xampp\htdocs\manrisk\system\Database\MySQLi\Connection.php(292): mysqli->query('SELECT penilaia...', 0)
#1 C:\xampp\htdocs\manrisk\system\Database\BaseConnection.php(670): CodeIgniter\Database\MySQLi\Connection->execute('SELECT penilaia...')
#2 C:\xampp\htdocs\manrisk\system\Database\BaseConnection.php(598): CodeIgniter\Database\BaseConnection->simpleQuery('SELECT penilaia...')
#3 C:\xampp\htdocs\manrisk\app\Models\PenilaianRisikoModel.php(290): CodeIgniter\Database\BaseConnection->query('SELECT penilaia...')
#4 C:\xampp\htdocs\manrisk\app\Controllers\PengelolaRisiko.php(3340): App\Models\PenilaianRisikoModel->getPenilaianById('getPenilaianRis...')
#5 C:\xampp\htdocs\manrisk\system\CodeIgniter.php(832): App\Controllers\PengelolaRisiko->detailRisiko('getPenilaianRis...')
#6 C:\xampp\htdocs\manrisk\system\CodeIgniter.php(419): CodeIgniter\CodeIgniter->runController(Object(App\Controllers\PengelolaRisiko))
#7 C:\xampp\htdocs\manrisk\system\CodeIgniter.php(326): CodeIgniter\CodeIgniter->handleRequest(NULL, Object(Config\Cache), false)
#8 C:\xampp\htdocs\manrisk\index.php(37): CodeIgniter\CodeIgniter->run()
#9 {main}
ERROR - 2022-06-04 04:09:02 --> Unknown column 'getDaftarPemangkuKepentingan' in 'where clause'
CRITICAL - 2022-06-04 04:09:02 --> Unknown column 'getDaftarPemangkuKepentingan' in 'where clause'
#0 C:\xampp\htdocs\manrisk\system\Database\MySQLi\Connection.php(292): mysqli->query('SELECT penilaia...', 0)
#1 C:\xampp\htdocs\manrisk\system\Database\BaseConnection.php(670): CodeIgniter\Database\MySQLi\Connection->execute('SELECT penilaia...')
#2 C:\xampp\htdocs\manrisk\system\Database\BaseConnection.php(598): CodeIgniter\Database\BaseConnection->simpleQuery('SELECT penilaia...')
#3 C:\xampp\htdocs\manrisk\app\Models\PenilaianRisikoModel.php(290): CodeIgniter\Database\BaseConnection->query('SELECT penilaia...')
#4 C:\xampp\htdocs\manrisk\app\Controllers\PengelolaRisiko.php(3340): App\Models\PenilaianRisikoModel->getPenilaianById('getDaftarPemang...')
#5 C:\xampp\htdocs\manrisk\system\CodeIgniter.php(832): App\Controllers\PengelolaRisiko->detailRisiko('getDaftarPemang...')
#6 C:\xampp\htdocs\manrisk\system\CodeIgniter.php(419): CodeIgniter\CodeIgniter->runController(Object(App\Controllers\PengelolaRisiko))
#7 C:\xampp\htdocs\manrisk\system\CodeIgniter.php(326): CodeIgniter\CodeIgniter->handleRequest(NULL, Object(Config\Cache), false)
#8 C:\xampp\htdocs\manrisk\index.php(37): CodeIgniter\CodeIgniter->run()
#9 {main}
ERROR - 2022-06-04 04:09:03 --> Unknown column 'getDaftarAreaDampakRisikoTerpilih' in 'where clause'
CRITICAL - 2022-06-04 04:09:03 --> Unknown column 'getDaftarAreaDampakRisikoTerpilih' in 'where clause'
#0 C:\xampp\htdocs\manrisk\system\Database\MySQLi\Connection.php(292): mysqli->query('SELECT penilaia...', 0)
#1 C:\xampp\htdocs\manrisk\system\Database\BaseConnection.php(670): CodeIgniter\Database\MySQLi\Connection->execute('SELECT penilaia...')
#2 C:\xampp\htdocs\manrisk\system\Database\BaseConnection.php(598): CodeIgniter\Database\BaseConnection->simpleQuery('SELECT penilaia...')
#3 C:\xampp\htdocs\manrisk\app\Models\PenilaianRisikoModel.php(290): CodeIgniter\Database\BaseConnection->query('SELECT penilaia...')
#4 C:\xampp\htdocs\manrisk\app\Controllers\PengelolaRisiko.php(3340): App\Models\PenilaianRisikoModel->getPenilaianById('getDaftarAreaDa...')
#5 C:\xampp\htdocs\manrisk\system\CodeIgniter.php(832): App\Controllers\PengelolaRisiko->detailRisiko('getDaftarAreaDa...')
#6 C:\xampp\htdocs\manrisk\system\CodeIgniter.php(419): CodeIgniter\CodeIgniter->runController(Object(App\Controllers\PengelolaRisiko))
#7 C:\xampp\htdocs\manrisk\system\CodeIgniter.php(326): CodeIgniter\CodeIgniter->handleRequest(NULL, Object(Config\Cache), false)
#8 C:\xampp\htdocs\manrisk\index.php(37): CodeIgniter\CodeIgniter->run()
#9 {main}
ERROR - 2022-06-04 04:09:05 --> Unknown column 'getDaftarKategoriRisikoTerpilih' in 'where clause'
CRITICAL - 2022-06-04 04:09:05 --> Unknown column 'getDaftarKategoriRisikoTerpilih' in 'where clause'
#0 C:\xampp\htdocs\manrisk\system\Database\MySQLi\Connection.php(292): mysqli->query('SELECT penilaia...', 0)
#1 C:\xampp\htdocs\manrisk\system\Database\BaseConnection.php(670): CodeIgniter\Database\MySQLi\Connection->execute('SELECT penilaia...')
#2 C:\xampp\htdocs\manrisk\system\Database\BaseConnection.php(598): CodeIgniter\Database\BaseConnection->simpleQuery('SELECT penilaia...')
#3 C:\xampp\htdocs\manrisk\app\Models\PenilaianRisikoModel.php(290): CodeIgniter\Database\BaseConnection->query('SELECT penilaia...')
#4 C:\xampp\htdocs\manrisk\app\Controllers\PengelolaRisiko.php(3340): App\Models\PenilaianRisikoModel->getPenilaianById('getDaftarKatego...')
#5 C:\xampp\htdocs\manrisk\system\CodeIgniter.php(832): App\Controllers\PengelolaRisiko->detailRisiko('getDaftarKatego...')
#6 C:\xampp\htdocs\manrisk\system\CodeIgniter.php(419): CodeIgniter\CodeIgniter->runController(Object(App\Controllers\PengelolaRisiko))
#7 C:\xampp\htdocs\manrisk\system\CodeIgniter.php(326): CodeIgniter\CodeIgniter->handleRequest(NULL, Object(Config\Cache), false)
#8 C:\xampp\htdocs\manrisk\index.php(37): CodeIgniter\CodeIgniter->run()
#9 {main}
ERROR - 2022-06-04 04:09:06 --> Unknown column 'getDaftarKriteriaKemungkinan' in 'where clause'
CRITICAL - 2022-06-04 04:09:06 --> Unknown column 'getDaftarKriteriaKemungkinan' in 'where clause'
#0 C:\xampp\htdocs\manrisk\system\Database\MySQLi\Connection.php(292): mysqli->query('SELECT penilaia...', 0)
#1 C:\xampp\htdocs\manrisk\system\Database\BaseConnection.php(670): CodeIgniter\Database\MySQLi\Connection->execute('SELECT penilaia...')
#2 C:\xampp\htdocs\manrisk\system\Database\BaseConnection.php(598): CodeIgniter\Database\BaseConnection->simpleQuery('SELECT penilaia...')
#3 C:\xampp\htdocs\manrisk\app\Models\PenilaianRisikoModel.php(290): CodeIgniter\Database\BaseConnection->query('SELECT penilaia...')
#4 C:\xampp\htdocs\manrisk\app\Controllers\PengelolaRisiko.php(3340): App\Models\PenilaianRisikoModel->getPenilaianById('getDaftarKriter...')
#5 C:\xampp\htdocs\manrisk\system\CodeIgniter.php(832): App\Controllers\PengelolaRisiko->detailRisiko('getDaftarKriter...')
#6 C:\xampp\htdocs\manrisk\system\CodeIgniter.php(419): CodeIgniter\CodeIgniter->runController(Object(App\Controllers\PengelolaRisiko))
#7 C:\xampp\htdocs\manrisk\system\CodeIgniter.php(326): CodeIgniter\CodeIgniter->handleRequest(NULL, Object(Config\Cache), false)
#8 C:\xampp\htdocs\manrisk\index.php(37): CodeIgniter\CodeIgniter->run()
#9 {main}
ERROR - 2022-06-04 04:09:07 --> Unknown column 'getDaftarKriteriaDampak' in 'where clause'
CRITICAL - 2022-06-04 04:09:07 --> Unknown column 'getDaftarKriteriaDampak' in 'where clause'
#0 C:\xampp\htdocs\manrisk\system\Database\MySQLi\Connection.php(292): mysqli->query('SELECT penilaia...', 0)
#1 C:\xampp\htdocs\manrisk\system\Database\BaseConnection.php(670): CodeIgniter\Database\MySQLi\Connection->execute('SELECT penilaia...')
#2 C:\xampp\htdocs\manrisk\system\Database\BaseConnection.php(598): CodeIgniter\Database\BaseConnection->simpleQuery('SELECT penilaia...')
#3 C:\xampp\htdocs\manrisk\app\Models\PenilaianRisikoModel.php(290): CodeIgniter\Database\BaseConnection->query('SELECT penilaia...')
#4 C:\xampp\htdocs\manrisk\app\Controllers\PengelolaRisiko.php(3340): App\Models\PenilaianRisikoModel->getPenilaianById('getDaftarKriter...')
#5 C:\xampp\htdocs\manrisk\system\CodeIgniter.php(832): App\Controllers\PengelolaRisiko->detailRisiko('getDaftarKriter...')
#6 C:\xampp\htdocs\manrisk\system\CodeIgniter.php(419): CodeIgniter\CodeIgniter->runController(Object(App\Controllers\PengelolaRisiko))
#7 C:\xampp\htdocs\manrisk\system\CodeIgniter.php(326): CodeIgniter\CodeIgniter->handleRequest(NULL, Object(Config\Cache), false)
#8 C:\xampp\htdocs\manrisk\index.php(37): CodeIgniter\CodeIgniter->run()
#9 {main}
ERROR - 2022-06-04 04:09:08 --> Unknown column 'getDaftarPeraturanPerundangan' in 'where clause'
CRITICAL - 2022-06-04 04:09:08 --> Unknown column 'getDaftarPeraturanPerundangan' in 'where clause'
#0 C:\xampp\htdocs\manrisk\system\Database\MySQLi\Connection.php(292): mysqli->query('SELECT penilaia...', 0)
#1 C:\xampp\htdocs\manrisk\system\Database\BaseConnection.php(670): CodeIgniter\Database\MySQLi\Connection->execute('SELECT penilaia...')
#2 C:\xampp\htdocs\manrisk\system\Database\BaseConnection.php(598): CodeIgniter\Database\BaseConnection->simpleQuery('SELECT penilaia...')
#3 C:\xampp\htdocs\manrisk\app\Models\PenilaianRisikoModel.php(290): CodeIgniter\Database\BaseConnection->query('SELECT penilaia...')
#4 C:\xampp\htdocs\manrisk\app\Controllers\PengelolaRisiko.php(3340): App\Models\PenilaianRisikoModel->getPenilaianById('getDaftarPeratu...')
#5 C:\xampp\htdocs\manrisk\system\CodeIgniter.php(832): App\Controllers\PengelolaRisiko->detailRisiko('getDaftarPeratu...')
#6 C:\xampp\htdocs\manrisk\system\CodeIgniter.php(419): CodeIgniter\CodeIgniter->runController(Object(App\Controllers\PengelolaRisiko))
#7 C:\xampp\htdocs\manrisk\system\CodeIgniter.php(326): CodeIgniter\CodeIgniter->handleRequest(NULL, Object(Config\Cache), false)
#8 C:\xampp\htdocs\manrisk\index.php(37): CodeIgniter\CodeIgniter->run()
#9 {main}
ERROR - 2022-06-04 04:09:09 --> Unknown column 'getDaftarSasaranSPBE' in 'where clause'
CRITICAL - 2022-06-04 04:09:09 --> Unknown column 'getDaftarSasaranSPBE' in 'where clause'
#0 C:\xampp\htdocs\manrisk\system\Database\MySQLi\Connection.php(292): mysqli->query('SELECT penilaia...', 0)
#1 C:\xampp\htdocs\manrisk\system\Database\BaseConnection.php(670): CodeIgniter\Database\MySQLi\Connection->execute('SELECT penilaia...')
#2 C:\xampp\htdocs\manrisk\system\Database\BaseConnection.php(598): CodeIgniter\Database\BaseConnection->simpleQuery('SELECT penilaia...')
#3 C:\xampp\htdocs\manrisk\app\Models\PenilaianRisikoModel.php(290): CodeIgniter\Database\BaseConnection->query('SELECT penilaia...')
#4 C:\xampp\htdocs\manrisk\app\Controllers\PengelolaRisiko.php(3340): App\Models\PenilaianRisikoModel->getPenilaianById('getDaftarSasara...')
#5 C:\xampp\htdocs\manrisk\system\CodeIgniter.php(832): App\Controllers\PengelolaRisiko->detailRisiko('getDaftarSasara...')
#6 C:\xampp\htdocs\manrisk\system\CodeIgniter.php(419): CodeIgniter\CodeIgniter->runController(Object(App\Controllers\PengelolaRisiko))
#7 C:\xampp\htdocs\manrisk\system\CodeIgniter.php(326): CodeIgniter\CodeIgniter->handleRequest(NULL, Object(Config\Cache), false)
#8 C:\xampp\htdocs\manrisk\index.php(37): CodeIgniter\CodeIgniter->run()
#9 {main}
ERROR - 2022-06-04 04:09:10 --> Unknown column 'getDaftarStrukturPelaksana' in 'where clause'
CRITICAL - 2022-06-04 04:09:10 --> Unknown column 'getDaftarStrukturPelaksana' in 'where clause'
#0 C:\xampp\htdocs\manrisk\system\Database\MySQLi\Connection.php(292): mysqli->query('SELECT penilaia...', 0)
#1 C:\xampp\htdocs\manrisk\system\Database\BaseConnection.php(670): CodeIgniter\Database\MySQLi\Connection->execute('SELECT penilaia...')
#2 C:\xampp\htdocs\manrisk\system\Database\BaseConnection.php(598): CodeIgniter\Database\BaseConnection->simpleQuery('SELECT penilaia...')
#3 C:\xampp\htdocs\manrisk\app\Models\PenilaianRisikoModel.php(290): CodeIgniter\Database\BaseConnection->query('SELECT penilaia...')
#4 C:\xampp\htdocs\manrisk\app\Controllers\PengelolaRisiko.php(3340): App\Models\PenilaianRisikoModel->getPenilaianById('getDaftarStrukt...')
#5 C:\xampp\htdocs\manrisk\system\CodeIgniter.php(832): App\Controllers\PengelolaRisiko->detailRisiko('getDaftarStrukt...')
#6 C:\xampp\htdocs\manrisk\system\CodeIgniter.php(419): CodeIgniter\CodeIgniter->runController(Object(App\Controllers\PengelolaRisiko))
#7 C:\xampp\htdocs\manrisk\system\CodeIgniter.php(326): CodeIgniter\CodeIgniter->handleRequest(NULL, Object(Config\Cache), false)
#8 C:\xampp\htdocs\manrisk\index.php(37): CodeIgniter\CodeIgniter->run()
#9 {main}
ERROR - 2022-06-04 04:24:42 --> Unknown column 'matriks_analisi_risiko.besaran_risiko' in 'field list'
CRITICAL - 2022-06-04 04:24:42 --> Unknown column 'matriks_analisi_risiko.besaran_risiko' in 'field list'
#0 C:\xampp\htdocs\manrisk\system\Database\MySQLi\Connection.php(292): mysqli->query('SELECT penilaia...', 0)
#1 C:\xampp\htdocs\manrisk\system\Database\BaseConnection.php(670): CodeIgniter\Database\MySQLi\Connection->execute('SELECT penilaia...')
#2 C:\xampp\htdocs\manrisk\system\Database\BaseConnection.php(598): CodeIgniter\Database\BaseConnection->simpleQuery('SELECT penilaia...')
#3 C:\xampp\htdocs\manrisk\app\Models\PenilaianRisikoModel.php(321): CodeIgniter\Database\BaseConnection->query('SELECT penilaia...')
#4 C:\xampp\htdocs\manrisk\app\Controllers\PengelolaRisiko.php(99): App\Models\PenilaianRisikoModel->getPenilaianSetuju()
#5 C:\xampp\htdocs\manrisk\system\CodeIgniter.php(809): App\Controllers\PengelolaRisiko->__construct()
#6 C:\xampp\htdocs\manrisk\system\CodeIgniter.php(410): CodeIgniter\CodeIgniter->createController()
#7 C:\xampp\htdocs\manrisk\system\CodeIgniter.php(326): CodeIgniter\CodeIgniter->handleRequest(NULL, Object(Config\Cache), false)
#8 C:\xampp\htdocs\manrisk\index.php(37): CodeIgniter\CodeIgniter->run()
#9 {main}
ERROR - 2022-06-04 04:25:31 --> Unknown column 'matriks_analisi_risiko.besaran_risiko' in 'field list'
CRITICAL - 2022-06-04 04:25:31 --> Unknown column 'matriks_analisi_risiko.besaran_risiko' in 'field list'
#0 C:\xampp\htdocs\manrisk\system\Database\MySQLi\Connection.php(292): mysqli->query('SELECT penilaia...', 0)
#1 C:\xampp\htdocs\manrisk\system\Database\BaseConnection.php(670): CodeIgniter\Database\MySQLi\Connection->execute('SELECT penilaia...')
#2 C:\xampp\htdocs\manrisk\system\Database\BaseConnection.php(598): CodeIgniter\Database\BaseConnection->simpleQuery('SELECT penilaia...')
#3 C:\xampp\htdocs\manrisk\app\Models\PenilaianRisikoModel.php(321): CodeIgniter\Database\BaseConnection->query('SELECT penilaia...')
#4 C:\xampp\htdocs\manrisk\app\Controllers\PengelolaRisiko.php(99): App\Models\PenilaianRisikoModel->getPenilaianSetuju()
#5 C:\xampp\htdocs\manrisk\system\CodeIgniter.php(809): App\Controllers\PengelolaRisiko->__construct()
#6 C:\xampp\htdocs\manrisk\system\CodeIgniter.php(410): CodeIgniter\CodeIgniter->createController()
#7 C:\xampp\htdocs\manrisk\system\CodeIgniter.php(326): CodeIgniter\CodeIgniter->handleRequest(NULL, Object(Config\Cache), false)
#8 C:\xampp\htdocs\manrisk\index.php(37): CodeIgniter\CodeIgniter->run()
#9 {main}
CRITICAL - 2022-06-04 05:19:10 --> syntax error, unexpected '=', expecting variable (T_VARIABLE)
#0 C:\xampp\htdocs\manrisk\system\Router\Router.php(175): CodeIgniter\Router\Router->autoRoute('pengelolaRisiko...')
#1 C:\xampp\htdocs\manrisk\system\CodeIgniter.php(726): CodeIgniter\Router\Router->handle('pengelolaRisiko...')
#2 C:\xampp\htdocs\manrisk\system\CodeIgniter.php(368): CodeIgniter\CodeIgniter->tryToRouteIt(Object(CodeIgniter\Router\RouteCollection))
#3 C:\xampp\htdocs\manrisk\system\CodeIgniter.php(326): CodeIgniter\CodeIgniter->handleRequest(NULL, Object(Config\Cache), false)
#4 C:\xampp\htdocs\manrisk\index.php(37): CodeIgniter\CodeIgniter->run()
#5 {main}
CRITICAL - 2022-06-04 05:20:30 --> syntax error, unexpected '=', expecting variable (T_VARIABLE)
#0 C:\xampp\htdocs\manrisk\system\Router\Router.php(175): CodeIgniter\Router\Router->autoRoute('pengelolaRisiko...')
#1 C:\xampp\htdocs\manrisk\system\CodeIgniter.php(726): CodeIgniter\Router\Router->handle('pengelolaRisiko...')
#2 C:\xampp\htdocs\manrisk\system\CodeIgniter.php(368): CodeIgniter\CodeIgniter->tryToRouteIt(Object(CodeIgniter\Router\RouteCollection))
#3 C:\xampp\htdocs\manrisk\system\CodeIgniter.php(326): CodeIgniter\CodeIgniter->handleRequest(NULL, Object(Config\Cache), false)
#4 C:\xampp\htdocs\manrisk\index.php(37): CodeIgniter\CodeIgniter->run()
#5 {main}
CRITICAL - 2022-06-04 05:20:31 --> syntax error, unexpected '=', expecting variable (T_VARIABLE)
#0 C:\xampp\htdocs\manrisk\system\Router\Router.php(175): CodeIgniter\Router\Router->autoRoute('pengelolaRisiko...')
#1 C:\xampp\htdocs\manrisk\system\CodeIgniter.php(726): CodeIgniter\Router\Router->handle('pengelolaRisiko...')
#2 C:\xampp\htdocs\manrisk\system\CodeIgniter.php(368): CodeIgniter\CodeIgniter->tryToRouteIt(Object(CodeIgniter\Router\RouteCollection))
#3 C:\xampp\htdocs\manrisk\system\CodeIgniter.php(326): CodeIgniter\CodeIgniter->handleRequest(NULL, Object(Config\Cache), false)
#4 C:\xampp\htdocs\manrisk\index.php(37): CodeIgniter\CodeIgniter->run()
#5 {main}
CRITICAL - 2022-06-04 05:42:30 --> Undefined variable: id
#0 C:\xampp\htdocs\manrisk\app\Views\PengelolaRisiko\form-input-pemantauan-besaran-risiko.php(51): CodeIgniter\Debug\Exceptions->errorHandler(8, 'Undefined varia...', 'C:\\xampp\\htdocs...', 51, Array)
#1 C:\xampp\htdocs\manrisk\system\View\View.php(210): include('C:\\xampp\\htdocs...')
#2 C:\xampp\htdocs\manrisk\system\View\View.php(213): CodeIgniter\View\View->CodeIgniter\View\{closure}()
#3 C:\xampp\htdocs\manrisk\system\Common.php(1089): CodeIgniter\View\View->render('PengelolaRisiko...', Array, true)
#4 C:\xampp\htdocs\manrisk\app\Controllers\PengelolaRisiko.php(4340): view('PengelolaRisiko...', Array)
#5 C:\xampp\htdocs\manrisk\system\CodeIgniter.php(832): App\Controllers\PengelolaRisiko->penilaianLanjutan('2')
#6 C:\xampp\htdocs\manrisk\system\CodeIgniter.php(419): CodeIgniter\CodeIgniter->runController(Object(App\Controllers\PengelolaRisiko))
#7 C:\xampp\htdocs\manrisk\system\CodeIgniter.php(326): CodeIgniter\CodeIgniter->handleRequest(NULL, Object(Config\Cache), false)
#8 C:\xampp\htdocs\manrisk\index.php(37): CodeIgniter\CodeIgniter->run()
#9 {main}
CRITICAL - 2022-06-04 05:46:16 --> Undefined variable: id
#0 C:\xampp\htdocs\manrisk\app\Views\PengelolaRisiko\form-input-pemantauan-besaran-risiko.php(51): CodeIgniter\Debug\Exceptions->errorHandler(8, 'Undefined varia...', 'C:\\xampp\\htdocs...', 51, Array)
#1 C:\xampp\htdocs\manrisk\system\View\View.php(210): include('C:\\xampp\\htdocs...')
#2 C:\xampp\htdocs\manrisk\system\View\View.php(213): CodeIgniter\View\View->CodeIgniter\View\{closure}()
#3 C:\xampp\htdocs\manrisk\system\Common.php(1089): CodeIgniter\View\View->render('PengelolaRisiko...', Array, true)
#4 C:\xampp\htdocs\manrisk\app\Controllers\PengelolaRisiko.php(4340): view('PengelolaRisiko...', Array)
#5 C:\xampp\htdocs\manrisk\system\CodeIgniter.php(832): App\Controllers\PengelolaRisiko->penilaianLanjutan('2')
#6 C:\xampp\htdocs\manrisk\system\CodeIgniter.php(419): CodeIgniter\CodeIgniter->runController(Object(App\Controllers\PengelolaRisiko))
#7 C:\xampp\htdocs\manrisk\system\CodeIgniter.php(326): CodeIgniter\CodeIgniter->handleRequest(NULL, Object(Config\Cache), false)
#8 C:\xampp\htdocs\manrisk\index.php(37): CodeIgniter\CodeIgniter->run()
#9 {main}
CRITICAL - 2022-06-04 05:46:37 --> Undefined index: level_Dampak
#0 C:\xampp\htdocs\manrisk\app\Views\PengelolaRisiko\form-input-pemantauan-besaran-risiko.php(70): CodeIgniter\Debug\Exceptions->errorHandler(8, 'Undefined index...', 'C:\\xampp\\htdocs...', 70, Array)
#1 C:\xampp\htdocs\manrisk\system\View\View.php(210): include('C:\\xampp\\htdocs...')
#2 C:\xampp\htdocs\manrisk\system\View\View.php(213): CodeIgniter\View\View->CodeIgniter\View\{closure}()
#3 C:\xampp\htdocs\manrisk\system\Common.php(1089): CodeIgniter\View\View->render('PengelolaRisiko...', Array, true)
#4 C:\xampp\htdocs\manrisk\app\Controllers\PengelolaRisiko.php(4340): view('PengelolaRisiko...', Array)
#5 C:\xampp\htdocs\manrisk\system\CodeIgniter.php(832): App\Controllers\PengelolaRisiko->penilaianLanjutan('2')
#6 C:\xampp\htdocs\manrisk\system\CodeIgniter.php(419): CodeIgniter\CodeIgniter->runController(Object(App\Controllers\PengelolaRisiko))
#7 C:\xampp\htdocs\manrisk\system\CodeIgniter.php(326): CodeIgniter\CodeIgniter->handleRequest(NULL, Object(Config\Cache), false)
#8 C:\xampp\htdocs\manrisk\index.php(37): CodeIgniter\CodeIgniter->run()
#9 {main}
CRITICAL - 2022-06-04 06:12:54 --> Array to string conversion
#0 C:\xampp\htdocs\manrisk\app\Controllers\PengelolaRisiko.php(4332): CodeIgniter\Debug\Exceptions->errorHandler(8, 'Array to string...', 'C:\\xampp\\htdocs...', 4332, Array)
#1 C:\xampp\htdocs\manrisk\system\CodeIgniter.php(832): App\Controllers\PengelolaRisiko->penilaianLanjutan('2')
#2 C:\xampp\htdocs\manrisk\system\CodeIgniter.php(419): CodeIgniter\CodeIgniter->runController(Object(App\Controllers\PengelolaRisiko))
#3 C:\xampp\htdocs\manrisk\system\CodeIgniter.php(326): CodeIgniter\CodeIgniter->handleRequest(NULL, Object(Config\Cache), false)
#4 C:\xampp\htdocs\manrisk\index.php(37): CodeIgniter\CodeIgniter->run()
#5 {main}
CRITICAL - 2022-06-04 06:23:52 --> Array to string conversion
#0 C:\xampp\htdocs\manrisk\app\Controllers\PengelolaRisiko.php(4336): CodeIgniter\Debug\Exceptions->errorHandler(8, 'Array to string...', 'C:\\xampp\\htdocs...', 4336, Array)
#1 C:\xampp\htdocs\manrisk\system\CodeIgniter.php(832): App\Controllers\PengelolaRisiko->penilaianLanjutan('2')
#2 C:\xampp\htdocs\manrisk\system\CodeIgniter.php(419): CodeIgniter\CodeIgniter->runController(Object(App\Controllers\PengelolaRisiko))
#3 C:\xampp\htdocs\manrisk\system\CodeIgniter.php(326): CodeIgniter\CodeIgniter->handleRequest(NULL, Object(Config\Cache), false)
#4 C:\xampp\htdocs\manrisk\index.php(37): CodeIgniter\CodeIgniter->run()
#5 {main}
CRITICAL - 2022-06-04 06:26:16 --> Array to string conversion
#0 C:\xampp\htdocs\manrisk\app\Controllers\PengelolaRisiko.php(4341): CodeIgniter\Debug\Exceptions->errorHandler(8, 'Array to string...', 'C:\\xampp\\htdocs...', 4341, Array)
#1 C:\xampp\htdocs\manrisk\system\CodeIgniter.php(832): App\Controllers\PengelolaRisiko->penilaianLanjutan('2')
#2 C:\xampp\htdocs\manrisk\system\CodeIgniter.php(419): CodeIgniter\CodeIgniter->runController(Object(App\Controllers\PengelolaRisiko))
#3 C:\xampp\htdocs\manrisk\system\CodeIgniter.php(326): CodeIgniter\CodeIgniter->handleRequest(NULL, Object(Config\Cache), false)
#4 C:\xampp\htdocs\manrisk\index.php(37): CodeIgniter\CodeIgniter->run()
#5 {main}
CRITICAL - 2022-06-04 07:44:41 --> Undefined index: id_area_dampak
#0 C:\xampp\htdocs\manrisk\app\Controllers\PengelolaRisiko.php(4371): CodeIgniter\Debug\Exceptions->errorHandler(8, 'Undefined index...', 'C:\\xampp\\htdocs...', 4371, Array)
#1 C:\xampp\htdocs\manrisk\system\CodeIgniter.php(832): App\Controllers\PengelolaRisiko->inputPemantauanRisiko('2', '6', '3', '5', '22', 'Sangat Tinggi', '25')
#2 C:\xampp\htdocs\manrisk\system\CodeIgniter.php(419): CodeIgniter\CodeIgniter->runController(Object(App\Controllers\PengelolaRisiko))
#3 C:\xampp\htdocs\manrisk\system\CodeIgniter.php(326): CodeIgniter\CodeIgniter->handleRequest(NULL, Object(Config\Cache), false)
#4 C:\xampp\htdocs\manrisk\index.php(37): CodeIgniter\CodeIgniter->run()
#5 {main}
CRITICAL - 2022-06-04 07:46:30 --> Invalid file: PengelolaRisiko/form-input-pemantauan-risiko.php
#0 C:\xampp\htdocs\manrisk\system\View\View.php(198): CodeIgniter\Exceptions\FrameworkException::forInvalidFile('PengelolaRisiko...')
#1 C:\xampp\htdocs\manrisk\system\Common.php(1089): CodeIgniter\View\View->render('PengelolaRisiko...', Array, true)
#2 C:\xampp\htdocs\manrisk\app\Controllers\PengelolaRisiko.php(4446): view('PengelolaRisiko...', Array)
#3 C:\xampp\htdocs\manrisk\system\CodeIgniter.php(832): App\Controllers\PengelolaRisiko->inputPemantauanRisiko('2', '6', '5', '4', '23', 'Sangat Tinggi', '25')
#4 C:\xampp\htdocs\manrisk\system\CodeIgniter.php(419): CodeIgniter\CodeIgniter->runController(Object(App\Controllers\PengelolaRisiko))
#5 C:\xampp\htdocs\manrisk\system\CodeIgniter.php(326): CodeIgniter\CodeIgniter->handleRequest(NULL, Object(Config\Cache), false)
#6 C:\xampp\htdocs\manrisk\index.php(37): CodeIgniter\CodeIgniter->run()
#7 {main}
CRITICAL - 2022-06-04 10:33:09 --> syntax error, unexpected '$inputData' (T_VARIABLE)
#0 C:\xampp\htdocs\manrisk\system\Router\Router.php(175): CodeIgniter\Router\Router->autoRoute('pengelolaRisiko...')
#1 C:\xampp\htdocs\manrisk\system\CodeIgniter.php(726): CodeIgniter\Router\Router->handle('pengelolaRisiko...')
#2 C:\xampp\htdocs\manrisk\system\CodeIgniter.php(368): CodeIgniter\CodeIgniter->tryToRouteIt(Object(CodeIgniter\Router\RouteCollection))
#3 C:\xampp\htdocs\manrisk\system\CodeIgniter.php(326): CodeIgniter\CodeIgniter->handleRequest(NULL, Object(Config\Cache), false)
#4 C:\xampp\htdocs\manrisk\index.php(37): CodeIgniter\CodeIgniter->run()
#5 {main}
CRITICAL - 2022-06-04 10:33:11 --> syntax error, unexpected '$inputData' (T_VARIABLE)
#0 C:\xampp\htdocs\manrisk\system\Router\Router.php(175): CodeIgniter\Router\Router->autoRoute('pengelolaRisiko...')
#1 C:\xampp\htdocs\manrisk\system\CodeIgniter.php(726): CodeIgniter\Router\Router->handle('pengelolaRisiko...')
#2 C:\xampp\htdocs\manrisk\system\CodeIgniter.php(368): CodeIgniter\CodeIgniter->tryToRouteIt(Object(CodeIgniter\Router\RouteCollection))
#3 C:\xampp\htdocs\manrisk\system\CodeIgniter.php(326): CodeIgniter\CodeIgniter->handleRequest(NULL, Object(Config\Cache), false)
#4 C:\xampp\htdocs\manrisk\index.php(37): CodeIgniter\CodeIgniter->run()
#5 {main}
CRITICAL - 2022-06-04 10:33:13 --> syntax error, unexpected '$inputData' (T_VARIABLE)
#0 C:\xampp\htdocs\manrisk\system\Router\Router.php(175): CodeIgniter\Router\Router->autoRoute('pengelolaRisiko...')
#1 C:\xampp\htdocs\manrisk\system\CodeIgniter.php(726): CodeIgniter\Router\Router->handle('pengelolaRisiko...')
#2 C:\xampp\htdocs\manrisk\system\CodeIgniter.php(368): CodeIgniter\CodeIgniter->tryToRouteIt(Object(CodeIgniter\Router\RouteCollection))
#3 C:\xampp\htdocs\manrisk\system\CodeIgniter.php(326): CodeIgniter\CodeIgniter->handleRequest(NULL, Object(Config\Cache), false)
#4 C:\xampp\htdocs\manrisk\index.php(37): CodeIgniter\CodeIgniter->run()
#5 {main}
ERROR - 2022-06-04 10:34:45 --> Unknown column 'pemantauan_risiko_spbe.waktu_pelaksanaan' in 'field list'
CRITICAL - 2022-06-04 10:34:45 --> Unknown column 'pemantauan_risiko_spbe.waktu_pelaksanaan' in 'field list'
#0 C:\xampp\htdocs\manrisk\system\Database\MySQLi\Connection.php(292): mysqli->query('SELECT pemantau...', 0)
#1 C:\xampp\htdocs\manrisk\system\Database\BaseConnection.php(670): CodeIgniter\Database\MySQLi\Connection->execute('SELECT pemantau...')
#2 C:\xampp\htdocs\manrisk\system\Database\BaseConnection.php(598): CodeIgniter\Database\BaseConnection->simpleQuery('SELECT pemantau...')
#3 C:\xampp\htdocs\manrisk\app\Models\PemantauanRisikoModel.php(63): CodeIgniter\Database\BaseConnection->query('SELECT pemantau...')
#4 C:\xampp\htdocs\manrisk\app\Controllers\PengelolaRisiko.php(4278): App\Models\PemantauanRisikoModel->getPemantauan()
#5 C:\xampp\htdocs\manrisk\system\CodeIgniter.php(832): App\Controllers\PengelolaRisiko->getPemantauanRisiko()
#6 C:\xampp\htdocs\manrisk\system\CodeIgniter.php(419): CodeIgniter\CodeIgniter->runController(Object(App\Controllers\PengelolaRisiko))
#7 C:\xampp\htdocs\manrisk\system\CodeIgniter.php(326): CodeIgniter\CodeIgniter->handleRequest(NULL, Object(Config\Cache), false)
#8 C:\xampp\htdocs\manrisk\index.php(37): CodeIgniter\CodeIgniter->run()
#9 {main}
ERROR - 2022-06-04 10:35:04 --> Unknown column 'pemantauan_risiko_spbe.waktu_pelaksanaan' in 'field list'
CRITICAL - 2022-06-04 10:35:04 --> Unknown column 'pemantauan_risiko_spbe.waktu_pelaksanaan' in 'field list'
#0 C:\xampp\htdocs\manrisk\system\Database\MySQLi\Connection.php(292): mysqli->query('SELECT pemantau...', 0)
#1 C:\xampp\htdocs\manrisk\system\Database\BaseConnection.php(670): CodeIgniter\Database\MySQLi\Connection->execute('SELECT pemantau...')
#2 C:\xampp\htdocs\manrisk\system\Database\BaseConnection.php(598): CodeIgniter\Database\BaseConnection->simpleQuery('SELECT pemantau...')
#3 C:\xampp\htdocs\manrisk\app\Models\PemantauanRisikoModel.php(63): CodeIgniter\Database\BaseConnection->query('SELECT pemantau...')
#4 C:\xampp\htdocs\manrisk\app\Controllers\PengelolaRisiko.php(4278): App\Models\PemantauanRisikoModel->getPemantauan()
#5 C:\xampp\htdocs\manrisk\system\CodeIgniter.php(832): App\Controllers\PengelolaRisiko->getPemantauanRisiko()
#6 C:\xampp\htdocs\manrisk\system\CodeIgniter.php(419): CodeIgniter\CodeIgniter->runController(Object(App\Controllers\PengelolaRisiko))
#7 C:\xampp\htdocs\manrisk\system\CodeIgniter.php(326): CodeIgniter\CodeIgniter->handleRequest(NULL, Object(Config\Cache), false)
#8 C:\xampp\htdocs\manrisk\index.php(37): CodeIgniter\CodeIgniter->run()
#9 {main}
CRITICAL - 2022-06-04 10:36:04 --> Cannot use object of type App\Models\PemantauanRisikoModel as array
#0 C:\xampp\htdocs\manrisk\system\CodeIgniter.php(832): App\Controllers\PengelolaRisiko->inputPemantauanRisiko('2', 'tahunan')
#1 C:\xampp\htdocs\manrisk\system\CodeIgniter.php(419): CodeIgniter\CodeIgniter->runController(Object(App\Controllers\PengelolaRisiko))
#2 C:\xampp\htdocs\manrisk\system\CodeIgniter.php(326): CodeIgniter\CodeIgniter->handleRequest(NULL, Object(Config\Cache), false)
#3 C:\xampp\htdocs\manrisk\index.php(37): CodeIgniter\CodeIgniter->run()
#4 {main}
ERROR - 2022-06-04 10:37:52 --> You have an error in your SQL syntax; check the manual that corresponds to your MariaDB server version for the right syntax to use near 'IS NULL
AND `rentang_maks` > IS NULL' at line 3
CRITICAL - 2022-06-04 10:37:52 --> You have an error in your SQL syntax; check the manual that corresponds to your MariaDB server version for the right syntax to use near 'IS NULL
AND `rentang_maks` > IS NULL' at line 3
#0 C:\xampp\htdocs\manrisk\system\Database\MySQLi\Connection.php(292): mysqli->query('SELECT *\nFROM `...', 0)
#1 C:\xampp\htdocs\manrisk\system\Database\BaseConnection.php(670): CodeIgniter\Database\MySQLi\Connection->execute('SELECT *\nFROM `...')
#2 C:\xampp\htdocs\manrisk\system\Database\BaseConnection.php(598): CodeIgniter\Database\BaseConnection->simpleQuery('SELECT *\nFROM `...')
#3 C:\xampp\htdocs\manrisk\system\Database\BaseBuilder.php(1455): CodeIgniter\Database\BaseConnection->query('SELECT *\nFROM `...', Array, false)
#4 C:\xampp\htdocs\manrisk\system\Model.php(728): CodeIgniter\Database\BaseBuilder->get()
#5 C:\xampp\htdocs\manrisk\app\Controllers\PengelolaRisiko.php(4466): CodeIgniter\Model->__call('get', Array)
#6 C:\xampp\htdocs\manrisk\system\CodeIgniter.php(832): App\Controllers\PengelolaRisiko->inputPemantauanRisiko('2', 'tahunan')
#7 C:\xampp\htdocs\manrisk\system\CodeIgniter.php(419): CodeIgniter\CodeIgniter->runController(Object(App\Controllers\PengelolaRisiko))
#8 C:\xampp\htdocs\manrisk\system\CodeIgniter.php(326): CodeIgniter\CodeIgniter->handleRequest(NULL, Object(Config\Cache), false)
#9 C:\xampp\htdocs\manrisk\index.php(37): CodeIgniter\CodeIgniter->run()
#10 {main}
CRITICAL - 2022-06-04 10:53:37 --> Undefined variable: id_penanganan_risiko
#0 C:\xampp\htdocs\manrisk\app\Controllers\PengelolaRisiko.php(4502): CodeIgniter\Debug\Exceptions->errorHandler(8, 'Undefined varia...', 'C:\\xampp\\htdocs...', 4502, Array)
#1 C:\xampp\htdocs\manrisk\system\CodeIgniter.php(832): App\Controllers\PengelolaRisiko->inputPemantauanRisiko('2', '1', '1', '1', 'Sangat Rendah', '25', 'triwulan')
#2 C:\xampp\htdocs\manrisk\system\CodeIgniter.php(419): CodeIgniter\CodeIgniter->runController(Object(App\Controllers\PengelolaRisiko))
#3 C:\xampp\htdocs\manrisk\system\CodeIgniter.php(326): CodeIgniter\CodeIgniter->handleRequest(NULL, Object(Config\Cache), false)
#4 C:\xampp\htdocs\manrisk\index.php(37): CodeIgniter\CodeIgniter->run()
#5 {main}
ERROR - 2022-06-04 11:17:03 --> You have an error in your SQL syntax; check the manual that corresponds to your MariaDB server version for the right syntax to use near 'IS NULL
AND `rentang_maks` > IS NULL' at line 3
CRITICAL - 2022-06-04 11:17:03 --> You have an error in your SQL syntax; check the manual that corresponds to your MariaDB server version for the right syntax to use near 'IS NULL
AND `rentang_maks` > IS NULL' at line 3
#0 C:\xampp\htdocs\manrisk\system\Database\MySQLi\Connection.php(292): mysqli->query('SELECT *\nFROM `...', 0)
#1 C:\xampp\htdocs\manrisk\system\Database\BaseConnection.php(670): CodeIgniter\Database\MySQLi\Connection->execute('SELECT *\nFROM `...')
#2 C:\xampp\htdocs\manrisk\system\Database\BaseConnection.php(598): CodeIgniter\Database\BaseConnection->simpleQuery('SELECT *\nFROM `...')
#3 C:\xampp\htdocs\manrisk\system\Database\BaseBuilder.php(1455): CodeIgniter\Database\BaseConnection->query('SELECT *\nFROM `...', Array, false)
#4 C:\xampp\htdocs\manrisk\system\Model.php(728): CodeIgniter\Database\BaseBuilder->get()
#5 C:\xampp\htdocs\manrisk\app\Controllers\PengelolaRisiko.php(4466): CodeIgniter\Model->__call('get', Array)
#6 C:\xampp\htdocs\manrisk\system\CodeIgniter.php(832): App\Controllers\PengelolaRisiko->inputPemantauanRisiko('2', 'tahunan')
#7 C:\xampp\htdocs\manrisk\system\CodeIgniter.php(419): CodeIgniter\CodeIgniter->runController(Object(App\Controllers\PengelolaRisiko))
#8 C:\xampp\htdocs\manrisk\system\CodeIgniter.php(326): CodeIgniter\CodeIgniter->handleRequest(NULL, Object(Config\Cache), false)
#9 C:\xampp\htdocs\manrisk\index.php(37): CodeIgniter\CodeIgniter->run()
#10 {main}
CRITICAL - 2022-06-04 12:14:43 --> Undefined variable: id_penanganan_risiko
#0 C:\xampp\htdocs\manrisk\app\Controllers\PengelolaRisiko.php(4478): CodeIgniter\Debug\Exceptions->errorHandler(8, 'Undefined varia...', 'C:\\xampp\\htdocs...', 4478, Array)
#1 C:\xampp\htdocs\manrisk\system\CodeIgniter.php(832): App\Controllers\PengelolaRisiko->inputPemantauanRisiko('2', '5', '5', '25', 'Sangat Tinggi', '25', 'triwulan')
#2 C:\xampp\htdocs\manrisk\system\CodeIgniter.php(419): CodeIgniter\CodeIgniter->runController(Object(App\Controllers\PengelolaRisiko))
#3 C:\xampp\htdocs\manrisk\system\CodeIgniter.php(326): CodeIgniter\CodeIgniter->handleRequest(NULL, Object(Config\Cache), false)
#4 C:\xampp\htdocs\manrisk\index.php(37): CodeIgniter\CodeIgniter->run()
#5 {main}
CRITICAL - 2022-06-04 12:20:16 --> Undefined variable: subsubsublink
#0 C:\xampp\htdocs\manrisk\app\Views\PengelolaRisiko\form-input-penilaian-lanjutan.php(37): CodeIgniter\Debug\Exceptions->errorHandler(8, 'Undefined varia...', 'C:\\xampp\\htdocs...', 37, Array)
#1 C:\xampp\htdocs\manrisk\system\View\View.php(210): include('C:\\xampp\\htdocs...')
#2 C:\xampp\htdocs\manrisk\system\View\View.php(213): CodeIgniter\View\View->CodeIgniter\View\{closure}()
#3 C:\xampp\htdocs\manrisk\system\Common.php(1089): CodeIgniter\View\View->render('PengelolaRisiko...', Array, true)
#4 C:\xampp\htdocs\manrisk\app\Controllers\PengelolaRisiko.php(4403): view('PengelolaRisiko...', Array)
#5 C:\xampp\htdocs\manrisk\system\CodeIgniter.php(832): App\Controllers\PengelolaRisiko->penilaianLanjutan('2', 'triwulan')
#6 C:\xampp\htdocs\manrisk\system\CodeIgniter.php(419): CodeIgniter\CodeIgniter->runController(Object(App\Controllers\PengelolaRisiko))
#7 C:\xampp\htdocs\manrisk\system\CodeIgniter.php(326): CodeIgniter\CodeIgniter->handleRequest(NULL, Object(Config\Cache), false)
#8 C:\xampp\htdocs\manrisk\index.php(37): CodeIgniter\CodeIgniter->run()
#9 {main}
CRITICAL - 2022-06-04 13:15:33 --> Undefined variable: level_kemungkinan
#0 C:\xampp\htdocs\manrisk\app\Views\PengelolaRisiko\form-input-pemantauan-risiko.php(107): CodeIgniter\Debug\Exceptions->errorHandler(8, 'Undefined varia...', 'C:\\xampp\\htdocs...', 107, Array)
#1 C:\xampp\htdocs\manrisk\system\View\View.php(210): include('C:\\xampp\\htdocs...')
#2 C:\xampp\htdocs\manrisk\system\View\View.php(213): CodeIgniter\View\View->CodeIgniter\View\{closure}()
#3 C:\xampp\htdocs\manrisk\system\Common.php(1089): CodeIgniter\View\View->render('PengelolaRisiko...', Array, true)
#4 C:\xampp\htdocs\manrisk\app\Controllers\PengelolaRisiko.php(4502): view('PengelolaRisiko...', Array)
#5 C:\xampp\htdocs\manrisk\system\CodeIgniter.php(832): App\Controllers\PengelolaRisiko->inputPemantauanRisiko('2', '4', '4', '19', 'Tinggi', '25', 'triwulan')
#6 C:\xampp\htdocs\manrisk\system\CodeIgniter.php(419): CodeIgniter\CodeIgniter->runController(Object(App\Controllers\PengelolaRisiko))
#7 C:\xampp\htdocs\manrisk\system\CodeIgniter.php(326): CodeIgniter\CodeIgniter->handleRequest(NULL, Object(Config\Cache), false)
#8 C:\xampp\htdocs\manrisk\index.php(37): CodeIgniter\CodeIgniter->run()
#9 {main}
CRITICAL - 2022-06-04 14:56:22 --> Undefined variable: BesaranRisiko
#0 C:\xampp\htdocs\manrisk\app\Views\PengelolaRisiko\form-input-pemantauan-risiko.php(116): CodeIgniter\Debug\Exceptions->errorHandler(8, 'Undefined varia...', 'C:\\xampp\\htdocs...', 116, Array)
#1 C:\xampp\htdocs\manrisk\system\View\View.php(210): include('C:\\xampp\\htdocs...')
#2 C:\xampp\htdocs\manrisk\system\View\View.php(213): CodeIgniter\View\View->CodeIgniter\View\{closure}()
#3 C:\xampp\htdocs\manrisk\system\Common.php(1089): CodeIgniter\View\View->render('PengelolaRisiko...', Array, true)
#4 C:\xampp\htdocs\manrisk\app\Controllers\PengelolaRisiko.php(4502): view('PengelolaRisiko...', Array)
#5 C:\xampp\htdocs\manrisk\system\CodeIgniter.php(832): App\Controllers\PengelolaRisiko->inputPemantauanRisiko('2', '2', '4', '13', 'Sedang', '25', 'triwulan')
#6 C:\xampp\htdocs\manrisk\system\CodeIgniter.php(419): CodeIgniter\CodeIgniter->runController(Object(App\Controllers\PengelolaRisiko))
#7 C:\xampp\htdocs\manrisk\system\CodeIgniter.php(326): CodeIgniter\CodeIgniter->handleRequest(NULL, Object(Config\Cache), false)
#8 C:\xampp\htdocs\manrisk\index.php(37): CodeIgniter\CodeIgniter->run()
#9 {main}
CRITICAL - 2022-06-04 15:16:20 --> Cannot use object of type App\Models\PenangananRisikoModel as array
#0 C:\xampp\htdocs\manrisk\system\CodeIgniter.php(832): App\Controllers\PengelolaRisiko->inputPemantauanRisiko('2', '2', '4', '13', 'Sedang', '25', 'triwulan')
#1 C:\xampp\htdocs\manrisk\system\CodeIgniter.php(419): CodeIgniter\CodeIgniter->runController(Object(App\Controllers\PengelolaRisiko))
#2 C:\xampp\htdocs\manrisk\system\CodeIgniter.php(326): CodeIgniter\CodeIgniter->handleRequest(NULL, Object(Config\Cache), false)
#3 C:\xampp\htdocs\manrisk\index.php(37): CodeIgniter\CodeIgniter->run()
#4 {main}
ERROR - 2022-06-04 15:17:27 --> Unknown column 'id_upr' in 'where clause'
CRITICAL - 2022-06-04 15:17:27 --> Unknown column 'id_upr' in 'where clause'
#0 C:\xampp\htdocs\manrisk\system\Database\MySQLi\Connection.php(292): mysqli->query('SELECT *\nFROM `...', 0)
#1 C:\xampp\htdocs\manrisk\system\Database\BaseConnection.php(670): CodeIgniter\Database\MySQLi\Connection->execute('SELECT *\nFROM `...')
#2 C:\xampp\htdocs\manrisk\system\Database\BaseConnection.php(598): CodeIgniter\Database\BaseConnection->simpleQuery('SELECT *\nFROM `...')
#3 C:\xampp\htdocs\manrisk\system\Database\BaseBuilder.php(1455): CodeIgniter\Database\BaseConnection->query('SELECT *\nFROM `...', Array, false)
#4 C:\xampp\htdocs\manrisk\system\Model.php(728): CodeIgniter\Database\BaseBuilder->get()
#5 C:\xampp\htdocs\manrisk\app\Controllers\PengelolaRisiko.php(4412): CodeIgniter\Model->__call('get', Array)
#6 C:\xampp\htdocs\manrisk\system\CodeIgniter.php(832): App\Controllers\PengelolaRisiko->inputPemantauanRisiko('2', '2', '4', '13', 'Sedang', '25', 'triwulan')
#7 C:\xampp\htdocs\manrisk\system\CodeIgniter.php(419): CodeIgniter\CodeIgniter->runController(Object(App\Controllers\PengelolaRisiko))
#8 C:\xampp\htdocs\manrisk\system\CodeIgniter.php(326): CodeIgniter\CodeIgniter->handleRequest(NULL, Object(Config\Cache), false)
#9 C:\xampp\htdocs\manrisk\index.php(37): CodeIgniter\CodeIgniter->run()
#10 {main}
CRITICAL - 2022-06-04 21:45:41 --> syntax error, unexpected end of file
#0 C:\xampp\htdocs\manrisk\system\View\View.php(213): CodeIgniter\View\View->CodeIgniter\View\{closure}()
#1 C:\xampp\htdocs\manrisk\system\Common.php(1089): CodeIgniter\View\View->render('PengelolaRisiko...', Array, true)
#2 C:\xampp\htdocs\manrisk\app\Controllers\PengelolaRisiko.php(4404): view('PengelolaRisiko...', Array)
#3 C:\xampp\htdocs\manrisk\system\CodeIgniter.php(832): App\Controllers\PengelolaRisiko->penilaianLanjutan('2', 'triwulan')
#4 C:\xampp\htdocs\manrisk\system\CodeIgniter.php(419): CodeIgniter\CodeIgniter->runController(Object(App\Controllers\PengelolaRisiko))
#5 C:\xampp\htdocs\manrisk\system\CodeIgniter.php(326): CodeIgniter\CodeIgniter->handleRequest(NULL, Object(Config\Cache), false)
#6 C:\xampp\htdocs\manrisk\index.php(37): CodeIgniter\CodeIgniter->run()
#7 {main}
CRITICAL - 2022-06-04 22:53:49 --> Undefined variable: risiko
#0 C:\xampp\htdocs\manrisk\app\Controllers\PengelolaRisiko.php(4528): CodeIgniter\Debug\Exceptions->errorHandler(8, 'Undefined varia...', 'C:\\xampp\\htdocs...', 4528, Array)
#1 C:\xampp\htdocs\manrisk\system\CodeIgniter.php(832): App\Controllers\PengelolaRisiko->updatePemantauanRisiko('1')
#2 C:\xampp\htdocs\manrisk\system\CodeIgniter.php(419): CodeIgniter\CodeIgniter->runController(Object(App\Controllers\PengelolaRisiko))
#3 C:\xampp\htdocs\manrisk\system\CodeIgniter.php(326): CodeIgniter\CodeIgniter->handleRequest(NULL, Object(Config\Cache), false)
#4 C:\xampp\htdocs\manrisk\index.php(37): CodeIgniter\CodeIgniter->run()
#5 {main}
CRITICAL - 2022-06-04 22:55:51 --> Undefined variable: rencana_penanganan
#0 C:\xampp\htdocs\manrisk\app\Controllers\PengelolaRisiko.php(4536): CodeIgniter\Debug\Exceptions->errorHandler(8, 'Undefined varia...', 'C:\\xampp\\htdocs...', 4536, Array)
#1 C:\xampp\htdocs\manrisk\system\CodeIgniter.php(832): App\Controllers\PengelolaRisiko->updatePemantauanRisiko('1')
#2 C:\xampp\htdocs\manrisk\system\CodeIgniter.php(419): CodeIgniter\CodeIgniter->runController(Object(App\Controllers\PengelolaRisiko))
#3 C:\xampp\htdocs\manrisk\system\CodeIgniter.php(326): CodeIgniter\CodeIgniter->handleRequest(NULL, Object(Config\Cache), false)
#4 C:\xampp\htdocs\manrisk\index.php(37): CodeIgniter\CodeIgniter->run()
#5 {main}
CRITICAL - 2022-06-04 22:59:26 --> Undefined variable: sublink
#0 C:\xampp\htdocs\manrisk\app\Views\PengelolaRisiko\form-edit-pemantauan-risiko.php(29): CodeIgniter\Debug\Exceptions->errorHandler(8, 'Undefined varia...', 'C:\\xampp\\htdocs...', 29, Array)
#1 C:\xampp\htdocs\manrisk\system\View\View.php(210): include('C:\\xampp\\htdocs...')
#2 C:\xampp\htdocs\manrisk\system\View\View.php(213): CodeIgniter\View\View->CodeIgniter\View\{closure}()
#3 C:\xampp\htdocs\manrisk\system\Common.php(1089): CodeIgniter\View\View->render('PengelolaRisiko...', Array, true)
#4 C:\xampp\htdocs\manrisk\app\Controllers\PengelolaRisiko.php(4576): view('PengelolaRisiko...', Array)
#5 C:\xampp\htdocs\manrisk\system\CodeIgniter.php(832): App\Controllers\PengelolaRisiko->updatePemantauanRisiko('1')
#6 C:\xampp\htdocs\manrisk\system\CodeIgniter.php(419): CodeIgniter\CodeIgniter->runController(Object(App\Controllers\PengelolaRisiko))
#7 C:\xampp\htdocs\manrisk\system\CodeIgniter.php(326): CodeIgniter\CodeIgniter->handleRequest(NULL, Object(Config\Cache), false)
#8 C:\xampp\htdocs\manrisk\index.php(37): CodeIgniter\CodeIgniter->run()
#9 {main}
CRITICAL - 2022-06-04 23:00:43 --> Undefined variable: jenis_laporan
#0 C:\xampp\htdocs\manrisk\app\Views\PengelolaRisiko\form-edit-pemantauan-risiko.php(81): CodeIgniter\Debug\Exceptions->errorHandler(8, 'Undefined varia...', 'C:\\xampp\\htdocs...', 81, Array)
#1 C:\xampp\htdocs\manrisk\system\View\View.php(210): include('C:\\xampp\\htdocs...')
#2 C:\xampp\htdocs\manrisk\system\View\View.php(213): CodeIgniter\View\View->CodeIgniter\View\{closure}()
#3 C:\xampp\htdocs\manrisk\system\Common.php(1089): CodeIgniter\View\View->render('PengelolaRisiko...', Array, true)
#4 C:\xampp\htdocs\manrisk\app\Controllers\PengelolaRisiko.php(4576): view('PengelolaRisiko...', Array)
#5 C:\xampp\htdocs\manrisk\system\CodeIgniter.php(832): App\Controllers\PengelolaRisiko->updatePemantauanRisiko('1')
#6 C:\xampp\htdocs\manrisk\system\CodeIgniter.php(419): CodeIgniter\CodeIgniter->runController(Object(App\Controllers\PengelolaRisiko))
#7 C:\xampp\htdocs\manrisk\system\CodeIgniter.php(326): CodeIgniter\CodeIgniter->handleRequest(NULL, Object(Config\Cache), false)
#8 C:\xampp\htdocs\manrisk\index.php(37): CodeIgniter\CodeIgniter->run()
#9 {main}
CRITICAL - 2022-06-04 23:01:13 --> Undefined variable: jenis_laporan
#0 C:\xampp\htdocs\manrisk\app\Views\PengelolaRisiko\form-edit-pemantauan-risiko.php(81): CodeIgniter\Debug\Exceptions->errorHandler(8, 'Undefined varia...', 'C:\\xampp\\htdocs...', 81, Array)
#1 C:\xampp\htdocs\manrisk\system\View\View.php(210): include('C:\\xampp\\htdocs...')
#2 C:\xampp\htdocs\manrisk\system\View\View.php(213): CodeIgniter\View\View->CodeIgniter\View\{closure}()
#3 C:\xampp\htdocs\manrisk\system\Common.php(1089): CodeIgniter\View\View->render('PengelolaRisiko...', Array, true)
#4 C:\xampp\htdocs\manrisk\app\Controllers\PengelolaRisiko.php(4576): view('PengelolaRisiko...', Array)
#5 C:\xampp\htdocs\manrisk\system\CodeIgniter.php(832): App\Controllers\PengelolaRisiko->updatePemantauanRisiko('1')
#6 C:\xampp\htdocs\manrisk\system\CodeIgniter.php(419): CodeIgniter\CodeIgniter->runController(Object(App\Controllers\PengelolaRisiko))
#7 C:\xampp\htdocs\manrisk\system\CodeIgniter.php(326): CodeIgniter\CodeIgniter->handleRequest(NULL, Object(Config\Cache), false)
#8 C:\xampp\htdocs\manrisk\index.php(37): CodeIgniter\CodeIgniter->run()
#9 {main}
ERROR - 2022-06-04 23:11:04 --> Cannot add or update a child row: a foreign key constraint fails (`manrisk`.`pemantauan_risiko_spbe`, CONSTRAINT `pemantauan_risiko_SPBE_id_level_kemungkinan_pemantauan_foreign` FOREIGN KEY (`id_level_kemungkinan_pemantauan`) REFERENCES `level_kemungkinan_ri)
CRITICAL - 2022-06-04 23:11:04 --> Cannot add or update a child row: a foreign key constraint fails (`manrisk`.`pemantauan_risiko_spbe`, CONSTRAINT `pemantauan_risiko_SPBE_id_level_kemungkinan_pemantauan_foreign` FOREIGN KEY (`id_level_kemungkinan_pemantauan`) REFERENCES `level_kemungkinan_ri)
#0 C:\xampp\htdocs\manrisk\system\Database\MySQLi\Connection.php(292): mysqli->query('UPDATE `pemanta...', 0)
#1 C:\xampp\htdocs\manrisk\system\Database\BaseConnection.php(670): CodeIgniter\Database\MySQLi\Connection->execute('UPDATE `pemanta...')
#2 C:\xampp\htdocs\manrisk\system\Database\BaseConnection.php(598): CodeIgniter\Database\BaseConnection->simpleQuery('UPDATE `pemanta...')
#3 C:\xampp\htdocs\manrisk\system\Database\BaseBuilder.php(1913): CodeIgniter\Database\BaseConnection->query('UPDATE `pemanta...', Array, false)
#4 C:\xampp\htdocs\manrisk\system\Model.php(298): CodeIgniter\Database\BaseBuilder->update()
#5 C:\xampp\htdocs\manrisk\system\BaseModel.php(865): CodeIgniter\Model->doUpdate(NULL, Array)
#6 C:\xampp\htdocs\manrisk\system\Model.php(651): CodeIgniter\BaseModel->update(NULL, Array)
#7 C:\xampp\htdocs\manrisk\app\Controllers\PengelolaRisiko.php(4564): CodeIgniter\Model->update()
#8 C:\xampp\htdocs\manrisk\system\CodeIgniter.php(832): App\Controllers\PengelolaRisiko->updatePemantauanRisiko('1')
#9 C:\xampp\htdocs\manrisk\system\CodeIgniter.php(419): CodeIgniter\CodeIgniter->runController(Object(App\Controllers\PengelolaRisiko))
#10 C:\xampp\htdocs\manrisk\system\CodeIgniter.php(326): CodeIgniter\CodeIgniter->handleRequest(NULL, Object(Config\Cache), false)
#11 C:\xampp\htdocs\manrisk\index.php(37): CodeIgniter\CodeIgniter->run()
#12 {main}
ERROR - 2022-06-04 23:21:43 --> You have an error in your SQL syntax; check the manual that corresponds to your MariaDB server version for the right syntax to use near 'ORDER BY besaran_risiko DESC' at line 39
CRITICAL - 2022-06-04 23:21:43 --> You have an error in your SQL syntax; check the manual that corresponds to your MariaDB server version for the right syntax to use near 'ORDER BY besaran_risiko DESC' at line 39
#0 C:\xampp\htdocs\manrisk\system\Database\MySQLi\Connection.php(292): mysqli->query('SELECT penilaia...', 0)
#1 C:\xampp\htdocs\manrisk\system\Database\BaseConnection.php(670): CodeIgniter\Database\MySQLi\Connection->execute('SELECT penilaia...')
#2 C:\xampp\htdocs\manrisk\system\Database\BaseConnection.php(598): CodeIgniter\Database\BaseConnection->simpleQuery('SELECT penilaia...')
#3 C:\xampp\htdocs\manrisk\app\Models\PenilaianRisikoModel.php(290): CodeIgniter\Database\BaseConnection->query('SELECT penilaia...')
#4 C:\xampp\htdocs\manrisk\app\Controllers\PengelolaRisiko.php(4519): App\Models\PenilaianRisikoModel->getPenilaianById(NULL)
#5 C:\xampp\htdocs\manrisk\system\CodeIgniter.php(832): App\Controllers\PengelolaRisiko->updatePemantauanRisiko('2', '2', '3', '11', 'Sedang', '25', '1')
#6 C:\xampp\htdocs\manrisk\system\CodeIgniter.php(419): CodeIgniter\CodeIgniter->runController(Object(App\Controllers\PengelolaRisiko))
#7 C:\xampp\htdocs\manrisk\system\CodeIgniter.php(326): CodeIgniter\CodeIgniter->handleRequest(NULL, Object(Config\Cache), false)
#8 C:\xampp\htdocs\manrisk\index.php(37): CodeIgniter\CodeIgniter->run()
#9 {main}
ERROR - 2022-06-04 23:25:28 --> You have an error in your SQL syntax; check the manual that corresponds to your MariaDB server version for the right syntax to use near 'ORDER BY besaran_risiko DESC' at line 39
CRITICAL - 2022-06-04 23:25:28 --> You have an error in your SQL syntax; check the manual that corresponds to your MariaDB server version for the right syntax to use near 'ORDER BY besaran_risiko DESC' at line 39
#0 C:\xampp\htdocs\manrisk\system\Database\MySQLi\Connection.php(292): mysqli->query('SELECT penilaia...', 0)
#1 C:\xampp\htdocs\manrisk\system\Database\BaseConnection.php(670): CodeIgniter\Database\MySQLi\Connection->execute('SELECT penilaia...')
#2 C:\xampp\htdocs\manrisk\system\Database\BaseConnection.php(598): CodeIgniter\Database\BaseConnection->simpleQuery('SELECT penilaia...')
#3 C:\xampp\htdocs\manrisk\app\Models\PenilaianRisikoModel.php(290): CodeIgniter\Database\BaseConnection->query('SELECT penilaia...')
#4 C:\xampp\htdocs\manrisk\app\Controllers\PengelolaRisiko.php(4520): App\Models\PenilaianRisikoModel->getPenilaianById(NULL)
#5 C:\xampp\htdocs\manrisk\system\CodeIgniter.php(832): App\Controllers\PengelolaRisiko->updatePemantauanRisiko('2', '2', '3', '11', 'Sedang', '25', '1')
#6 C:\xampp\htdocs\manrisk\system\CodeIgniter.php(419): CodeIgniter\CodeIgniter->runController(Object(App\Controllers\PengelolaRisiko))
#7 C:\xampp\htdocs\manrisk\system\CodeIgniter.php(326): CodeIgniter\CodeIgniter->handleRequest(NULL, Object(Config\Cache), false)
#8 C:\xampp\htdocs\manrisk\index.php(37): CodeIgniter\CodeIgniter->run()
#9 {main}
ERROR - 2022-06-04 23:27:03 --> You have an error in your SQL syntax; check the manual that corresponds to your MariaDB server version for the right syntax to use near 'ORDER BY besaran_risiko DESC' at line 39
CRITICAL - 2022-06-04 23:27:03 --> You have an error in your SQL syntax; check the manual that corresponds to your MariaDB server version for the right syntax to use near 'ORDER BY besaran_risiko DESC' at line 39
#0 C:\xampp\htdocs\manrisk\system\Database\MySQLi\Connection.php(292): mysqli->query('SELECT penilaia...', 0)
#1 C:\xampp\htdocs\manrisk\system\Database\BaseConnection.php(670): CodeIgniter\Database\MySQLi\Connection->execute('SELECT penilaia...')
#2 C:\xampp\htdocs\manrisk\system\Database\BaseConnection.php(598): CodeIgniter\Database\BaseConnection->simpleQuery('SELECT penilaia...')
#3 C:\xampp\htdocs\manrisk\app\Models\PenilaianRisikoModel.php(290): CodeIgniter\Database\BaseConnection->query('SELECT penilaia...')
#4 C:\xampp\htdocs\manrisk\app\Controllers\PengelolaRisiko.php(4520): App\Models\PenilaianRisikoModel->getPenilaianById(NULL)
#5 C:\xampp\htdocs\manrisk\system\CodeIgniter.php(832): App\Controllers\PengelolaRisiko->updatePemantauanRisiko('2', '2', '3', '11', 'Sedang', '25', '1')
#6 C:\xampp\htdocs\manrisk\system\CodeIgniter.php(419): CodeIgniter\CodeIgniter->runController(Object(App\Controllers\PengelolaRisiko))
#7 C:\xampp\htdocs\manrisk\system\CodeIgniter.php(326): CodeIgniter\CodeIgniter->handleRequest(NULL, Object(Config\Cache), false)
#8 C:\xampp\htdocs\manrisk\index.php(37): CodeIgniter\CodeIgniter->run()
#9 {main}
ERROR - 2022-06-04 23:27:17 --> You have an error in your SQL syntax; check the manual that corresponds to your MariaDB server version for the right syntax to use near 'ORDER BY besaran_risiko DESC' at line 39
CRITICAL - 2022-06-04 23:27:17 --> You have an error in your SQL syntax; check the manual that corresponds to your MariaDB server version for the right syntax to use near 'ORDER BY besaran_risiko DESC' at line 39
#0 C:\xampp\htdocs\manrisk\system\Database\MySQLi\Connection.php(292): mysqli->query('SELECT penilaia...', 0)
#1 C:\xampp\htdocs\manrisk\system\Database\BaseConnection.php(670): CodeIgniter\Database\MySQLi\Connection->execute('SELECT penilaia...')
#2 C:\xampp\htdocs\manrisk\system\Database\BaseConnection.php(598): CodeIgniter\Database\BaseConnection->simpleQuery('SELECT penilaia...')
#3 C:\xampp\htdocs\manrisk\app\Models\PenilaianRisikoModel.php(290): CodeIgniter\Database\BaseConnection->query('SELECT penilaia...')
#4 C:\xampp\htdocs\manrisk\app\Controllers\PengelolaRisiko.php(4520): App\Models\PenilaianRisikoModel->getPenilaianById(NULL)
#5 C:\xampp\htdocs\manrisk\system\CodeIgniter.php(832): App\Controllers\PengelolaRisiko->updatePemantauanRisiko('2', '1', '5', '20', 'Tinggi', '25', '1')
#6 C:\xampp\htdocs\manrisk\system\CodeIgniter.php(419): CodeIgniter\CodeIgniter->runController(Object(App\Controllers\PengelolaRisiko))
#7 C:\xampp\htdocs\manrisk\system\CodeIgniter.php(326): CodeIgniter\CodeIgniter->handleRequest(NULL, Object(Config\Cache), false)
#8 C:\xampp\htdocs\manrisk\index.php(37): CodeIgniter\CodeIgniter->run()
#9 {main}
CRITICAL - 2022-06-04 23:32:45 --> Undefined variable: levelRisiko
#0 C:\xampp\htdocs\manrisk\app\Views\PengelolaRisiko\form-edit-pemantauan-risiko.php(106): CodeIgniter\Debug\Exceptions->errorHandler(8, 'Undefined varia...', 'C:\\xampp\\htdocs...', 106, Array)
#1 C:\xampp\htdocs\manrisk\system\View\View.php(210): include('C:\\xampp\\htdocs...')
#2 C:\xampp\htdocs\manrisk\system\View\View.php(213): CodeIgniter\View\View->CodeIgniter\View\{closure}()
#3 C:\xampp\htdocs\manrisk\system\Common.php(1089): CodeIgniter\View\View->render('PengelolaRisiko...', Array, true)
#4 C:\xampp\htdocs\manrisk\app\Controllers\PengelolaRisiko.php(4579): view('PengelolaRisiko...', Array)
#5 C:\xampp\htdocs\manrisk\system\CodeIgniter.php(832): App\Controllers\PengelolaRisiko->updatePemantauanRisiko('1', '2', '1', '5', '20', 'Tinggi', '25', '1')
#6 C:\xampp\htdocs\manrisk\system\CodeIgniter.php(419): CodeIgniter\CodeIgniter->runController(Object(App\Controllers\PengelolaRisiko))
#7 C:\xampp\htdocs\manrisk\system\CodeIgniter.php(326): CodeIgniter\CodeIgniter->handleRequest(NULL, Object(Config\Cache), false)
#8 C:\xampp\htdocs\manrisk\index.php(37): CodeIgniter\CodeIgniter->run()
#9 {main}
CRITICAL - 2022-06-04 23:35:24 --> Undefined variable: kriteria_kemungkinan
#0 C:\xampp\htdocs\manrisk\app\Views\PengelolaRisiko\form-edit-pemantauan-risiko.php(106): CodeIgniter\Debug\Exceptions->errorHandler(8, 'Undefined varia...', 'C:\\xampp\\htdocs...', 106, Array)
#1 C:\xampp\htdocs\manrisk\system\View\View.php(210): include('C:\\xampp\\htdocs...')
#2 C:\xampp\htdocs\manrisk\system\View\View.php(213): CodeIgniter\View\View->CodeIgniter\View\{closure}()
#3 C:\xampp\htdocs\manrisk\system\Common.php(1089): CodeIgniter\View\View->render('PengelolaRisiko...', Array, true)
#4 C:\xampp\htdocs\manrisk\app\Controllers\PengelolaRisiko.php(4581): view('PengelolaRisiko...', Array)
#5 C:\xampp\htdocs\manrisk\system\CodeIgniter.php(832): App\Controllers\PengelolaRisiko->updatePemantauanRisiko('1', '2', '1', '5', '20', 'Tinggi', '25', '1')
#6 C:\xampp\htdocs\manrisk\system\CodeIgniter.php(419): CodeIgniter\CodeIgniter->runController(Object(App\Controllers\PengelolaRisiko))
#7 C:\xampp\htdocs\manrisk\system\CodeIgniter.php(326): CodeIgniter\CodeIgniter->handleRequest(NULL, Object(Config\Cache), false)
#8 C:\xampp\htdocs\manrisk\index.php(37): CodeIgniter\CodeIgniter->run()
#9 {main}
ERROR - 2022-06-04 23:35:41 --> Cannot add or update a child row: a foreign key constraint fails (`manrisk`.`pemantauan_risiko_spbe`, CONSTRAINT `pemantauan_risiko_SPBE_id_level_kemungkinan_pemantauan_foreign` FOREIGN KEY (`id_level_kemungkinan_pemantauan`) REFERENCES `level_kemungkinan_ri)
CRITICAL - 2022-06-04 23:35:41 --> Cannot add or update a child row: a foreign key constraint fails (`manrisk`.`pemantauan_risiko_spbe`, CONSTRAINT `pemantauan_risiko_SPBE_id_level_kemungkinan_pemantauan_foreign` FOREIGN KEY (`id_level_kemungkinan_pemantauan`) REFERENCES `level_kemungkinan_ri)
#0 C:\xampp\htdocs\manrisk\system\Database\MySQLi\Connection.php(292): mysqli->query('UPDATE `pemanta...', 0)
#1 C:\xampp\htdocs\manrisk\system\Database\BaseConnection.php(670): CodeIgniter\Database\MySQLi\Connection->execute('UPDATE `pemanta...')
#2 C:\xampp\htdocs\manrisk\system\Database\BaseConnection.php(598): CodeIgniter\Database\BaseConnection->simpleQuery('UPDATE `pemanta...')
#3 C:\xampp\htdocs\manrisk\system\Database\BaseBuilder.php(1913): CodeIgniter\Database\BaseConnection->query('UPDATE `pemanta...', Array, false)
#4 C:\xampp\htdocs\manrisk\system\Model.php(298): CodeIgniter\Database\BaseBuilder->update()
#5 C:\xampp\htdocs\manrisk\system\BaseModel.php(865): CodeIgniter\Model->doUpdate(NULL, Array)
#6 C:\xampp\htdocs\manrisk\system\Model.php(651): CodeIgniter\BaseModel->update(NULL, Array)
#7 C:\xampp\htdocs\manrisk\app\Controllers\PengelolaRisiko.php(4569): CodeIgniter\Model->update()
#8 C:\xampp\htdocs\manrisk\system\CodeIgniter.php(832): App\Controllers\PengelolaRisiko->updatePemantauanRisiko('1')
#9 C:\xampp\htdocs\manrisk\system\CodeIgniter.php(419): CodeIgniter\CodeIgniter->runController(Object(App\Controllers\PengelolaRisiko))
#10 C:\xampp\htdocs\manrisk\system\CodeIgniter.php(326): CodeIgniter\CodeIgniter->handleRequest(NULL, Object(Config\Cache), false)
#11 C:\xampp\htdocs\manrisk\index.php(37): CodeIgniter\CodeIgniter->run()
#12 {main}
ERROR - 2022-06-04 23:36:02 --> Cannot add or update a child row: a foreign key constraint fails (`manrisk`.`pemantauan_risiko_spbe`, CONSTRAINT `pemantauan_risiko_SPBE_id_level_kemungkinan_pemantauan_foreign` FOREIGN KEY (`id_level_kemungkinan_pemantauan`) REFERENCES `level_kemungkinan_ri)
CRITICAL - 2022-06-04 23:36:02 --> Cannot add or update a child row: a foreign key constraint fails (`manrisk`.`pemantauan_risiko_spbe`, CONSTRAINT `pemantauan_risiko_SPBE_id_level_kemungkinan_pemantauan_foreign` FOREIGN KEY (`id_level_kemungkinan_pemantauan`) REFERENCES `level_kemungkinan_ri)
#0 C:\xampp\htdocs\manrisk\system\Database\MySQLi\Connection.php(292): mysqli->query('UPDATE `pemanta...', 0)
#1 C:\xampp\htdocs\manrisk\system\Database\BaseConnection.php(670): CodeIgniter\Database\MySQLi\Connection->execute('UPDATE `pemanta...')
#2 C:\xampp\htdocs\manrisk\system\Database\BaseConnection.php(598): CodeIgniter\Database\BaseConnection->simpleQuery('UPDATE `pemanta...')
#3 C:\xampp\htdocs\manrisk\system\Database\BaseBuilder.php(1913): CodeIgniter\Database\BaseConnection->query('UPDATE `pemanta...', Array, false)
#4 C:\xampp\htdocs\manrisk\system\Model.php(298): CodeIgniter\Database\BaseBuilder->update()
#5 C:\xampp\htdocs\manrisk\system\BaseModel.php(865): CodeIgniter\Model->doUpdate(NULL, Array)
#6 C:\xampp\htdocs\manrisk\system\Model.php(651): CodeIgniter\BaseModel->update(NULL, Array)
#7 C:\xampp\htdocs\manrisk\app\Controllers\PengelolaRisiko.php(4569): CodeIgniter\Model->update()
#8 C:\xampp\htdocs\manrisk\system\CodeIgniter.php(832): App\Controllers\PengelolaRisiko->updatePemantauanRisiko('1')
#9 C:\xampp\htdocs\manrisk\system\CodeIgniter.php(419): CodeIgniter\CodeIgniter->runController(Object(App\Controllers\PengelolaRisiko))
#10 C:\xampp\htdocs\manrisk\system\CodeIgniter.php(326): CodeIgniter\CodeIgniter->handleRequest(NULL, Object(Config\Cache), false)
#11 C:\xampp\htdocs\manrisk\index.php(37): CodeIgniter\CodeIgniter->run()
#12 {main}
CRITICAL - 2022-06-04 23:36:22 --> Undefined variable: kriteria_kemungkinan
#0 C:\xampp\htdocs\manrisk\app\Views\PengelolaRisiko\form-edit-pemantauan-risiko.php(106): CodeIgniter\Debug\Exceptions->errorHandler(8, 'Undefined varia...', 'C:\\xampp\\htdocs...', 106, Array)
#1 C:\xampp\htdocs\manrisk\system\View\View.php(210): include('C:\\xampp\\htdocs...')
#2 C:\xampp\htdocs\manrisk\system\View\View.php(213): CodeIgniter\View\View->CodeIgniter\View\{closure}()
#3 C:\xampp\htdocs\manrisk\system\Common.php(1089): CodeIgniter\View\View->render('PengelolaRisiko...', Array, true)
#4 C:\xampp\htdocs\manrisk\app\Controllers\PengelolaRisiko.php(4581): view('PengelolaRisiko...', Array)
#5 C:\xampp\htdocs\manrisk\system\CodeIgniter.php(832): App\Controllers\PengelolaRisiko->updatePemantauanRisiko('1', '2', '1', '1', '1', 'Sangat Rendah', '25', '1')
#6 C:\xampp\htdocs\manrisk\system\CodeIgniter.php(419): CodeIgniter\CodeIgniter->runController(Object(App\Controllers\PengelolaRisiko))
#7 C:\xampp\htdocs\manrisk\system\CodeIgniter.php(326): CodeIgniter\CodeIgniter->handleRequest(NULL, Object(Config\Cache), false)
#8 C:\xampp\htdocs\manrisk\index.php(37): CodeIgniter\CodeIgniter->run()
#9 {main}
