CRITICAL - 2022-04-15 14:35:29 --> Undefined variable: sublink
#0 C:\xampp\htdocs\manrisk\app\Views\PengelolaRisiko\form-import.php(33): CodeIgniter\Debug\Exceptions->errorHandler(8, 'Undefined varia...', 'C:\\xampp\\htdocs...', 33, Array)
#1 C:\xampp\htdocs\manrisk\system\View\View.php(210): include('C:\\xampp\\htdocs...')
#2 C:\xampp\htdocs\manrisk\system\View\View.php(213): CodeIgniter\View\View->CodeIgniter\View\{closure}()
#3 C:\xampp\htdocs\manrisk\system\Common.php(1089): CodeIgniter\View\View->render('PengelolaRisiko...', Array, true)
#4 C:\xampp\htdocs\manrisk\app\Controllers\PengelolaRisiko.php(2550): view('PengelolaRisiko...', Array)
#5 C:\xampp\htdocs\manrisk\system\CodeIgniter.php(832): App\Controllers\PengelolaRisiko->importPenilaianRisiko()
#6 C:\xampp\htdocs\manrisk\system\CodeIgniter.php(419): CodeIgniter\CodeIgniter->runController(Object(App\Controllers\PengelolaRisiko))
#7 C:\xampp\htdocs\manrisk\system\CodeIgniter.php(326): CodeIgniter\CodeIgniter->handleRequest(NULL, Object(Config\Cache), false)
#8 C:\xampp\htdocs\manrisk\index.php(37): CodeIgniter\CodeIgniter->run()
#9 {main}
CRITICAL - 2022-04-15 14:36:05 --> Undefined variable: subsubtitle
#0 C:\xampp\htdocs\manrisk\app\Views\PengelolaRisiko\form-import.php(36): CodeIgniter\Debug\Exceptions->errorHandler(8, 'Undefined varia...', 'C:\\xampp\\htdocs...', 36, Array)
#1 C:\xampp\htdocs\manrisk\system\View\View.php(210): include('C:\\xampp\\htdocs...')
#2 C:\xampp\htdocs\manrisk\system\View\View.php(213): CodeIgniter\View\View->CodeIgniter\View\{closure}()
#3 C:\xampp\htdocs\manrisk\system\Common.php(1089): CodeIgniter\View\View->render('PengelolaRisiko...', Array, true)
#4 C:\xampp\htdocs\manrisk\app\Controllers\PengelolaRisiko.php(2551): view('PengelolaRisiko...', Array)
#5 C:\xampp\htdocs\manrisk\system\CodeIgniter.php(832): App\Controllers\PengelolaRisiko->importPenilaianRisiko()
#6 C:\xampp\htdocs\manrisk\system\CodeIgniter.php(419): CodeIgniter\CodeIgniter->runController(Object(App\Controllers\PengelolaRisiko))
#7 C:\xampp\htdocs\manrisk\system\CodeIgniter.php(326): CodeIgniter\CodeIgniter->handleRequest(NULL, Object(Config\Cache), false)
#8 C:\xampp\htdocs\manrisk\index.php(37): CodeIgniter\CodeIgniter->run()
#9 {main}
ERROR - 2022-04-15 14:47:34 --> Column 'id_sasaran_SPBE' cannot be null
CRITICAL - 2022-04-15 14:47:34 --> Column 'id_sasaran_SPBE' cannot be null
#0 C:\xampp\htdocs\manrisk\system\Database\MySQLi\Connection.php(292): mysqli->query('INSERT INTO `pe...', 0)
#1 C:\xampp\htdocs\manrisk\system\Database\BaseConnection.php(670): CodeIgniter\Database\MySQLi\Connection->execute('INSERT INTO `pe...')
#2 C:\xampp\htdocs\manrisk\system\Database\BaseConnection.php(598): CodeIgniter\Database\BaseConnection->simpleQuery('INSERT INTO `pe...')
#3 C:\xampp\htdocs\manrisk\system\Database\BaseBuilder.php(1771): CodeIgniter\Database\BaseConnection->query('INSERT INTO `pe...', Array, false)
#4 C:\xampp\htdocs\manrisk\system\Model.php(239): CodeIgniter\Database\BaseBuilder->insert()
#5 C:\xampp\htdocs\manrisk\system\BaseModel.php(738): CodeIgniter\Model->doInsert(Array)
#6 C:\xampp\htdocs\manrisk\system\Model.php(625): CodeIgniter\BaseModel->insert(Array, true)
#7 C:\xampp\htdocs\manrisk\app\Controllers\PengelolaRisiko.php(2506): CodeIgniter\Model->insert(Array)
#8 C:\xampp\htdocs\manrisk\system\CodeIgniter.php(832): App\Controllers\PengelolaRisiko->importPenilaianRisiko()
#9 C:\xampp\htdocs\manrisk\system\CodeIgniter.php(419): CodeIgniter\CodeIgniter->runController(Object(App\Controllers\PengelolaRisiko))
#10 C:\xampp\htdocs\manrisk\system\CodeIgniter.php(326): CodeIgniter\CodeIgniter->handleRequest(NULL, Object(Config\Cache), false)
#11 C:\xampp\htdocs\manrisk\index.php(37): CodeIgniter\CodeIgniter->run()
#12 {main}
ERROR - 2022-04-15 14:50:04 --> Column 'id_sasaran_SPBE' cannot be null
CRITICAL - 2022-04-15 14:50:04 --> Column 'id_sasaran_SPBE' cannot be null
#0 C:\xampp\htdocs\manrisk\system\Database\MySQLi\Connection.php(292): mysqli->query('INSERT INTO `pe...', 0)
#1 C:\xampp\htdocs\manrisk\system\Database\BaseConnection.php(670): CodeIgniter\Database\MySQLi\Connection->execute('INSERT INTO `pe...')
#2 C:\xampp\htdocs\manrisk\system\Database\BaseConnection.php(598): CodeIgniter\Database\BaseConnection->simpleQuery('INSERT INTO `pe...')
#3 C:\xampp\htdocs\manrisk\system\Database\BaseBuilder.php(1771): CodeIgniter\Database\BaseConnection->query('INSERT INTO `pe...', Array, false)
#4 C:\xampp\htdocs\manrisk\system\Model.php(239): CodeIgniter\Database\BaseBuilder->insert()
#5 C:\xampp\htdocs\manrisk\system\BaseModel.php(738): CodeIgniter\Model->doInsert(Array)
#6 C:\xampp\htdocs\manrisk\system\Model.php(625): CodeIgniter\BaseModel->insert(Array, true)
#7 C:\xampp\htdocs\manrisk\app\Controllers\PengelolaRisiko.php(2506): CodeIgniter\Model->insert(Array)
#8 C:\xampp\htdocs\manrisk\system\CodeIgniter.php(832): App\Controllers\PengelolaRisiko->importPenilaianRisiko()
#9 C:\xampp\htdocs\manrisk\system\CodeIgniter.php(419): CodeIgniter\CodeIgniter->runController(Object(App\Controllers\PengelolaRisiko))
#10 C:\xampp\htdocs\manrisk\system\CodeIgniter.php(326): CodeIgniter\CodeIgniter->handleRequest(NULL, Object(Config\Cache), false)
#11 C:\xampp\htdocs\manrisk\index.php(37): CodeIgniter\CodeIgniter->run()
#12 {main}
CRITICAL - 2022-04-15 14:57:42 --> Undefined variable: kolom1
#0 C:\xampp\htdocs\manrisk\app\Controllers\PengelolaRisiko.php(129): CodeIgniter\Debug\Exceptions->errorHandler(8, 'Undefined varia...', 'C:\\xampp\\htdocs...', 129, Array)
#1 C:\xampp\htdocs\manrisk\system\CodeIgniter.php(832): App\Controllers\PengelolaRisiko->penilaianRisiko()
#2 C:\xampp\htdocs\manrisk\system\CodeIgniter.php(419): CodeIgniter\CodeIgniter->runController(Object(App\Controllers\PengelolaRisiko))
#3 C:\xampp\htdocs\manrisk\system\CodeIgniter.php(326): CodeIgniter\CodeIgniter->handleRequest(NULL, Object(Config\Cache), false)
#4 C:\xampp\htdocs\manrisk\index.php(37): CodeIgniter\CodeIgniter->run()
#5 {main}
ERROR - 2022-04-15 15:02:39 --> Column 'id_sasaran_SPBE' cannot be null
CRITICAL - 2022-04-15 15:02:39 --> Column 'id_sasaran_SPBE' cannot be null
#0 C:\xampp\htdocs\manrisk\system\Database\MySQLi\Connection.php(292): mysqli->query('INSERT INTO `pe...', 0)
#1 C:\xampp\htdocs\manrisk\system\Database\BaseConnection.php(670): CodeIgniter\Database\MySQLi\Connection->execute('INSERT INTO `pe...')
#2 C:\xampp\htdocs\manrisk\system\Database\BaseConnection.php(598): CodeIgniter\Database\BaseConnection->simpleQuery('INSERT INTO `pe...')
#3 C:\xampp\htdocs\manrisk\system\Database\BaseBuilder.php(1771): CodeIgniter\Database\BaseConnection->query('INSERT INTO `pe...', Array, false)
#4 C:\xampp\htdocs\manrisk\system\Model.php(239): CodeIgniter\Database\BaseBuilder->insert()
#5 C:\xampp\htdocs\manrisk\system\BaseModel.php(738): CodeIgniter\Model->doInsert(Array)
#6 C:\xampp\htdocs\manrisk\system\Model.php(625): CodeIgniter\BaseModel->insert(Array, true)
#7 C:\xampp\htdocs\manrisk\app\Controllers\PengelolaRisiko.php(2509): CodeIgniter\Model->insert(Array)
#8 C:\xampp\htdocs\manrisk\system\CodeIgniter.php(832): App\Controllers\PengelolaRisiko->importPenilaianRisiko()
#9 C:\xampp\htdocs\manrisk\system\CodeIgniter.php(419): CodeIgniter\CodeIgniter->runController(Object(App\Controllers\PengelolaRisiko))
#10 C:\xampp\htdocs\manrisk\system\CodeIgniter.php(326): CodeIgniter\CodeIgniter->handleRequest(NULL, Object(Config\Cache), false)
#11 C:\xampp\htdocs\manrisk\index.php(37): CodeIgniter\CodeIgniter->run()
#12 {main}
CRITICAL - 2022-04-15 15:04:42 --> syntax error, unexpected 'return' (T_RETURN)
#0 C:\xampp\htdocs\manrisk\system\Router\Router.php(175): CodeIgniter\Router\Router->autoRoute('pengelolaRisiko...')
#1 C:\xampp\htdocs\manrisk\system\CodeIgniter.php(726): CodeIgniter\Router\Router->handle('pengelolaRisiko...')
#2 C:\xampp\htdocs\manrisk\system\CodeIgniter.php(368): CodeIgniter\CodeIgniter->tryToRouteIt(Object(CodeIgniter\Router\RouteCollection))
#3 C:\xampp\htdocs\manrisk\system\CodeIgniter.php(326): CodeIgniter\CodeIgniter->handleRequest(NULL, Object(Config\Cache), false)
#4 C:\xampp\htdocs\manrisk\index.php(37): CodeIgniter\CodeIgniter->run()
#5 {main}
ERROR - 2022-04-15 15:07:55 --> Column 'id_sasaran_SPBE' cannot be null
CRITICAL - 2022-04-15 15:07:55 --> Column 'id_sasaran_SPBE' cannot be null
#0 C:\xampp\htdocs\manrisk\system\Database\MySQLi\Connection.php(292): mysqli->query('INSERT INTO `pe...', 0)
#1 C:\xampp\htdocs\manrisk\system\Database\BaseConnection.php(670): CodeIgniter\Database\MySQLi\Connection->execute('INSERT INTO `pe...')
#2 C:\xampp\htdocs\manrisk\system\Database\BaseConnection.php(598): CodeIgniter\Database\BaseConnection->simpleQuery('INSERT INTO `pe...')
#3 C:\xampp\htdocs\manrisk\system\Database\BaseBuilder.php(1771): CodeIgniter\Database\BaseConnection->query('INSERT INTO `pe...', Array, false)
#4 C:\xampp\htdocs\manrisk\system\Model.php(239): CodeIgniter\Database\BaseBuilder->insert()
#5 C:\xampp\htdocs\manrisk\system\BaseModel.php(738): CodeIgniter\Model->doInsert(Array)
#6 C:\xampp\htdocs\manrisk\system\Model.php(625): CodeIgniter\BaseModel->insert(Array, true)
#7 C:\xampp\htdocs\manrisk\app\Controllers\PengelolaRisiko.php(2509): CodeIgniter\Model->insert(Array)
#8 C:\xampp\htdocs\manrisk\system\CodeIgniter.php(832): App\Controllers\PengelolaRisiko->importPenilaianRisiko()
#9 C:\xampp\htdocs\manrisk\system\CodeIgniter.php(419): CodeIgniter\CodeIgniter->runController(Object(App\Controllers\PengelolaRisiko))
#10 C:\xampp\htdocs\manrisk\system\CodeIgniter.php(326): CodeIgniter\CodeIgniter->handleRequest(NULL, Object(Config\Cache), false)
#11 C:\xampp\htdocs\manrisk\index.php(37): CodeIgniter\CodeIgniter->run()
#12 {main}
ERROR - 2022-04-15 15:08:58 --> Column 'id_sasaran_SPBE' cannot be null
CRITICAL - 2022-04-15 15:08:58 --> Column 'id_sasaran_SPBE' cannot be null
#0 C:\xampp\htdocs\manrisk\system\Database\MySQLi\Connection.php(292): mysqli->query('INSERT INTO `pe...', 0)
#1 C:\xampp\htdocs\manrisk\system\Database\BaseConnection.php(670): CodeIgniter\Database\MySQLi\Connection->execute('INSERT INTO `pe...')
#2 C:\xampp\htdocs\manrisk\system\Database\BaseConnection.php(598): CodeIgniter\Database\BaseConnection->simpleQuery('INSERT INTO `pe...')
#3 C:\xampp\htdocs\manrisk\system\Database\BaseBuilder.php(1771): CodeIgniter\Database\BaseConnection->query('INSERT INTO `pe...', Array, false)
#4 C:\xampp\htdocs\manrisk\system\Model.php(239): CodeIgniter\Database\BaseBuilder->insert()
#5 C:\xampp\htdocs\manrisk\system\BaseModel.php(738): CodeIgniter\Model->doInsert(Array)
#6 C:\xampp\htdocs\manrisk\system\Model.php(625): CodeIgniter\BaseModel->insert(Array, true)
#7 C:\xampp\htdocs\manrisk\app\Controllers\PengelolaRisiko.php(2509): CodeIgniter\Model->insert(Array)
#8 C:\xampp\htdocs\manrisk\system\CodeIgniter.php(832): App\Controllers\PengelolaRisiko->importPenilaianRisiko()
#9 C:\xampp\htdocs\manrisk\system\CodeIgniter.php(419): CodeIgniter\CodeIgniter->runController(Object(App\Controllers\PengelolaRisiko))
#10 C:\xampp\htdocs\manrisk\system\CodeIgniter.php(326): CodeIgniter\CodeIgniter->handleRequest(NULL, Object(Config\Cache), false)
#11 C:\xampp\htdocs\manrisk\index.php(37): CodeIgniter\CodeIgniter->run()
#12 {main}
ERROR - 2022-04-15 15:10:06 --> Column 'id_sasaran_SPBE' cannot be null
CRITICAL - 2022-04-15 15:10:06 --> Column 'id_sasaran_SPBE' cannot be null
#0 C:\xampp\htdocs\manrisk\system\Database\MySQLi\Connection.php(292): mysqli->query('INSERT INTO `pe...', 0)
#1 C:\xampp\htdocs\manrisk\system\Database\BaseConnection.php(670): CodeIgniter\Database\MySQLi\Connection->execute('INSERT INTO `pe...')
#2 C:\xampp\htdocs\manrisk\system\Database\BaseConnection.php(598): CodeIgniter\Database\BaseConnection->simpleQuery('INSERT INTO `pe...')
#3 C:\xampp\htdocs\manrisk\system\Database\BaseBuilder.php(1771): CodeIgniter\Database\BaseConnection->query('INSERT INTO `pe...', Array, false)
#4 C:\xampp\htdocs\manrisk\system\Model.php(239): CodeIgniter\Database\BaseBuilder->insert()
#5 C:\xampp\htdocs\manrisk\system\BaseModel.php(738): CodeIgniter\Model->doInsert(Array)
#6 C:\xampp\htdocs\manrisk\system\Model.php(625): CodeIgniter\BaseModel->insert(Array, true)
#7 C:\xampp\htdocs\manrisk\app\Controllers\PengelolaRisiko.php(2509): CodeIgniter\Model->insert(Array)
#8 C:\xampp\htdocs\manrisk\system\CodeIgniter.php(832): App\Controllers\PengelolaRisiko->importPenilaianRisiko()
#9 C:\xampp\htdocs\manrisk\system\CodeIgniter.php(419): CodeIgniter\CodeIgniter->runController(Object(App\Controllers\PengelolaRisiko))
#10 C:\xampp\htdocs\manrisk\system\CodeIgniter.php(326): CodeIgniter\CodeIgniter->handleRequest(NULL, Object(Config\Cache), false)
#11 C:\xampp\htdocs\manrisk\index.php(37): CodeIgniter\CodeIgniter->run()
#12 {main}
CRITICAL - 2022-04-15 17:17:58 --> Undefined variable: id_kategori_risiko
#0 C:\xampp\htdocs\manrisk\app\Controllers\PengelolaRisiko.php(2811): CodeIgniter\Debug\Exceptions->errorHandler(8, 'Undefined varia...', 'C:\\xampp\\htdocs...', 2811, Array)
#1 C:\xampp\htdocs\manrisk\system\CodeIgniter.php(832): App\Controllers\PengelolaRisiko->importPenangananRisiko()
#2 C:\xampp\htdocs\manrisk\system\CodeIgniter.php(419): CodeIgniter\CodeIgniter->runController(Object(App\Controllers\PengelolaRisiko))
#3 C:\xampp\htdocs\manrisk\system\CodeIgniter.php(326): CodeIgniter\CodeIgniter->handleRequest(NULL, Object(Config\Cache), false)
#4 C:\xampp\htdocs\manrisk\index.php(37): CodeIgniter\CodeIgniter->run()
#5 {main}
CRITICAL - 2022-04-15 17:18:31 --> Undefined variable: id_kategori_risiko
#0 C:\xampp\htdocs\manrisk\app\Controllers\PengelolaRisiko.php(2811): CodeIgniter\Debug\Exceptions->errorHandler(8, 'Undefined varia...', 'C:\\xampp\\htdocs...', 2811, Array)
#1 C:\xampp\htdocs\manrisk\system\CodeIgniter.php(832): App\Controllers\PengelolaRisiko->importPenangananRisiko()
#2 C:\xampp\htdocs\manrisk\system\CodeIgniter.php(419): CodeIgniter\CodeIgniter->runController(Object(App\Controllers\PengelolaRisiko))
#3 C:\xampp\htdocs\manrisk\system\CodeIgniter.php(326): CodeIgniter\CodeIgniter->handleRequest(NULL, Object(Config\Cache), false)
#4 C:\xampp\htdocs\manrisk\index.php(37): CodeIgniter\CodeIgniter->run()
#5 {main}
ERROR - 2022-04-15 17:29:51 --> Cannot add or update a child row: a foreign key constraint fails (`manrisk`.`rencana_penanganan_risiko_spbe`, CONSTRAINT `rencana_penanganan_risiko_SPBE_id_opsi_penanganan_foreign` FOREIGN KEY (`id_opsi_penanganan`) REFERENCES `opsi_penanganan_risiko_spbe` ()
CRITICAL - 2022-04-15 17:29:51 --> Cannot add or update a child row: a foreign key constraint fails (`manrisk`.`rencana_penanganan_risiko_spbe`, CONSTRAINT `rencana_penanganan_risiko_SPBE_id_opsi_penanganan_foreign` FOREIGN KEY (`id_opsi_penanganan`) REFERENCES `opsi_penanganan_risiko_spbe` ()
#0 C:\xampp\htdocs\manrisk\system\Database\MySQLi\Connection.php(292): mysqli->query('INSERT INTO `re...', 0)
#1 C:\xampp\htdocs\manrisk\system\Database\BaseConnection.php(670): CodeIgniter\Database\MySQLi\Connection->execute('INSERT INTO `re...')
#2 C:\xampp\htdocs\manrisk\system\Database\BaseConnection.php(598): CodeIgniter\Database\BaseConnection->simpleQuery('INSERT INTO `re...')
#3 C:\xampp\htdocs\manrisk\system\Database\BaseBuilder.php(1771): CodeIgniter\Database\BaseConnection->query('INSERT INTO `re...', Array, false)
#4 C:\xampp\htdocs\manrisk\system\Model.php(239): CodeIgniter\Database\BaseBuilder->insert()
#5 C:\xampp\htdocs\manrisk\system\BaseModel.php(738): CodeIgniter\Model->doInsert(Array)
#6 C:\xampp\htdocs\manrisk\system\Model.php(625): CodeIgniter\BaseModel->insert(Array, true)
#7 C:\xampp\htdocs\manrisk\app\Controllers\PengelolaRisiko.php(2829): CodeIgniter\Model->insert(Array)
#8 C:\xampp\htdocs\manrisk\system\CodeIgniter.php(832): App\Controllers\PengelolaRisiko->importPenangananRisiko()
#9 C:\xampp\htdocs\manrisk\system\CodeIgniter.php(419): CodeIgniter\CodeIgniter->runController(Object(App\Controllers\PengelolaRisiko))
#10 C:\xampp\htdocs\manrisk\system\CodeIgniter.php(326): CodeIgniter\CodeIgniter->handleRequest(NULL, Object(Config\Cache), false)
#11 C:\xampp\htdocs\manrisk\index.php(37): CodeIgniter\CodeIgniter->run()
#12 {main}
ERROR - 2022-04-15 17:36:49 --> Unknown column 'getMatriksRisiko' in 'where clause'
CRITICAL - 2022-04-15 17:36:49 --> Unknown column 'getMatriksRisiko' in 'where clause'
#0 C:\xampp\htdocs\manrisk\system\Database\MySQLi\Connection.php(292): mysqli->query('SELECT penilaia...', 0)
#1 C:\xampp\htdocs\manrisk\system\Database\BaseConnection.php(670): CodeIgniter\Database\MySQLi\Connection->execute('SELECT penilaia...')
#2 C:\xampp\htdocs\manrisk\system\Database\BaseConnection.php(598): CodeIgniter\Database\BaseConnection->simpleQuery('SELECT penilaia...')
#3 C:\xampp\htdocs\manrisk\app\Models\PenilaianRisikoModel.php(168): CodeIgniter\Database\BaseConnection->query('SELECT penilaia...')
#4 C:\xampp\htdocs\manrisk\app\Controllers\PengelolaRisiko.php(2304): App\Models\PenilaianRisikoModel->getPenilaianById('getMatriksRisik...')
#5 C:\xampp\htdocs\manrisk\system\CodeIgniter.php(832): App\Controllers\PengelolaRisiko->detailRisiko('getMatriksRisik...')
#6 C:\xampp\htdocs\manrisk\system\CodeIgniter.php(419): CodeIgniter\CodeIgniter->runController(Object(App\Controllers\PengelolaRisiko))
#7 C:\xampp\htdocs\manrisk\system\CodeIgniter.php(326): CodeIgniter\CodeIgniter->handleRequest(NULL, Object(Config\Cache), false)
#8 C:\xampp\htdocs\manrisk\index.php(37): CodeIgniter\CodeIgniter->run()
#9 {main}
ERROR - 2022-04-15 17:36:49 --> Unknown column 'getPenilaianRisiko' in 'where clause'
CRITICAL - 2022-04-15 17:36:49 --> Unknown column 'getPenilaianRisiko' in 'where clause'
#0 C:\xampp\htdocs\manrisk\system\Database\MySQLi\Connection.php(292): mysqli->query('SELECT penilaia...', 0)
#1 C:\xampp\htdocs\manrisk\system\Database\BaseConnection.php(670): CodeIgniter\Database\MySQLi\Connection->execute('SELECT penilaia...')
#2 C:\xampp\htdocs\manrisk\system\Database\BaseConnection.php(598): CodeIgniter\Database\BaseConnection->simpleQuery('SELECT penilaia...')
#3 C:\xampp\htdocs\manrisk\app\Models\PenilaianRisikoModel.php(168): CodeIgniter\Database\BaseConnection->query('SELECT penilaia...')
#4 C:\xampp\htdocs\manrisk\app\Controllers\PengelolaRisiko.php(2304): App\Models\PenilaianRisikoModel->getPenilaianById('getPenilaianRis...')
#5 C:\xampp\htdocs\manrisk\system\CodeIgniter.php(832): App\Controllers\PengelolaRisiko->detailRisiko('getPenilaianRis...')
#6 C:\xampp\htdocs\manrisk\system\CodeIgniter.php(419): CodeIgniter\CodeIgniter->runController(Object(App\Controllers\PengelolaRisiko))
#7 C:\xampp\htdocs\manrisk\system\CodeIgniter.php(326): CodeIgniter\CodeIgniter->handleRequest(NULL, Object(Config\Cache), false)
#8 C:\xampp\htdocs\manrisk\index.php(37): CodeIgniter\CodeIgniter->run()
#9 {main}
ERROR - 2022-04-15 17:36:49 --> Unknown column 'getLevelRisiko' in 'where clause'
CRITICAL - 2022-04-15 17:36:49 --> Unknown column 'getLevelRisiko' in 'where clause'
#0 C:\xampp\htdocs\manrisk\system\Database\MySQLi\Connection.php(292): mysqli->query('SELECT penilaia...', 0)
#1 C:\xampp\htdocs\manrisk\system\Database\BaseConnection.php(670): CodeIgniter\Database\MySQLi\Connection->execute('SELECT penilaia...')
#2 C:\xampp\htdocs\manrisk\system\Database\BaseConnection.php(598): CodeIgniter\Database\BaseConnection->simpleQuery('SELECT penilaia...')
#3 C:\xampp\htdocs\manrisk\app\Models\PenilaianRisikoModel.php(168): CodeIgniter\Database\BaseConnection->query('SELECT penilaia...')
#4 C:\xampp\htdocs\manrisk\app\Controllers\PengelolaRisiko.php(2304): App\Models\PenilaianRisikoModel->getPenilaianById('getLevelRisiko')
#5 C:\xampp\htdocs\manrisk\system\CodeIgniter.php(832): App\Controllers\PengelolaRisiko->detailRisiko('getLevelRisiko')
#6 C:\xampp\htdocs\manrisk\system\CodeIgniter.php(419): CodeIgniter\CodeIgniter->runController(Object(App\Controllers\PengelolaRisiko))
#7 C:\xampp\htdocs\manrisk\system\CodeIgniter.php(326): CodeIgniter\CodeIgniter->handleRequest(NULL, Object(Config\Cache), false)
#8 C:\xampp\htdocs\manrisk\index.php(37): CodeIgniter\CodeIgniter->run()
#9 {main}
ERROR - 2022-04-15 17:36:49 --> Unknown column 'getSeleraRisiko' in 'where clause'
CRITICAL - 2022-04-15 17:36:49 --> Unknown column 'getSeleraRisiko' in 'where clause'
#0 C:\xampp\htdocs\manrisk\system\Database\MySQLi\Connection.php(292): mysqli->query('SELECT penilaia...', 0)
#1 C:\xampp\htdocs\manrisk\system\Database\BaseConnection.php(670): CodeIgniter\Database\MySQLi\Connection->execute('SELECT penilaia...')
#2 C:\xampp\htdocs\manrisk\system\Database\BaseConnection.php(598): CodeIgniter\Database\BaseConnection->simpleQuery('SELECT penilaia...')
#3 C:\xampp\htdocs\manrisk\app\Models\PenilaianRisikoModel.php(168): CodeIgniter\Database\BaseConnection->query('SELECT penilaia...')
#4 C:\xampp\htdocs\manrisk\app\Controllers\PengelolaRisiko.php(2304): App\Models\PenilaianRisikoModel->getPenilaianById('getSeleraRisiko')
#5 C:\xampp\htdocs\manrisk\system\CodeIgniter.php(832): App\Controllers\PengelolaRisiko->detailRisiko('getSeleraRisiko')
#6 C:\xampp\htdocs\manrisk\system\CodeIgniter.php(419): CodeIgniter\CodeIgniter->runController(Object(App\Controllers\PengelolaRisiko))
#7 C:\xampp\htdocs\manrisk\system\CodeIgniter.php(326): CodeIgniter\CodeIgniter->handleRequest(NULL, Object(Config\Cache), false)
#8 C:\xampp\htdocs\manrisk\index.php(37): CodeIgniter\CodeIgniter->run()
#9 {main}
ERROR - 2022-04-15 17:36:49 --> Unknown column 'getPenangananRisiko' in 'where clause'
CRITICAL - 2022-04-15 17:36:49 --> Unknown column 'getPenangananRisiko' in 'where clause'
#0 C:\xampp\htdocs\manrisk\system\Database\MySQLi\Connection.php(292): mysqli->query('SELECT penilaia...', 0)
#1 C:\xampp\htdocs\manrisk\system\Database\BaseConnection.php(670): CodeIgniter\Database\MySQLi\Connection->execute('SELECT penilaia...')
#2 C:\xampp\htdocs\manrisk\system\Database\BaseConnection.php(598): CodeIgniter\Database\BaseConnection->simpleQuery('SELECT penilaia...')
#3 C:\xampp\htdocs\manrisk\app\Models\PenilaianRisikoModel.php(168): CodeIgniter\Database\BaseConnection->query('SELECT penilaia...')
#4 C:\xampp\htdocs\manrisk\app\Controllers\PengelolaRisiko.php(2304): App\Models\PenilaianRisikoModel->getPenilaianById('getPenangananRi...')
#5 C:\xampp\htdocs\manrisk\system\CodeIgniter.php(832): App\Controllers\PengelolaRisiko->detailRisiko('getPenangananRi...')
#6 C:\xampp\htdocs\manrisk\system\CodeIgniter.php(419): CodeIgniter\CodeIgniter->runController(Object(App\Controllers\PengelolaRisiko))
#7 C:\xampp\htdocs\manrisk\system\CodeIgniter.php(326): CodeIgniter\CodeIgniter->handleRequest(NULL, Object(Config\Cache), false)
#8 C:\xampp\htdocs\manrisk\index.php(37): CodeIgniter\CodeIgniter->run()
#9 {main}
ERROR - 2022-04-15 17:36:49 --> Unknown column 'getRisikoByKeputusan' in 'where clause'
CRITICAL - 2022-04-15 17:36:49 --> Unknown column 'getRisikoByKeputusan' in 'where clause'
#0 C:\xampp\htdocs\manrisk\system\Database\MySQLi\Connection.php(292): mysqli->query('SELECT penilaia...', 0)
#1 C:\xampp\htdocs\manrisk\system\Database\BaseConnection.php(670): CodeIgniter\Database\MySQLi\Connection->execute('SELECT penilaia...')
#2 C:\xampp\htdocs\manrisk\system\Database\BaseConnection.php(598): CodeIgniter\Database\BaseConnection->simpleQuery('SELECT penilaia...')
#3 C:\xampp\htdocs\manrisk\app\Models\PenilaianRisikoModel.php(168): CodeIgniter\Database\BaseConnection->query('SELECT penilaia...')
#4 C:\xampp\htdocs\manrisk\app\Controllers\PengelolaRisiko.php(2304): App\Models\PenilaianRisikoModel->getPenilaianById('getRisikoByKepu...')
#5 C:\xampp\htdocs\manrisk\system\CodeIgniter.php(832): App\Controllers\PengelolaRisiko->detailRisiko('getRisikoByKepu...')
#6 C:\xampp\htdocs\manrisk\system\CodeIgniter.php(419): CodeIgniter\CodeIgniter->runController(Object(App\Controllers\PengelolaRisiko))
#7 C:\xampp\htdocs\manrisk\system\CodeIgniter.php(326): CodeIgniter\CodeIgniter->handleRequest(NULL, Object(Config\Cache), false)
#8 C:\xampp\htdocs\manrisk\index.php(37): CodeIgniter\CodeIgniter->run()
#9 {main}
ERROR - 2022-04-15 17:36:50 --> Unknown column 'getInformasiUmum' in 'where clause'
CRITICAL - 2022-04-15 17:36:50 --> Unknown column 'getInformasiUmum' in 'where clause'
#0 C:\xampp\htdocs\manrisk\system\Database\MySQLi\Connection.php(292): mysqli->query('SELECT penilaia...', 0)
#1 C:\xampp\htdocs\manrisk\system\Database\BaseConnection.php(670): CodeIgniter\Database\MySQLi\Connection->execute('SELECT penilaia...')
#2 C:\xampp\htdocs\manrisk\system\Database\BaseConnection.php(598): CodeIgniter\Database\BaseConnection->simpleQuery('SELECT penilaia...')
#3 C:\xampp\htdocs\manrisk\app\Models\PenilaianRisikoModel.php(168): CodeIgniter\Database\BaseConnection->query('SELECT penilaia...')
#4 C:\xampp\htdocs\manrisk\app\Controllers\PengelolaRisiko.php(2304): App\Models\PenilaianRisikoModel->getPenilaianById('getInformasiUmu...')
#5 C:\xampp\htdocs\manrisk\system\CodeIgniter.php(832): App\Controllers\PengelolaRisiko->detailRisiko('getInformasiUmu...')
#6 C:\xampp\htdocs\manrisk\system\CodeIgniter.php(419): CodeIgniter\CodeIgniter->runController(Object(App\Controllers\PengelolaRisiko))
#7 C:\xampp\htdocs\manrisk\system\CodeIgniter.php(326): CodeIgniter\CodeIgniter->handleRequest(NULL, Object(Config\Cache), false)
#8 C:\xampp\htdocs\manrisk\index.php(37): CodeIgniter\CodeIgniter->run()
#9 {main}
ERROR - 2022-04-15 17:36:51 --> Unknown column 'getDaftarPemangkuKepentingan' in 'where clause'
CRITICAL - 2022-04-15 17:36:51 --> Unknown column 'getDaftarPemangkuKepentingan' in 'where clause'
#0 C:\xampp\htdocs\manrisk\system\Database\MySQLi\Connection.php(292): mysqli->query('SELECT penilaia...', 0)
#1 C:\xampp\htdocs\manrisk\system\Database\BaseConnection.php(670): CodeIgniter\Database\MySQLi\Connection->execute('SELECT penilaia...')
#2 C:\xampp\htdocs\manrisk\system\Database\BaseConnection.php(598): CodeIgniter\Database\BaseConnection->simpleQuery('SELECT penilaia...')
#3 C:\xampp\htdocs\manrisk\app\Models\PenilaianRisikoModel.php(168): CodeIgniter\Database\BaseConnection->query('SELECT penilaia...')
#4 C:\xampp\htdocs\manrisk\app\Controllers\PengelolaRisiko.php(2304): App\Models\PenilaianRisikoModel->getPenilaianById('getDaftarPemang...')
#5 C:\xampp\htdocs\manrisk\system\CodeIgniter.php(832): App\Controllers\PengelolaRisiko->detailRisiko('getDaftarPemang...')
#6 C:\xampp\htdocs\manrisk\system\CodeIgniter.php(419): CodeIgniter\CodeIgniter->runController(Object(App\Controllers\PengelolaRisiko))
#7 C:\xampp\htdocs\manrisk\system\CodeIgniter.php(326): CodeIgniter\CodeIgniter->handleRequest(NULL, Object(Config\Cache), false)
#8 C:\xampp\htdocs\manrisk\index.php(37): CodeIgniter\CodeIgniter->run()
#9 {main}
ERROR - 2022-04-15 17:36:51 --> Unknown column 'getDaftarAreaDampakRisikoTerpilih' in 'where clause'
CRITICAL - 2022-04-15 17:36:51 --> Unknown column 'getDaftarAreaDampakRisikoTerpilih' in 'where clause'
#0 C:\xampp\htdocs\manrisk\system\Database\MySQLi\Connection.php(292): mysqli->query('SELECT penilaia...', 0)
#1 C:\xampp\htdocs\manrisk\system\Database\BaseConnection.php(670): CodeIgniter\Database\MySQLi\Connection->execute('SELECT penilaia...')
#2 C:\xampp\htdocs\manrisk\system\Database\BaseConnection.php(598): CodeIgniter\Database\BaseConnection->simpleQuery('SELECT penilaia...')
#3 C:\xampp\htdocs\manrisk\app\Models\PenilaianRisikoModel.php(168): CodeIgniter\Database\BaseConnection->query('SELECT penilaia...')
#4 C:\xampp\htdocs\manrisk\app\Controllers\PengelolaRisiko.php(2304): App\Models\PenilaianRisikoModel->getPenilaianById('getDaftarAreaDa...')
#5 C:\xampp\htdocs\manrisk\system\CodeIgniter.php(832): App\Controllers\PengelolaRisiko->detailRisiko('getDaftarAreaDa...')
#6 C:\xampp\htdocs\manrisk\system\CodeIgniter.php(419): CodeIgniter\CodeIgniter->runController(Object(App\Controllers\PengelolaRisiko))
#7 C:\xampp\htdocs\manrisk\system\CodeIgniter.php(326): CodeIgniter\CodeIgniter->handleRequest(NULL, Object(Config\Cache), false)
#8 C:\xampp\htdocs\manrisk\index.php(37): CodeIgniter\CodeIgniter->run()
#9 {main}
ERROR - 2022-04-15 17:36:51 --> Unknown column 'getDaftarPeraturanPerundangan' in 'where clause'
CRITICAL - 2022-04-15 17:36:51 --> Unknown column 'getDaftarPeraturanPerundangan' in 'where clause'
#0 C:\xampp\htdocs\manrisk\system\Database\MySQLi\Connection.php(292): mysqli->query('SELECT penilaia...', 0)
#1 C:\xampp\htdocs\manrisk\system\Database\BaseConnection.php(670): CodeIgniter\Database\MySQLi\Connection->execute('SELECT penilaia...')
#2 C:\xampp\htdocs\manrisk\system\Database\BaseConnection.php(598): CodeIgniter\Database\BaseConnection->simpleQuery('SELECT penilaia...')
#3 C:\xampp\htdocs\manrisk\app\Models\PenilaianRisikoModel.php(168): CodeIgniter\Database\BaseConnection->query('SELECT penilaia...')
#4 C:\xampp\htdocs\manrisk\app\Controllers\PengelolaRisiko.php(2304): App\Models\PenilaianRisikoModel->getPenilaianById('getDaftarPeratu...')
#5 C:\xampp\htdocs\manrisk\system\CodeIgniter.php(832): App\Controllers\PengelolaRisiko->detailRisiko('getDaftarPeratu...')
#6 C:\xampp\htdocs\manrisk\system\CodeIgniter.php(419): CodeIgniter\CodeIgniter->runController(Object(App\Controllers\PengelolaRisiko))
#7 C:\xampp\htdocs\manrisk\system\CodeIgniter.php(326): CodeIgniter\CodeIgniter->handleRequest(NULL, Object(Config\Cache), false)
#8 C:\xampp\htdocs\manrisk\index.php(37): CodeIgniter\CodeIgniter->run()
#9 {main}
ERROR - 2022-04-15 17:36:51 --> Unknown column 'getDaftarKriteriaDampak' in 'where clause'
CRITICAL - 2022-04-15 17:36:51 --> Unknown column 'getDaftarKriteriaDampak' in 'where clause'
#0 C:\xampp\htdocs\manrisk\system\Database\MySQLi\Connection.php(292): mysqli->query('SELECT penilaia...', 0)
#1 C:\xampp\htdocs\manrisk\system\Database\BaseConnection.php(670): CodeIgniter\Database\MySQLi\Connection->execute('SELECT penilaia...')
#2 C:\xampp\htdocs\manrisk\system\Database\BaseConnection.php(598): CodeIgniter\Database\BaseConnection->simpleQuery('SELECT penilaia...')
#3 C:\xampp\htdocs\manrisk\app\Models\PenilaianRisikoModel.php(168): CodeIgniter\Database\BaseConnection->query('SELECT penilaia...')
#4 C:\xampp\htdocs\manrisk\app\Controllers\PengelolaRisiko.php(2304): App\Models\PenilaianRisikoModel->getPenilaianById('getDaftarKriter...')
#5 C:\xampp\htdocs\manrisk\system\CodeIgniter.php(832): App\Controllers\PengelolaRisiko->detailRisiko('getDaftarKriter...')
#6 C:\xampp\htdocs\manrisk\system\CodeIgniter.php(419): CodeIgniter\CodeIgniter->runController(Object(App\Controllers\PengelolaRisiko))
#7 C:\xampp\htdocs\manrisk\system\CodeIgniter.php(326): CodeIgniter\CodeIgniter->handleRequest(NULL, Object(Config\Cache), false)
#8 C:\xampp\htdocs\manrisk\index.php(37): CodeIgniter\CodeIgniter->run()
#9 {main}
ERROR - 2022-04-15 17:36:51 --> Unknown column 'getDaftarKriteriaKemungkinan' in 'where clause'
CRITICAL - 2022-04-15 17:36:51 --> Unknown column 'getDaftarKriteriaKemungkinan' in 'where clause'
#0 C:\xampp\htdocs\manrisk\system\Database\MySQLi\Connection.php(292): mysqli->query('SELECT penilaia...', 0)
#1 C:\xampp\htdocs\manrisk\system\Database\BaseConnection.php(670): CodeIgniter\Database\MySQLi\Connection->execute('SELECT penilaia...')
#2 C:\xampp\htdocs\manrisk\system\Database\BaseConnection.php(598): CodeIgniter\Database\BaseConnection->simpleQuery('SELECT penilaia...')
#3 C:\xampp\htdocs\manrisk\app\Models\PenilaianRisikoModel.php(168): CodeIgniter\Database\BaseConnection->query('SELECT penilaia...')
#4 C:\xampp\htdocs\manrisk\app\Controllers\PengelolaRisiko.php(2304): App\Models\PenilaianRisikoModel->getPenilaianById('getDaftarKriter...')
#5 C:\xampp\htdocs\manrisk\system\CodeIgniter.php(832): App\Controllers\PengelolaRisiko->detailRisiko('getDaftarKriter...')
#6 C:\xampp\htdocs\manrisk\system\CodeIgniter.php(419): CodeIgniter\CodeIgniter->runController(Object(App\Controllers\PengelolaRisiko))
#7 C:\xampp\htdocs\manrisk\system\CodeIgniter.php(326): CodeIgniter\CodeIgniter->handleRequest(NULL, Object(Config\Cache), false)
#8 C:\xampp\htdocs\manrisk\index.php(37): CodeIgniter\CodeIgniter->run()
#9 {main}
ERROR - 2022-04-15 17:36:51 --> Unknown column 'getDaftarSasaranSPBE' in 'where clause'
CRITICAL - 2022-04-15 17:36:51 --> Unknown column 'getDaftarSasaranSPBE' in 'where clause'
#0 C:\xampp\htdocs\manrisk\system\Database\MySQLi\Connection.php(292): mysqli->query('SELECT penilaia...', 0)
#1 C:\xampp\htdocs\manrisk\system\Database\BaseConnection.php(670): CodeIgniter\Database\MySQLi\Connection->execute('SELECT penilaia...')
#2 C:\xampp\htdocs\manrisk\system\Database\BaseConnection.php(598): CodeIgniter\Database\BaseConnection->simpleQuery('SELECT penilaia...')
#3 C:\xampp\htdocs\manrisk\app\Models\PenilaianRisikoModel.php(168): CodeIgniter\Database\BaseConnection->query('SELECT penilaia...')
#4 C:\xampp\htdocs\manrisk\app\Controllers\PengelolaRisiko.php(2304): App\Models\PenilaianRisikoModel->getPenilaianById('getDaftarSasara...')
#5 C:\xampp\htdocs\manrisk\system\CodeIgniter.php(832): App\Controllers\PengelolaRisiko->detailRisiko('getDaftarSasara...')
#6 C:\xampp\htdocs\manrisk\system\CodeIgniter.php(419): CodeIgniter\CodeIgniter->runController(Object(App\Controllers\PengelolaRisiko))
#7 C:\xampp\htdocs\manrisk\system\CodeIgniter.php(326): CodeIgniter\CodeIgniter->handleRequest(NULL, Object(Config\Cache), false)
#8 C:\xampp\htdocs\manrisk\index.php(37): CodeIgniter\CodeIgniter->run()
#9 {main}
ERROR - 2022-04-15 17:36:51 --> Unknown column 'getDaftarStrukturPelaksana' in 'where clause'
CRITICAL - 2022-04-15 17:36:51 --> Unknown column 'getDaftarStrukturPelaksana' in 'where clause'
#0 C:\xampp\htdocs\manrisk\system\Database\MySQLi\Connection.php(292): mysqli->query('SELECT penilaia...', 0)
#1 C:\xampp\htdocs\manrisk\system\Database\BaseConnection.php(670): CodeIgniter\Database\MySQLi\Connection->execute('SELECT penilaia...')
#2 C:\xampp\htdocs\manrisk\system\Database\BaseConnection.php(598): CodeIgniter\Database\BaseConnection->simpleQuery('SELECT penilaia...')
#3 C:\xampp\htdocs\manrisk\app\Models\PenilaianRisikoModel.php(168): CodeIgniter\Database\BaseConnection->query('SELECT penilaia...')
#4 C:\xampp\htdocs\manrisk\app\Controllers\PengelolaRisiko.php(2304): App\Models\PenilaianRisikoModel->getPenilaianById('getDaftarStrukt...')
#5 C:\xampp\htdocs\manrisk\system\CodeIgniter.php(832): App\Controllers\PengelolaRisiko->detailRisiko('getDaftarStrukt...')
#6 C:\xampp\htdocs\manrisk\system\CodeIgniter.php(419): CodeIgniter\CodeIgniter->runController(Object(App\Controllers\PengelolaRisiko))
#7 C:\xampp\htdocs\manrisk\system\CodeIgniter.php(326): CodeIgniter\CodeIgniter->handleRequest(NULL, Object(Config\Cache), false)
#8 C:\xampp\htdocs\manrisk\index.php(37): CodeIgniter\CodeIgniter->run()
#9 {main}
ERROR - 2022-04-15 17:36:51 --> Unknown column 'getDaftarKategoriRisikoTerpilih' in 'where clause'
CRITICAL - 2022-04-15 17:36:51 --> Unknown column 'getDaftarKategoriRisikoTerpilih' in 'where clause'
#0 C:\xampp\htdocs\manrisk\system\Database\MySQLi\Connection.php(292): mysqli->query('SELECT penilaia...', 0)
#1 C:\xampp\htdocs\manrisk\system\Database\BaseConnection.php(670): CodeIgniter\Database\MySQLi\Connection->execute('SELECT penilaia...')
#2 C:\xampp\htdocs\manrisk\system\Database\BaseConnection.php(598): CodeIgniter\Database\BaseConnection->simpleQuery('SELECT penilaia...')
#3 C:\xampp\htdocs\manrisk\app\Models\PenilaianRisikoModel.php(168): CodeIgniter\Database\BaseConnection->query('SELECT penilaia...')
#4 C:\xampp\htdocs\manrisk\app\Controllers\PengelolaRisiko.php(2304): App\Models\PenilaianRisikoModel->getPenilaianById('getDaftarKatego...')
#5 C:\xampp\htdocs\manrisk\system\CodeIgniter.php(832): App\Controllers\PengelolaRisiko->detailRisiko('getDaftarKatego...')
#6 C:\xampp\htdocs\manrisk\system\CodeIgniter.php(419): CodeIgniter\CodeIgniter->runController(Object(App\Controllers\PengelolaRisiko))
#7 C:\xampp\htdocs\manrisk\system\CodeIgniter.php(326): CodeIgniter\CodeIgniter->handleRequest(NULL, Object(Config\Cache), false)
#8 C:\xampp\htdocs\manrisk\index.php(37): CodeIgniter\CodeIgniter->run()
#9 {main}
ERROR - 2022-04-15 17:36:51 --> Unknown column 'getPenilaianRisiko' in 'where clause'
CRITICAL - 2022-04-15 17:36:51 --> Unknown column 'getPenilaianRisiko' in 'where clause'
#0 C:\xampp\htdocs\manrisk\system\Database\MySQLi\Connection.php(292): mysqli->query('SELECT penilaia...', 0)
#1 C:\xampp\htdocs\manrisk\system\Database\BaseConnection.php(670): CodeIgniter\Database\MySQLi\Connection->execute('SELECT penilaia...')
#2 C:\xampp\htdocs\manrisk\system\Database\BaseConnection.php(598): CodeIgniter\Database\BaseConnection->simpleQuery('SELECT penilaia...')
#3 C:\xampp\htdocs\manrisk\app\Models\PenilaianRisikoModel.php(168): CodeIgniter\Database\BaseConnection->query('SELECT penilaia...')
#4 C:\xampp\htdocs\manrisk\app\Controllers\PengelolaRisiko.php(2304): App\Models\PenilaianRisikoModel->getPenilaianById('getPenilaianRis...')
#5 C:\xampp\htdocs\manrisk\system\CodeIgniter.php(832): App\Controllers\PengelolaRisiko->detailRisiko('getPenilaianRis...')
#6 C:\xampp\htdocs\manrisk\system\CodeIgniter.php(419): CodeIgniter\CodeIgniter->runController(Object(App\Controllers\PengelolaRisiko))
#7 C:\xampp\htdocs\manrisk\system\CodeIgniter.php(326): CodeIgniter\CodeIgniter->handleRequest(NULL, Object(Config\Cache), false)
#8 C:\xampp\htdocs\manrisk\index.php(37): CodeIgniter\CodeIgniter->run()
#9 {main}
ERROR - 2022-04-15 17:36:52 --> Unknown column 'getPenilaianRisiko' in 'where clause'
CRITICAL - 2022-04-15 17:36:52 --> Unknown column 'getPenilaianRisiko' in 'where clause'
#0 C:\xampp\htdocs\manrisk\system\Database\MySQLi\Connection.php(292): mysqli->query('SELECT penilaia...', 0)
#1 C:\xampp\htdocs\manrisk\system\Database\BaseConnection.php(670): CodeIgniter\Database\MySQLi\Connection->execute('SELECT penilaia...')
#2 C:\xampp\htdocs\manrisk\system\Database\BaseConnection.php(598): CodeIgniter\Database\BaseConnection->simpleQuery('SELECT penilaia...')
#3 C:\xampp\htdocs\manrisk\app\Models\PenilaianRisikoModel.php(168): CodeIgniter\Database\BaseConnection->query('SELECT penilaia...')
#4 C:\xampp\htdocs\manrisk\app\Controllers\PengelolaRisiko.php(2304): App\Models\PenilaianRisikoModel->getPenilaianById('getPenilaianRis...')
#5 C:\xampp\htdocs\manrisk\system\CodeIgniter.php(832): App\Controllers\PengelolaRisiko->detailRisiko('getPenilaianRis...')
#6 C:\xampp\htdocs\manrisk\system\CodeIgniter.php(419): CodeIgniter\CodeIgniter->runController(Object(App\Controllers\PengelolaRisiko))
#7 C:\xampp\htdocs\manrisk\system\CodeIgniter.php(326): CodeIgniter\CodeIgniter->handleRequest(NULL, Object(Config\Cache), false)
#8 C:\xampp\htdocs\manrisk\index.php(37): CodeIgniter\CodeIgniter->run()
#9 {main}
