CRITICAL - 2022-04-24 13:26:50 --> Undefined index: id_kategori_risiko
#0 C:\xampp\htdocs\manrisk\app\Controllers\PengelolaRisiko.php(114): CodeIgniter\Debug\Exceptions->errorHandler(8, 'Undefined index...', 'C:\\xampp\\htdocs...', 114, Array)
#1 C:\xampp\htdocs\manrisk\system\CodeIgniter.php(832): App\Controllers\PengelolaRisiko->penetapanKonteks()
#2 C:\xampp\htdocs\manrisk\system\CodeIgniter.php(419): CodeIgniter\CodeIgniter->runController(Object(App\Controllers\PengelolaRisiko))
#3 C:\xampp\htdocs\manrisk\system\CodeIgniter.php(326): CodeIgniter\CodeIgniter->handleRequest(NULL, Object(Config\Cache), false)
#4 C:\xampp\htdocs\manrisk\index.php(37): CodeIgniter\CodeIgniter->run()
#5 {main}
CRITICAL - 2022-04-24 13:27:15 --> Undefined offset: 0
#0 C:\xampp\htdocs\manrisk\app\Controllers\PengelolaRisiko.php(114): CodeIgniter\Debug\Exceptions->errorHandler(8, 'Undefined offse...', 'C:\\xampp\\htdocs...', 114, Array)
#1 C:\xampp\htdocs\manrisk\system\CodeIgniter.php(832): App\Controllers\PengelolaRisiko->penetapanKonteks()
#2 C:\xampp\htdocs\manrisk\system\CodeIgniter.php(419): CodeIgniter\CodeIgniter->runController(Object(App\Controllers\PengelolaRisiko))
#3 C:\xampp\htdocs\manrisk\system\CodeIgniter.php(326): CodeIgniter\CodeIgniter->handleRequest(NULL, Object(Config\Cache), false)
#4 C:\xampp\htdocs\manrisk\index.php(37): CodeIgniter\CodeIgniter->run()
#5 {main}
CRITICAL - 2022-04-24 13:28:03 --> Undefined offset: 0
#0 C:\xampp\htdocs\manrisk\app\Controllers\PengelolaRisiko.php(114): CodeIgniter\Debug\Exceptions->errorHandler(8, 'Undefined offse...', 'C:\\xampp\\htdocs...', 114, Array)
#1 C:\xampp\htdocs\manrisk\system\CodeIgniter.php(832): App\Controllers\PengelolaRisiko->penetapanKonteks()
#2 C:\xampp\htdocs\manrisk\system\CodeIgniter.php(419): CodeIgniter\CodeIgniter->runController(Object(App\Controllers\PengelolaRisiko))
#3 C:\xampp\htdocs\manrisk\system\CodeIgniter.php(326): CodeIgniter\CodeIgniter->handleRequest(NULL, Object(Config\Cache), false)
#4 C:\xampp\htdocs\manrisk\index.php(37): CodeIgniter\CodeIgniter->run()
#5 {main}
CRITICAL - 2022-04-24 13:28:27 --> Undefined index: id_upr
#0 C:\xampp\htdocs\manrisk\app\Controllers\PengelolaRisiko.php(114): CodeIgniter\Debug\Exceptions->errorHandler(8, 'Undefined index...', 'C:\\xampp\\htdocs...', 114, Array)
#1 C:\xampp\htdocs\manrisk\system\CodeIgniter.php(832): App\Controllers\PengelolaRisiko->penetapanKonteks()
#2 C:\xampp\htdocs\manrisk\system\CodeIgniter.php(419): CodeIgniter\CodeIgniter->runController(Object(App\Controllers\PengelolaRisiko))
#3 C:\xampp\htdocs\manrisk\system\CodeIgniter.php(326): CodeIgniter\CodeIgniter->handleRequest(NULL, Object(Config\Cache), false)
#4 C:\xampp\htdocs\manrisk\index.php(37): CodeIgniter\CodeIgniter->run()
#5 {main}
CRITICAL - 2022-04-24 13:30:00 --> Undefined index: fungsi_UPR
#0 C:\xampp\htdocs\manrisk\app\Controllers\PengelolaRisiko.php(114): CodeIgniter\Debug\Exceptions->errorHandler(8, 'Undefined index...', 'C:\\xampp\\htdocs...', 114, Array)
#1 C:\xampp\htdocs\manrisk\system\CodeIgniter.php(832): App\Controllers\PengelolaRisiko->penetapanKonteks()
#2 C:\xampp\htdocs\manrisk\system\CodeIgniter.php(419): CodeIgniter\CodeIgniter->runController(Object(App\Controllers\PengelolaRisiko))
#3 C:\xampp\htdocs\manrisk\system\CodeIgniter.php(326): CodeIgniter\CodeIgniter->handleRequest(NULL, Object(Config\Cache), false)
#4 C:\xampp\htdocs\manrisk\index.php(37): CodeIgniter\CodeIgniter->run()
#5 {main}
CRITICAL - 2022-04-24 14:34:29 --> syntax error, unexpected '=>' (T_DOUBLE_ARROW), expecting ')'
#0 C:\xampp\htdocs\manrisk\system\Router\Router.php(175): CodeIgniter\Router\Router->autoRoute('koordinatorRisi...')
#1 C:\xampp\htdocs\manrisk\system\CodeIgniter.php(726): CodeIgniter\Router\Router->handle('koordinatorRisi...')
#2 C:\xampp\htdocs\manrisk\system\CodeIgniter.php(368): CodeIgniter\CodeIgniter->tryToRouteIt(Object(CodeIgniter\Router\RouteCollection))
#3 C:\xampp\htdocs\manrisk\system\CodeIgniter.php(326): CodeIgniter\CodeIgniter->handleRequest(NULL, Object(Config\Cache), false)
#4 C:\xampp\htdocs\manrisk\index.php(37): CodeIgniter\CodeIgniter->run()
#5 {main}
