ERROR - 2022-04-01 03:33:57 --> Unknown column 'getLevelRisiko' in 'where clause'
CRITICAL - 2022-04-01 03:33:57 --> Unknown column 'getLevelRisiko' in 'where clause'
#0 C:\xampp\htdocs\manrisk\system\Database\MySQLi\Connection.php(292): mysqli->query('SELECT penilaia...', 0)
#1 C:\xampp\htdocs\manrisk\system\Database\BaseConnection.php(670): CodeIgniter\Database\MySQLi\Connection->execute('SELECT penilaia...')
#2 C:\xampp\htdocs\manrisk\system\Database\BaseConnection.php(598): CodeIgniter\Database\BaseConnection->simpleQuery('SELECT penilaia...')
#3 C:\xampp\htdocs\manrisk\app\Models\PenilaianRisikoModel.php(168): CodeIgniter\Database\BaseConnection->query('SELECT penilaia...')
#4 C:\xampp\htdocs\manrisk\app\Controllers\PengelolaRisiko.php(2410): App\Models\PenilaianRisikoModel->getPenilaianById('getLevelRisiko')
#5 C:\xampp\htdocs\manrisk\system\CodeIgniter.php(832): App\Controllers\PengelolaRisiko->detailRisiko('getLevelRisiko')
#6 C:\xampp\htdocs\manrisk\system\CodeIgniter.php(419): CodeIgniter\CodeIgniter->runController(Object(App\Controllers\PengelolaRisiko))
#7 C:\xampp\htdocs\manrisk\system\CodeIgniter.php(326): CodeIgniter\CodeIgniter->handleRequest(NULL, Object(Config\Cache), false)
#8 C:\xampp\htdocs\manrisk\index.php(37): CodeIgniter\CodeIgniter->run()
#9 {main}
ERROR - 2022-04-01 03:33:58 --> Unknown column 'getMatriksRisiko' in 'where clause'
CRITICAL - 2022-04-01 03:33:58 --> Unknown column 'getMatriksRisiko' in 'where clause'
#0 C:\xampp\htdocs\manrisk\system\Database\MySQLi\Connection.php(292): mysqli->query('SELECT penilaia...', 0)
#1 C:\xampp\htdocs\manrisk\system\Database\BaseConnection.php(670): CodeIgniter\Database\MySQLi\Connection->execute('SELECT penilaia...')
#2 C:\xampp\htdocs\manrisk\system\Database\BaseConnection.php(598): CodeIgniter\Database\BaseConnection->simpleQuery('SELECT penilaia...')
#3 C:\xampp\htdocs\manrisk\app\Models\PenilaianRisikoModel.php(168): CodeIgniter\Database\BaseConnection->query('SELECT penilaia...')
#4 C:\xampp\htdocs\manrisk\app\Controllers\PengelolaRisiko.php(2410): App\Models\PenilaianRisikoModel->getPenilaianById('getMatriksRisik...')
#5 C:\xampp\htdocs\manrisk\system\CodeIgniter.php(832): App\Controllers\PengelolaRisiko->detailRisiko('getMatriksRisik...')
#6 C:\xampp\htdocs\manrisk\system\CodeIgniter.php(419): CodeIgniter\CodeIgniter->runController(Object(App\Controllers\PengelolaRisiko))
#7 C:\xampp\htdocs\manrisk\system\CodeIgniter.php(326): CodeIgniter\CodeIgniter->handleRequest(NULL, Object(Config\Cache), false)
#8 C:\xampp\htdocs\manrisk\index.php(37): CodeIgniter\CodeIgniter->run()
#9 {main}
ERROR - 2022-04-01 03:33:58 --> Unknown column 'getRisikoByKeputusan' in 'where clause'
CRITICAL - 2022-04-01 03:33:58 --> Unknown column 'getRisikoByKeputusan' in 'where clause'
#0 C:\xampp\htdocs\manrisk\system\Database\MySQLi\Connection.php(292): mysqli->query('SELECT penilaia...', 0)
#1 C:\xampp\htdocs\manrisk\system\Database\BaseConnection.php(670): CodeIgniter\Database\MySQLi\Connection->execute('SELECT penilaia...')
#2 C:\xampp\htdocs\manrisk\system\Database\BaseConnection.php(598): CodeIgniter\Database\BaseConnection->simpleQuery('SELECT penilaia...')
#3 C:\xampp\htdocs\manrisk\app\Models\PenilaianRisikoModel.php(168): CodeIgniter\Database\BaseConnection->query('SELECT penilaia...')
#4 C:\xampp\htdocs\manrisk\app\Controllers\PengelolaRisiko.php(2410): App\Models\PenilaianRisikoModel->getPenilaianById('getRisikoByKepu...')
#5 C:\xampp\htdocs\manrisk\system\CodeIgniter.php(832): App\Controllers\PengelolaRisiko->detailRisiko('getRisikoByKepu...')
#6 C:\xampp\htdocs\manrisk\system\CodeIgniter.php(419): CodeIgniter\CodeIgniter->runController(Object(App\Controllers\PengelolaRisiko))
#7 C:\xampp\htdocs\manrisk\system\CodeIgniter.php(326): CodeIgniter\CodeIgniter->handleRequest(NULL, Object(Config\Cache), false)
#8 C:\xampp\htdocs\manrisk\index.php(37): CodeIgniter\CodeIgniter->run()
#9 {main}
ERROR - 2022-04-01 03:33:58 --> Unknown column 'getSeleraRisiko' in 'where clause'
CRITICAL - 2022-04-01 03:33:58 --> Unknown column 'getSeleraRisiko' in 'where clause'
#0 C:\xampp\htdocs\manrisk\system\Database\MySQLi\Connection.php(292): mysqli->query('SELECT penilaia...', 0)
#1 C:\xampp\htdocs\manrisk\system\Database\BaseConnection.php(670): CodeIgniter\Database\MySQLi\Connection->execute('SELECT penilaia...')
#2 C:\xampp\htdocs\manrisk\system\Database\BaseConnection.php(598): CodeIgniter\Database\BaseConnection->simpleQuery('SELECT penilaia...')
#3 C:\xampp\htdocs\manrisk\app\Models\PenilaianRisikoModel.php(168): CodeIgniter\Database\BaseConnection->query('SELECT penilaia...')
#4 C:\xampp\htdocs\manrisk\app\Controllers\PengelolaRisiko.php(2410): App\Models\PenilaianRisikoModel->getPenilaianById('getSeleraRisiko')
#5 C:\xampp\htdocs\manrisk\system\CodeIgniter.php(832): App\Controllers\PengelolaRisiko->detailRisiko('getSeleraRisiko')
#6 C:\xampp\htdocs\manrisk\system\CodeIgniter.php(419): CodeIgniter\CodeIgniter->runController(Object(App\Controllers\PengelolaRisiko))
#7 C:\xampp\htdocs\manrisk\system\CodeIgniter.php(326): CodeIgniter\CodeIgniter->handleRequest(NULL, Object(Config\Cache), false)
#8 C:\xampp\htdocs\manrisk\index.php(37): CodeIgniter\CodeIgniter->run()
#9 {main}
ERROR - 2022-04-01 03:33:58 --> Unknown column 'getPenilaianRisiko' in 'where clause'
CRITICAL - 2022-04-01 03:33:58 --> Unknown column 'getPenilaianRisiko' in 'where clause'
#0 C:\xampp\htdocs\manrisk\system\Database\MySQLi\Connection.php(292): mysqli->query('SELECT penilaia...', 0)
#1 C:\xampp\htdocs\manrisk\system\Database\BaseConnection.php(670): CodeIgniter\Database\MySQLi\Connection->execute('SELECT penilaia...')
#2 C:\xampp\htdocs\manrisk\system\Database\BaseConnection.php(598): CodeIgniter\Database\BaseConnection->simpleQuery('SELECT penilaia...')
#3 C:\xampp\htdocs\manrisk\app\Models\PenilaianRisikoModel.php(168): CodeIgniter\Database\BaseConnection->query('SELECT penilaia...')
#4 C:\xampp\htdocs\manrisk\app\Controllers\PengelolaRisiko.php(2410): App\Models\PenilaianRisikoModel->getPenilaianById('getPenilaianRis...')
#5 C:\xampp\htdocs\manrisk\system\CodeIgniter.php(832): App\Controllers\PengelolaRisiko->detailRisiko('getPenilaianRis...')
#6 C:\xampp\htdocs\manrisk\system\CodeIgniter.php(419): CodeIgniter\CodeIgniter->runController(Object(App\Controllers\PengelolaRisiko))
#7 C:\xampp\htdocs\manrisk\system\CodeIgniter.php(326): CodeIgniter\CodeIgniter->handleRequest(NULL, Object(Config\Cache), false)
#8 C:\xampp\htdocs\manrisk\index.php(37): CodeIgniter\CodeIgniter->run()
#9 {main}
ERROR - 2022-04-01 03:33:58 --> Unknown column 'getPenangananRisiko' in 'where clause'
CRITICAL - 2022-04-01 03:33:58 --> Unknown column 'getPenangananRisiko' in 'where clause'
#0 C:\xampp\htdocs\manrisk\system\Database\MySQLi\Connection.php(292): mysqli->query('SELECT penilaia...', 0)
#1 C:\xampp\htdocs\manrisk\system\Database\BaseConnection.php(670): CodeIgniter\Database\MySQLi\Connection->execute('SELECT penilaia...')
#2 C:\xampp\htdocs\manrisk\system\Database\BaseConnection.php(598): CodeIgniter\Database\BaseConnection->simpleQuery('SELECT penilaia...')
#3 C:\xampp\htdocs\manrisk\app\Models\PenilaianRisikoModel.php(168): CodeIgniter\Database\BaseConnection->query('SELECT penilaia...')
#4 C:\xampp\htdocs\manrisk\app\Controllers\PengelolaRisiko.php(2410): App\Models\PenilaianRisikoModel->getPenilaianById('getPenangananRi...')
#5 C:\xampp\htdocs\manrisk\system\CodeIgniter.php(832): App\Controllers\PengelolaRisiko->detailRisiko('getPenangananRi...')
#6 C:\xampp\htdocs\manrisk\system\CodeIgniter.php(419): CodeIgniter\CodeIgniter->runController(Object(App\Controllers\PengelolaRisiko))
#7 C:\xampp\htdocs\manrisk\system\CodeIgniter.php(326): CodeIgniter\CodeIgniter->handleRequest(NULL, Object(Config\Cache), false)
#8 C:\xampp\htdocs\manrisk\index.php(37): CodeIgniter\CodeIgniter->run()
#9 {main}
ERROR - 2022-04-01 03:33:58 --> Unknown column 'getInformasiUmum' in 'where clause'
CRITICAL - 2022-04-01 03:33:58 --> Unknown column 'getInformasiUmum' in 'where clause'
#0 C:\xampp\htdocs\manrisk\system\Database\MySQLi\Connection.php(292): mysqli->query('SELECT penilaia...', 0)
#1 C:\xampp\htdocs\manrisk\system\Database\BaseConnection.php(670): CodeIgniter\Database\MySQLi\Connection->execute('SELECT penilaia...')
#2 C:\xampp\htdocs\manrisk\system\Database\BaseConnection.php(598): CodeIgniter\Database\BaseConnection->simpleQuery('SELECT penilaia...')
#3 C:\xampp\htdocs\manrisk\app\Models\PenilaianRisikoModel.php(168): CodeIgniter\Database\BaseConnection->query('SELECT penilaia...')
#4 C:\xampp\htdocs\manrisk\app\Controllers\PengelolaRisiko.php(2410): App\Models\PenilaianRisikoModel->getPenilaianById('getInformasiUmu...')
#5 C:\xampp\htdocs\manrisk\system\CodeIgniter.php(832): App\Controllers\PengelolaRisiko->detailRisiko('getInformasiUmu...')
#6 C:\xampp\htdocs\manrisk\system\CodeIgniter.php(419): CodeIgniter\CodeIgniter->runController(Object(App\Controllers\PengelolaRisiko))
#7 C:\xampp\htdocs\manrisk\system\CodeIgniter.php(326): CodeIgniter\CodeIgniter->handleRequest(NULL, Object(Config\Cache), false)
#8 C:\xampp\htdocs\manrisk\index.php(37): CodeIgniter\CodeIgniter->run()
#9 {main}
ERROR - 2022-04-01 03:33:58 --> Unknown column 'getDaftarPemangkuKepentingan' in 'where clause'
CRITICAL - 2022-04-01 03:33:58 --> Unknown column 'getDaftarPemangkuKepentingan' in 'where clause'
#0 C:\xampp\htdocs\manrisk\system\Database\MySQLi\Connection.php(292): mysqli->query('SELECT penilaia...', 0)
#1 C:\xampp\htdocs\manrisk\system\Database\BaseConnection.php(670): CodeIgniter\Database\MySQLi\Connection->execute('SELECT penilaia...')
#2 C:\xampp\htdocs\manrisk\system\Database\BaseConnection.php(598): CodeIgniter\Database\BaseConnection->simpleQuery('SELECT penilaia...')
#3 C:\xampp\htdocs\manrisk\app\Models\PenilaianRisikoModel.php(168): CodeIgniter\Database\BaseConnection->query('SELECT penilaia...')
#4 C:\xampp\htdocs\manrisk\app\Controllers\PengelolaRisiko.php(2410): App\Models\PenilaianRisikoModel->getPenilaianById('getDaftarPemang...')
#5 C:\xampp\htdocs\manrisk\system\CodeIgniter.php(832): App\Controllers\PengelolaRisiko->detailRisiko('getDaftarPemang...')
#6 C:\xampp\htdocs\manrisk\system\CodeIgniter.php(419): CodeIgniter\CodeIgniter->runController(Object(App\Controllers\PengelolaRisiko))
#7 C:\xampp\htdocs\manrisk\system\CodeIgniter.php(326): CodeIgniter\CodeIgniter->handleRequest(NULL, Object(Config\Cache), false)
#8 C:\xampp\htdocs\manrisk\index.php(37): CodeIgniter\CodeIgniter->run()
#9 {main}
ERROR - 2022-04-01 03:33:58 --> Unknown column 'getDaftarAreaDampakRisikoTerpilih' in 'where clause'
CRITICAL - 2022-04-01 03:33:58 --> Unknown column 'getDaftarAreaDampakRisikoTerpilih' in 'where clause'
#0 C:\xampp\htdocs\manrisk\system\Database\MySQLi\Connection.php(292): mysqli->query('SELECT penilaia...', 0)
#1 C:\xampp\htdocs\manrisk\system\Database\BaseConnection.php(670): CodeIgniter\Database\MySQLi\Connection->execute('SELECT penilaia...')
#2 C:\xampp\htdocs\manrisk\system\Database\BaseConnection.php(598): CodeIgniter\Database\BaseConnection->simpleQuery('SELECT penilaia...')
#3 C:\xampp\htdocs\manrisk\app\Models\PenilaianRisikoModel.php(168): CodeIgniter\Database\BaseConnection->query('SELECT penilaia...')
#4 C:\xampp\htdocs\manrisk\app\Controllers\PengelolaRisiko.php(2410): App\Models\PenilaianRisikoModel->getPenilaianById('getDaftarAreaDa...')
#5 C:\xampp\htdocs\manrisk\system\CodeIgniter.php(832): App\Controllers\PengelolaRisiko->detailRisiko('getDaftarAreaDa...')
#6 C:\xampp\htdocs\manrisk\system\CodeIgniter.php(419): CodeIgniter\CodeIgniter->runController(Object(App\Controllers\PengelolaRisiko))
#7 C:\xampp\htdocs\manrisk\system\CodeIgniter.php(326): CodeIgniter\CodeIgniter->handleRequest(NULL, Object(Config\Cache), false)
#8 C:\xampp\htdocs\manrisk\index.php(37): CodeIgniter\CodeIgniter->run()
#9 {main}
ERROR - 2022-04-01 03:33:58 --> Unknown column 'getDaftarKategoriRisikoTerpilih' in 'where clause'
CRITICAL - 2022-04-01 03:33:58 --> Unknown column 'getDaftarKategoriRisikoTerpilih' in 'where clause'
#0 C:\xampp\htdocs\manrisk\system\Database\MySQLi\Connection.php(292): mysqli->query('SELECT penilaia...', 0)
#1 C:\xampp\htdocs\manrisk\system\Database\BaseConnection.php(670): CodeIgniter\Database\MySQLi\Connection->execute('SELECT penilaia...')
#2 C:\xampp\htdocs\manrisk\system\Database\BaseConnection.php(598): CodeIgniter\Database\BaseConnection->simpleQuery('SELECT penilaia...')
#3 C:\xampp\htdocs\manrisk\app\Models\PenilaianRisikoModel.php(168): CodeIgniter\Database\BaseConnection->query('SELECT penilaia...')
#4 C:\xampp\htdocs\manrisk\app\Controllers\PengelolaRisiko.php(2410): App\Models\PenilaianRisikoModel->getPenilaianById('getDaftarKatego...')
#5 C:\xampp\htdocs\manrisk\system\CodeIgniter.php(832): App\Controllers\PengelolaRisiko->detailRisiko('getDaftarKatego...')
#6 C:\xampp\htdocs\manrisk\system\CodeIgniter.php(419): CodeIgniter\CodeIgniter->runController(Object(App\Controllers\PengelolaRisiko))
#7 C:\xampp\htdocs\manrisk\system\CodeIgniter.php(326): CodeIgniter\CodeIgniter->handleRequest(NULL, Object(Config\Cache), false)
#8 C:\xampp\htdocs\manrisk\index.php(37): CodeIgniter\CodeIgniter->run()
#9 {main}
ERROR - 2022-04-01 03:33:59 --> Unknown column 'getDaftarKriteriaDampak' in 'where clause'
CRITICAL - 2022-04-01 03:33:59 --> Unknown column 'getDaftarKriteriaDampak' in 'where clause'
#0 C:\xampp\htdocs\manrisk\system\Database\MySQLi\Connection.php(292): mysqli->query('SELECT penilaia...', 0)
#1 C:\xampp\htdocs\manrisk\system\Database\BaseConnection.php(670): CodeIgniter\Database\MySQLi\Connection->execute('SELECT penilaia...')
#2 C:\xampp\htdocs\manrisk\system\Database\BaseConnection.php(598): CodeIgniter\Database\BaseConnection->simpleQuery('SELECT penilaia...')
#3 C:\xampp\htdocs\manrisk\app\Models\PenilaianRisikoModel.php(168): CodeIgniter\Database\BaseConnection->query('SELECT penilaia...')
#4 C:\xampp\htdocs\manrisk\app\Controllers\PengelolaRisiko.php(2410): App\Models\PenilaianRisikoModel->getPenilaianById('getDaftarKriter...')
#5 C:\xampp\htdocs\manrisk\system\CodeIgniter.php(832): App\Controllers\PengelolaRisiko->detailRisiko('getDaftarKriter...')
#6 C:\xampp\htdocs\manrisk\system\CodeIgniter.php(419): CodeIgniter\CodeIgniter->runController(Object(App\Controllers\PengelolaRisiko))
#7 C:\xampp\htdocs\manrisk\system\CodeIgniter.php(326): CodeIgniter\CodeIgniter->handleRequest(NULL, Object(Config\Cache), false)
#8 C:\xampp\htdocs\manrisk\index.php(37): CodeIgniter\CodeIgniter->run()
#9 {main}
ERROR - 2022-04-01 03:33:59 --> Unknown column 'getDaftarKriteriaKemungkinan' in 'where clause'
CRITICAL - 2022-04-01 03:33:59 --> Unknown column 'getDaftarKriteriaKemungkinan' in 'where clause'
#0 C:\xampp\htdocs\manrisk\system\Database\MySQLi\Connection.php(292): mysqli->query('SELECT penilaia...', 0)
#1 C:\xampp\htdocs\manrisk\system\Database\BaseConnection.php(670): CodeIgniter\Database\MySQLi\Connection->execute('SELECT penilaia...')
#2 C:\xampp\htdocs\manrisk\system\Database\BaseConnection.php(598): CodeIgniter\Database\BaseConnection->simpleQuery('SELECT penilaia...')
#3 C:\xampp\htdocs\manrisk\app\Models\PenilaianRisikoModel.php(168): CodeIgniter\Database\BaseConnection->query('SELECT penilaia...')
#4 C:\xampp\htdocs\manrisk\app\Controllers\PengelolaRisiko.php(2410): App\Models\PenilaianRisikoModel->getPenilaianById('getDaftarKriter...')
#5 C:\xampp\htdocs\manrisk\system\CodeIgniter.php(832): App\Controllers\PengelolaRisiko->detailRisiko('getDaftarKriter...')
#6 C:\xampp\htdocs\manrisk\system\CodeIgniter.php(419): CodeIgniter\CodeIgniter->runController(Object(App\Controllers\PengelolaRisiko))
#7 C:\xampp\htdocs\manrisk\system\CodeIgniter.php(326): CodeIgniter\CodeIgniter->handleRequest(NULL, Object(Config\Cache), false)
#8 C:\xampp\htdocs\manrisk\index.php(37): CodeIgniter\CodeIgniter->run()
#9 {main}
ERROR - 2022-04-01 03:33:59 --> Unknown column 'getDaftarPeraturanPerundangan' in 'where clause'
CRITICAL - 2022-04-01 03:33:59 --> Unknown column 'getDaftarPeraturanPerundangan' in 'where clause'
#0 C:\xampp\htdocs\manrisk\system\Database\MySQLi\Connection.php(292): mysqli->query('SELECT penilaia...', 0)
#1 C:\xampp\htdocs\manrisk\system\Database\BaseConnection.php(670): CodeIgniter\Database\MySQLi\Connection->execute('SELECT penilaia...')
#2 C:\xampp\htdocs\manrisk\system\Database\BaseConnection.php(598): CodeIgniter\Database\BaseConnection->simpleQuery('SELECT penilaia...')
#3 C:\xampp\htdocs\manrisk\app\Models\PenilaianRisikoModel.php(168): CodeIgniter\Database\BaseConnection->query('SELECT penilaia...')
#4 C:\xampp\htdocs\manrisk\app\Controllers\PengelolaRisiko.php(2410): App\Models\PenilaianRisikoModel->getPenilaianById('getDaftarPeratu...')
#5 C:\xampp\htdocs\manrisk\system\CodeIgniter.php(832): App\Controllers\PengelolaRisiko->detailRisiko('getDaftarPeratu...')
#6 C:\xampp\htdocs\manrisk\system\CodeIgniter.php(419): CodeIgniter\CodeIgniter->runController(Object(App\Controllers\PengelolaRisiko))
#7 C:\xampp\htdocs\manrisk\system\CodeIgniter.php(326): CodeIgniter\CodeIgniter->handleRequest(NULL, Object(Config\Cache), false)
#8 C:\xampp\htdocs\manrisk\index.php(37): CodeIgniter\CodeIgniter->run()
#9 {main}
ERROR - 2022-04-01 03:33:59 --> Unknown column 'getDaftarSasaranSPBE' in 'where clause'
CRITICAL - 2022-04-01 03:33:59 --> Unknown column 'getDaftarSasaranSPBE' in 'where clause'
#0 C:\xampp\htdocs\manrisk\system\Database\MySQLi\Connection.php(292): mysqli->query('SELECT penilaia...', 0)
#1 C:\xampp\htdocs\manrisk\system\Database\BaseConnection.php(670): CodeIgniter\Database\MySQLi\Connection->execute('SELECT penilaia...')
#2 C:\xampp\htdocs\manrisk\system\Database\BaseConnection.php(598): CodeIgniter\Database\BaseConnection->simpleQuery('SELECT penilaia...')
#3 C:\xampp\htdocs\manrisk\app\Models\PenilaianRisikoModel.php(168): CodeIgniter\Database\BaseConnection->query('SELECT penilaia...')
#4 C:\xampp\htdocs\manrisk\app\Controllers\PengelolaRisiko.php(2410): App\Models\PenilaianRisikoModel->getPenilaianById('getDaftarSasara...')
#5 C:\xampp\htdocs\manrisk\system\CodeIgniter.php(832): App\Controllers\PengelolaRisiko->detailRisiko('getDaftarSasara...')
#6 C:\xampp\htdocs\manrisk\system\CodeIgniter.php(419): CodeIgniter\CodeIgniter->runController(Object(App\Controllers\PengelolaRisiko))
#7 C:\xampp\htdocs\manrisk\system\CodeIgniter.php(326): CodeIgniter\CodeIgniter->handleRequest(NULL, Object(Config\Cache), false)
#8 C:\xampp\htdocs\manrisk\index.php(37): CodeIgniter\CodeIgniter->run()
#9 {main}
ERROR - 2022-04-01 03:33:59 --> Unknown column 'getDaftarStrukturPelaksana' in 'where clause'
CRITICAL - 2022-04-01 03:33:59 --> Unknown column 'getDaftarStrukturPelaksana' in 'where clause'
#0 C:\xampp\htdocs\manrisk\system\Database\MySQLi\Connection.php(292): mysqli->query('SELECT penilaia...', 0)
#1 C:\xampp\htdocs\manrisk\system\Database\BaseConnection.php(670): CodeIgniter\Database\MySQLi\Connection->execute('SELECT penilaia...')
#2 C:\xampp\htdocs\manrisk\system\Database\BaseConnection.php(598): CodeIgniter\Database\BaseConnection->simpleQuery('SELECT penilaia...')
#3 C:\xampp\htdocs\manrisk\app\Models\PenilaianRisikoModel.php(168): CodeIgniter\Database\BaseConnection->query('SELECT penilaia...')
#4 C:\xampp\htdocs\manrisk\app\Controllers\PengelolaRisiko.php(2410): App\Models\PenilaianRisikoModel->getPenilaianById('getDaftarStrukt...')
#5 C:\xampp\htdocs\manrisk\system\CodeIgniter.php(832): App\Controllers\PengelolaRisiko->detailRisiko('getDaftarStrukt...')
#6 C:\xampp\htdocs\manrisk\system\CodeIgniter.php(419): CodeIgniter\CodeIgniter->runController(Object(App\Controllers\PengelolaRisiko))
#7 C:\xampp\htdocs\manrisk\system\CodeIgniter.php(326): CodeIgniter\CodeIgniter->handleRequest(NULL, Object(Config\Cache), false)
#8 C:\xampp\htdocs\manrisk\index.php(37): CodeIgniter\CodeIgniter->run()
#9 {main}
ERROR - 2022-04-01 03:33:59 --> Unknown column 'getPenilaianRisiko' in 'where clause'
CRITICAL - 2022-04-01 03:33:59 --> Unknown column 'getPenilaianRisiko' in 'where clause'
#0 C:\xampp\htdocs\manrisk\system\Database\MySQLi\Connection.php(292): mysqli->query('SELECT penilaia...', 0)
#1 C:\xampp\htdocs\manrisk\system\Database\BaseConnection.php(670): CodeIgniter\Database\MySQLi\Connection->execute('SELECT penilaia...')
#2 C:\xampp\htdocs\manrisk\system\Database\BaseConnection.php(598): CodeIgniter\Database\BaseConnection->simpleQuery('SELECT penilaia...')
#3 C:\xampp\htdocs\manrisk\app\Models\PenilaianRisikoModel.php(168): CodeIgniter\Database\BaseConnection->query('SELECT penilaia...')
#4 C:\xampp\htdocs\manrisk\app\Controllers\PengelolaRisiko.php(2410): App\Models\PenilaianRisikoModel->getPenilaianById('getPenilaianRis...')
#5 C:\xampp\htdocs\manrisk\system\CodeIgniter.php(832): App\Controllers\PengelolaRisiko->detailRisiko('getPenilaianRis...')
#6 C:\xampp\htdocs\manrisk\system\CodeIgniter.php(419): CodeIgniter\CodeIgniter->runController(Object(App\Controllers\PengelolaRisiko))
#7 C:\xampp\htdocs\manrisk\system\CodeIgniter.php(326): CodeIgniter\CodeIgniter->handleRequest(NULL, Object(Config\Cache), false)
#8 C:\xampp\htdocs\manrisk\index.php(37): CodeIgniter\CodeIgniter->run()
#9 {main}
ERROR - 2022-04-01 03:33:59 --> Unknown column 'getPenilaianRisiko' in 'where clause'
CRITICAL - 2022-04-01 03:33:59 --> Unknown column 'getPenilaianRisiko' in 'where clause'
#0 C:\xampp\htdocs\manrisk\system\Database\MySQLi\Connection.php(292): mysqli->query('SELECT penilaia...', 0)
#1 C:\xampp\htdocs\manrisk\system\Database\BaseConnection.php(670): CodeIgniter\Database\MySQLi\Connection->execute('SELECT penilaia...')
#2 C:\xampp\htdocs\manrisk\system\Database\BaseConnection.php(598): CodeIgniter\Database\BaseConnection->simpleQuery('SELECT penilaia...')
#3 C:\xampp\htdocs\manrisk\app\Models\PenilaianRisikoModel.php(168): CodeIgniter\Database\BaseConnection->query('SELECT penilaia...')
#4 C:\xampp\htdocs\manrisk\app\Controllers\PengelolaRisiko.php(2410): App\Models\PenilaianRisikoModel->getPenilaianById('getPenilaianRis...')
#5 C:\xampp\htdocs\manrisk\system\CodeIgniter.php(832): App\Controllers\PengelolaRisiko->detailRisiko('getPenilaianRis...')
#6 C:\xampp\htdocs\manrisk\system\CodeIgniter.php(419): CodeIgniter\CodeIgniter->runController(Object(App\Controllers\PengelolaRisiko))
#7 C:\xampp\htdocs\manrisk\system\CodeIgniter.php(326): CodeIgniter\CodeIgniter->handleRequest(NULL, Object(Config\Cache), false)
#8 C:\xampp\htdocs\manrisk\index.php(37): CodeIgniter\CodeIgniter->run()
#9 {main}
CRITICAL - 2022-04-01 04:31:06 --> Undefined variable: jenisRisiko2
#0 C:\xampp\htdocs\manrisk\app\Controllers\PengelolaRisiko.php(2285): CodeIgniter\Debug\Exceptions->errorHandler(8, 'Undefined varia...', 'C:\\xampp\\htdocs...', 2285, Array)
#1 C:\xampp\htdocs\manrisk\system\CodeIgniter.php(832): App\Controllers\PengelolaRisiko->importSeleraRisiko()
#2 C:\xampp\htdocs\manrisk\system\CodeIgniter.php(419): CodeIgniter\CodeIgniter->runController(Object(App\Controllers\PengelolaRisiko))
#3 C:\xampp\htdocs\manrisk\system\CodeIgniter.php(326): CodeIgniter\CodeIgniter->handleRequest(NULL, Object(Config\Cache), false)
#4 C:\xampp\htdocs\manrisk\index.php(37): CodeIgniter\CodeIgniter->run()
#5 {main}
ERROR - 2022-04-01 06:52:39 --> Unknown column 'getMatriksRisiko' in 'where clause'
CRITICAL - 2022-04-01 06:52:39 --> Unknown column 'getMatriksRisiko' in 'where clause'
#0 C:\xampp\htdocs\manrisk\system\Database\MySQLi\Connection.php(292): mysqli->query('SELECT penilaia...', 0)
#1 C:\xampp\htdocs\manrisk\system\Database\BaseConnection.php(670): CodeIgniter\Database\MySQLi\Connection->execute('SELECT penilaia...')
#2 C:\xampp\htdocs\manrisk\system\Database\BaseConnection.php(598): CodeIgniter\Database\BaseConnection->simpleQuery('SELECT penilaia...')
#3 C:\xampp\htdocs\manrisk\app\Models\PenilaianRisikoModel.php(168): CodeIgniter\Database\BaseConnection->query('SELECT penilaia...')
#4 C:\xampp\htdocs\manrisk\app\Controllers\PengelolaRisiko.php(2417): App\Models\PenilaianRisikoModel->getPenilaianById('getMatriksRisik...')
#5 C:\xampp\htdocs\manrisk\system\CodeIgniter.php(832): App\Controllers\PengelolaRisiko->detailRisiko('getMatriksRisik...')
#6 C:\xampp\htdocs\manrisk\system\CodeIgniter.php(419): CodeIgniter\CodeIgniter->runController(Object(App\Controllers\PengelolaRisiko))
#7 C:\xampp\htdocs\manrisk\system\CodeIgniter.php(326): CodeIgniter\CodeIgniter->handleRequest(NULL, Object(Config\Cache), false)
#8 C:\xampp\htdocs\manrisk\index.php(37): CodeIgniter\CodeIgniter->run()
#9 {main}
ERROR - 2022-04-01 06:52:39 --> Unknown column 'getLevelRisiko' in 'where clause'
CRITICAL - 2022-04-01 06:52:39 --> Unknown column 'getLevelRisiko' in 'where clause'
#0 C:\xampp\htdocs\manrisk\system\Database\MySQLi\Connection.php(292): mysqli->query('SELECT penilaia...', 0)
#1 C:\xampp\htdocs\manrisk\system\Database\BaseConnection.php(670): CodeIgniter\Database\MySQLi\Connection->execute('SELECT penilaia...')
#2 C:\xampp\htdocs\manrisk\system\Database\BaseConnection.php(598): CodeIgniter\Database\BaseConnection->simpleQuery('SELECT penilaia...')
#3 C:\xampp\htdocs\manrisk\app\Models\PenilaianRisikoModel.php(168): CodeIgniter\Database\BaseConnection->query('SELECT penilaia...')
#4 C:\xampp\htdocs\manrisk\app\Controllers\PengelolaRisiko.php(2417): App\Models\PenilaianRisikoModel->getPenilaianById('getLevelRisiko')
#5 C:\xampp\htdocs\manrisk\system\CodeIgniter.php(832): App\Controllers\PengelolaRisiko->detailRisiko('getLevelRisiko')
#6 C:\xampp\htdocs\manrisk\system\CodeIgniter.php(419): CodeIgniter\CodeIgniter->runController(Object(App\Controllers\PengelolaRisiko))
#7 C:\xampp\htdocs\manrisk\system\CodeIgniter.php(326): CodeIgniter\CodeIgniter->handleRequest(NULL, Object(Config\Cache), false)
#8 C:\xampp\htdocs\manrisk\index.php(37): CodeIgniter\CodeIgniter->run()
#9 {main}
ERROR - 2022-04-01 06:52:39 --> Unknown column 'getRisikoByKeputusan' in 'where clause'
CRITICAL - 2022-04-01 06:52:39 --> Unknown column 'getRisikoByKeputusan' in 'where clause'
#0 C:\xampp\htdocs\manrisk\system\Database\MySQLi\Connection.php(292): mysqli->query('SELECT penilaia...', 0)
#1 C:\xampp\htdocs\manrisk\system\Database\BaseConnection.php(670): CodeIgniter\Database\MySQLi\Connection->execute('SELECT penilaia...')
#2 C:\xampp\htdocs\manrisk\system\Database\BaseConnection.php(598): CodeIgniter\Database\BaseConnection->simpleQuery('SELECT penilaia...')
#3 C:\xampp\htdocs\manrisk\app\Models\PenilaianRisikoModel.php(168): CodeIgniter\Database\BaseConnection->query('SELECT penilaia...')
#4 C:\xampp\htdocs\manrisk\app\Controllers\PengelolaRisiko.php(2417): App\Models\PenilaianRisikoModel->getPenilaianById('getRisikoByKepu...')
#5 C:\xampp\htdocs\manrisk\system\CodeIgniter.php(832): App\Controllers\PengelolaRisiko->detailRisiko('getRisikoByKepu...')
#6 C:\xampp\htdocs\manrisk\system\CodeIgniter.php(419): CodeIgniter\CodeIgniter->runController(Object(App\Controllers\PengelolaRisiko))
#7 C:\xampp\htdocs\manrisk\system\CodeIgniter.php(326): CodeIgniter\CodeIgniter->handleRequest(NULL, Object(Config\Cache), false)
#8 C:\xampp\htdocs\manrisk\index.php(37): CodeIgniter\CodeIgniter->run()
#9 {main}
ERROR - 2022-04-01 06:52:39 --> Unknown column 'getPenilaianRisiko' in 'where clause'
CRITICAL - 2022-04-01 06:52:39 --> Unknown column 'getPenilaianRisiko' in 'where clause'
#0 C:\xampp\htdocs\manrisk\system\Database\MySQLi\Connection.php(292): mysqli->query('SELECT penilaia...', 0)
#1 C:\xampp\htdocs\manrisk\system\Database\BaseConnection.php(670): CodeIgniter\Database\MySQLi\Connection->execute('SELECT penilaia...')
#2 C:\xampp\htdocs\manrisk\system\Database\BaseConnection.php(598): CodeIgniter\Database\BaseConnection->simpleQuery('SELECT penilaia...')
#3 C:\xampp\htdocs\manrisk\app\Models\PenilaianRisikoModel.php(168): CodeIgniter\Database\BaseConnection->query('SELECT penilaia...')
#4 C:\xampp\htdocs\manrisk\app\Controllers\PengelolaRisiko.php(2417): App\Models\PenilaianRisikoModel->getPenilaianById('getPenilaianRis...')
#5 C:\xampp\htdocs\manrisk\system\CodeIgniter.php(832): App\Controllers\PengelolaRisiko->detailRisiko('getPenilaianRis...')
#6 C:\xampp\htdocs\manrisk\system\CodeIgniter.php(419): CodeIgniter\CodeIgniter->runController(Object(App\Controllers\PengelolaRisiko))
#7 C:\xampp\htdocs\manrisk\system\CodeIgniter.php(326): CodeIgniter\CodeIgniter->handleRequest(NULL, Object(Config\Cache), false)
#8 C:\xampp\htdocs\manrisk\index.php(37): CodeIgniter\CodeIgniter->run()
#9 {main}
ERROR - 2022-04-01 06:52:39 --> Unknown column 'getSeleraRisiko' in 'where clause'
CRITICAL - 2022-04-01 06:52:39 --> Unknown column 'getSeleraRisiko' in 'where clause'
#0 C:\xampp\htdocs\manrisk\system\Database\MySQLi\Connection.php(292): mysqli->query('SELECT penilaia...', 0)
#1 C:\xampp\htdocs\manrisk\system\Database\BaseConnection.php(670): CodeIgniter\Database\MySQLi\Connection->execute('SELECT penilaia...')
#2 C:\xampp\htdocs\manrisk\system\Database\BaseConnection.php(598): CodeIgniter\Database\BaseConnection->simpleQuery('SELECT penilaia...')
#3 C:\xampp\htdocs\manrisk\app\Models\PenilaianRisikoModel.php(168): CodeIgniter\Database\BaseConnection->query('SELECT penilaia...')
#4 C:\xampp\htdocs\manrisk\app\Controllers\PengelolaRisiko.php(2417): App\Models\PenilaianRisikoModel->getPenilaianById('getSeleraRisiko')
#5 C:\xampp\htdocs\manrisk\system\CodeIgniter.php(832): App\Controllers\PengelolaRisiko->detailRisiko('getSeleraRisiko')
#6 C:\xampp\htdocs\manrisk\system\CodeIgniter.php(419): CodeIgniter\CodeIgniter->runController(Object(App\Controllers\PengelolaRisiko))
#7 C:\xampp\htdocs\manrisk\system\CodeIgniter.php(326): CodeIgniter\CodeIgniter->handleRequest(NULL, Object(Config\Cache), false)
#8 C:\xampp\htdocs\manrisk\index.php(37): CodeIgniter\CodeIgniter->run()
#9 {main}
ERROR - 2022-04-01 06:52:40 --> Unknown column 'getPenangananRisiko' in 'where clause'
CRITICAL - 2022-04-01 06:52:40 --> Unknown column 'getPenangananRisiko' in 'where clause'
#0 C:\xampp\htdocs\manrisk\system\Database\MySQLi\Connection.php(292): mysqli->query('SELECT penilaia...', 0)
#1 C:\xampp\htdocs\manrisk\system\Database\BaseConnection.php(670): CodeIgniter\Database\MySQLi\Connection->execute('SELECT penilaia...')
#2 C:\xampp\htdocs\manrisk\system\Database\BaseConnection.php(598): CodeIgniter\Database\BaseConnection->simpleQuery('SELECT penilaia...')
#3 C:\xampp\htdocs\manrisk\app\Models\PenilaianRisikoModel.php(168): CodeIgniter\Database\BaseConnection->query('SELECT penilaia...')
#4 C:\xampp\htdocs\manrisk\app\Controllers\PengelolaRisiko.php(2417): App\Models\PenilaianRisikoModel->getPenilaianById('getPenangananRi...')
#5 C:\xampp\htdocs\manrisk\system\CodeIgniter.php(832): App\Controllers\PengelolaRisiko->detailRisiko('getPenangananRi...')
#6 C:\xampp\htdocs\manrisk\system\CodeIgniter.php(419): CodeIgniter\CodeIgniter->runController(Object(App\Controllers\PengelolaRisiko))
#7 C:\xampp\htdocs\manrisk\system\CodeIgniter.php(326): CodeIgniter\CodeIgniter->handleRequest(NULL, Object(Config\Cache), false)
#8 C:\xampp\htdocs\manrisk\index.php(37): CodeIgniter\CodeIgniter->run()
#9 {main}
ERROR - 2022-04-01 06:52:40 --> Unknown column 'getInformasiUmum' in 'where clause'
CRITICAL - 2022-04-01 06:52:40 --> Unknown column 'getInformasiUmum' in 'where clause'
#0 C:\xampp\htdocs\manrisk\system\Database\MySQLi\Connection.php(292): mysqli->query('SELECT penilaia...', 0)
#1 C:\xampp\htdocs\manrisk\system\Database\BaseConnection.php(670): CodeIgniter\Database\MySQLi\Connection->execute('SELECT penilaia...')
#2 C:\xampp\htdocs\manrisk\system\Database\BaseConnection.php(598): CodeIgniter\Database\BaseConnection->simpleQuery('SELECT penilaia...')
#3 C:\xampp\htdocs\manrisk\app\Models\PenilaianRisikoModel.php(168): CodeIgniter\Database\BaseConnection->query('SELECT penilaia...')
#4 C:\xampp\htdocs\manrisk\app\Controllers\PengelolaRisiko.php(2417): App\Models\PenilaianRisikoModel->getPenilaianById('getInformasiUmu...')
#5 C:\xampp\htdocs\manrisk\system\CodeIgniter.php(832): App\Controllers\PengelolaRisiko->detailRisiko('getInformasiUmu...')
#6 C:\xampp\htdocs\manrisk\system\CodeIgniter.php(419): CodeIgniter\CodeIgniter->runController(Object(App\Controllers\PengelolaRisiko))
#7 C:\xampp\htdocs\manrisk\system\CodeIgniter.php(326): CodeIgniter\CodeIgniter->handleRequest(NULL, Object(Config\Cache), false)
#8 C:\xampp\htdocs\manrisk\index.php(37): CodeIgniter\CodeIgniter->run()
#9 {main}
ERROR - 2022-04-01 06:52:40 --> Unknown column 'getDaftarAreaDampakRisikoTerpilih' in 'where clause'
CRITICAL - 2022-04-01 06:52:40 --> Unknown column 'getDaftarAreaDampakRisikoTerpilih' in 'where clause'
#0 C:\xampp\htdocs\manrisk\system\Database\MySQLi\Connection.php(292): mysqli->query('SELECT penilaia...', 0)
#1 C:\xampp\htdocs\manrisk\system\Database\BaseConnection.php(670): CodeIgniter\Database\MySQLi\Connection->execute('SELECT penilaia...')
#2 C:\xampp\htdocs\manrisk\system\Database\BaseConnection.php(598): CodeIgniter\Database\BaseConnection->simpleQuery('SELECT penilaia...')
#3 C:\xampp\htdocs\manrisk\app\Models\PenilaianRisikoModel.php(168): CodeIgniter\Database\BaseConnection->query('SELECT penilaia...')
#4 C:\xampp\htdocs\manrisk\app\Controllers\PengelolaRisiko.php(2417): App\Models\PenilaianRisikoModel->getPenilaianById('getDaftarAreaDa...')
#5 C:\xampp\htdocs\manrisk\system\CodeIgniter.php(832): App\Controllers\PengelolaRisiko->detailRisiko('getDaftarAreaDa...')
#6 C:\xampp\htdocs\manrisk\system\CodeIgniter.php(419): CodeIgniter\CodeIgniter->runController(Object(App\Controllers\PengelolaRisiko))
#7 C:\xampp\htdocs\manrisk\system\CodeIgniter.php(326): CodeIgniter\CodeIgniter->handleRequest(NULL, Object(Config\Cache), false)
#8 C:\xampp\htdocs\manrisk\index.php(37): CodeIgniter\CodeIgniter->run()
#9 {main}
ERROR - 2022-04-01 06:52:40 --> Unknown column 'getDaftarPemangkuKepentingan' in 'where clause'
CRITICAL - 2022-04-01 06:52:40 --> Unknown column 'getDaftarPemangkuKepentingan' in 'where clause'
#0 C:\xampp\htdocs\manrisk\system\Database\MySQLi\Connection.php(292): mysqli->query('SELECT penilaia...', 0)
#1 C:\xampp\htdocs\manrisk\system\Database\BaseConnection.php(670): CodeIgniter\Database\MySQLi\Connection->execute('SELECT penilaia...')
#2 C:\xampp\htdocs\manrisk\system\Database\BaseConnection.php(598): CodeIgniter\Database\BaseConnection->simpleQuery('SELECT penilaia...')
#3 C:\xampp\htdocs\manrisk\app\Models\PenilaianRisikoModel.php(168): CodeIgniter\Database\BaseConnection->query('SELECT penilaia...')
#4 C:\xampp\htdocs\manrisk\app\Controllers\PengelolaRisiko.php(2417): App\Models\PenilaianRisikoModel->getPenilaianById('getDaftarPemang...')
#5 C:\xampp\htdocs\manrisk\system\CodeIgniter.php(832): App\Controllers\PengelolaRisiko->detailRisiko('getDaftarPemang...')
#6 C:\xampp\htdocs\manrisk\system\CodeIgniter.php(419): CodeIgniter\CodeIgniter->runController(Object(App\Controllers\PengelolaRisiko))
#7 C:\xampp\htdocs\manrisk\system\CodeIgniter.php(326): CodeIgniter\CodeIgniter->handleRequest(NULL, Object(Config\Cache), false)
#8 C:\xampp\htdocs\manrisk\index.php(37): CodeIgniter\CodeIgniter->run()
#9 {main}
ERROR - 2022-04-01 06:52:41 --> Unknown column 'getDaftarKriteriaKemungkinan' in 'where clause'
CRITICAL - 2022-04-01 06:52:41 --> Unknown column 'getDaftarKriteriaKemungkinan' in 'where clause'
#0 C:\xampp\htdocs\manrisk\system\Database\MySQLi\Connection.php(292): mysqli->query('SELECT penilaia...', 0)
#1 C:\xampp\htdocs\manrisk\system\Database\BaseConnection.php(670): CodeIgniter\Database\MySQLi\Connection->execute('SELECT penilaia...')
#2 C:\xampp\htdocs\manrisk\system\Database\BaseConnection.php(598): CodeIgniter\Database\BaseConnection->simpleQuery('SELECT penilaia...')
#3 C:\xampp\htdocs\manrisk\app\Models\PenilaianRisikoModel.php(168): CodeIgniter\Database\BaseConnection->query('SELECT penilaia...')
#4 C:\xampp\htdocs\manrisk\app\Controllers\PengelolaRisiko.php(2417): App\Models\PenilaianRisikoModel->getPenilaianById('getDaftarKriter...')
#5 C:\xampp\htdocs\manrisk\system\CodeIgniter.php(832): App\Controllers\PengelolaRisiko->detailRisiko('getDaftarKriter...')
#6 C:\xampp\htdocs\manrisk\system\CodeIgniter.php(419): CodeIgniter\CodeIgniter->runController(Object(App\Controllers\PengelolaRisiko))
#7 C:\xampp\htdocs\manrisk\system\CodeIgniter.php(326): CodeIgniter\CodeIgniter->handleRequest(NULL, Object(Config\Cache), false)
#8 C:\xampp\htdocs\manrisk\index.php(37): CodeIgniter\CodeIgniter->run()
#9 {main}
ERROR - 2022-04-01 06:52:41 --> Unknown column 'getDaftarKategoriRisikoTerpilih' in 'where clause'
CRITICAL - 2022-04-01 06:52:41 --> Unknown column 'getDaftarKategoriRisikoTerpilih' in 'where clause'
#0 C:\xampp\htdocs\manrisk\system\Database\MySQLi\Connection.php(292): mysqli->query('SELECT penilaia...', 0)
#1 C:\xampp\htdocs\manrisk\system\Database\BaseConnection.php(670): CodeIgniter\Database\MySQLi\Connection->execute('SELECT penilaia...')
#2 C:\xampp\htdocs\manrisk\system\Database\BaseConnection.php(598): CodeIgniter\Database\BaseConnection->simpleQuery('SELECT penilaia...')
#3 C:\xampp\htdocs\manrisk\app\Models\PenilaianRisikoModel.php(168): CodeIgniter\Database\BaseConnection->query('SELECT penilaia...')
#4 C:\xampp\htdocs\manrisk\app\Controllers\PengelolaRisiko.php(2417): App\Models\PenilaianRisikoModel->getPenilaianById('getDaftarKatego...')
#5 C:\xampp\htdocs\manrisk\system\CodeIgniter.php(832): App\Controllers\PengelolaRisiko->detailRisiko('getDaftarKatego...')
#6 C:\xampp\htdocs\manrisk\system\CodeIgniter.php(419): CodeIgniter\CodeIgniter->runController(Object(App\Controllers\PengelolaRisiko))
#7 C:\xampp\htdocs\manrisk\system\CodeIgniter.php(326): CodeIgniter\CodeIgniter->handleRequest(NULL, Object(Config\Cache), false)
#8 C:\xampp\htdocs\manrisk\index.php(37): CodeIgniter\CodeIgniter->run()
#9 {main}
ERROR - 2022-04-01 06:52:41 --> Unknown column 'getDaftarPeraturanPerundangan' in 'where clause'
CRITICAL - 2022-04-01 06:52:41 --> Unknown column 'getDaftarPeraturanPerundangan' in 'where clause'
#0 C:\xampp\htdocs\manrisk\system\Database\MySQLi\Connection.php(292): mysqli->query('SELECT penilaia...', 0)
#1 C:\xampp\htdocs\manrisk\system\Database\BaseConnection.php(670): CodeIgniter\Database\MySQLi\Connection->execute('SELECT penilaia...')
#2 C:\xampp\htdocs\manrisk\system\Database\BaseConnection.php(598): CodeIgniter\Database\BaseConnection->simpleQuery('SELECT penilaia...')
#3 C:\xampp\htdocs\manrisk\app\Models\PenilaianRisikoModel.php(168): CodeIgniter\Database\BaseConnection->query('SELECT penilaia...')
#4 C:\xampp\htdocs\manrisk\app\Controllers\PengelolaRisiko.php(2417): App\Models\PenilaianRisikoModel->getPenilaianById('getDaftarPeratu...')
#5 C:\xampp\htdocs\manrisk\system\CodeIgniter.php(832): App\Controllers\PengelolaRisiko->detailRisiko('getDaftarPeratu...')
#6 C:\xampp\htdocs\manrisk\system\CodeIgniter.php(419): CodeIgniter\CodeIgniter->runController(Object(App\Controllers\PengelolaRisiko))
#7 C:\xampp\htdocs\manrisk\system\CodeIgniter.php(326): CodeIgniter\CodeIgniter->handleRequest(NULL, Object(Config\Cache), false)
#8 C:\xampp\htdocs\manrisk\index.php(37): CodeIgniter\CodeIgniter->run()
#9 {main}
ERROR - 2022-04-01 06:52:41 --> Unknown column 'getDaftarKriteriaDampak' in 'where clause'
CRITICAL - 2022-04-01 06:52:41 --> Unknown column 'getDaftarKriteriaDampak' in 'where clause'
#0 C:\xampp\htdocs\manrisk\system\Database\MySQLi\Connection.php(292): mysqli->query('SELECT penilaia...', 0)
#1 C:\xampp\htdocs\manrisk\system\Database\BaseConnection.php(670): CodeIgniter\Database\MySQLi\Connection->execute('SELECT penilaia...')
#2 C:\xampp\htdocs\manrisk\system\Database\BaseConnection.php(598): CodeIgniter\Database\BaseConnection->simpleQuery('SELECT penilaia...')
#3 C:\xampp\htdocs\manrisk\app\Models\PenilaianRisikoModel.php(168): CodeIgniter\Database\BaseConnection->query('SELECT penilaia...')
#4 C:\xampp\htdocs\manrisk\app\Controllers\PengelolaRisiko.php(2417): App\Models\PenilaianRisikoModel->getPenilaianById('getDaftarKriter...')
#5 C:\xampp\htdocs\manrisk\system\CodeIgniter.php(832): App\Controllers\PengelolaRisiko->detailRisiko('getDaftarKriter...')
#6 C:\xampp\htdocs\manrisk\system\CodeIgniter.php(419): CodeIgniter\CodeIgniter->runController(Object(App\Controllers\PengelolaRisiko))
#7 C:\xampp\htdocs\manrisk\system\CodeIgniter.php(326): CodeIgniter\CodeIgniter->handleRequest(NULL, Object(Config\Cache), false)
#8 C:\xampp\htdocs\manrisk\index.php(37): CodeIgniter\CodeIgniter->run()
#9 {main}
ERROR - 2022-04-01 06:52:41 --> Unknown column 'getDaftarSasaranSPBE' in 'where clause'
CRITICAL - 2022-04-01 06:52:41 --> Unknown column 'getDaftarSasaranSPBE' in 'where clause'
#0 C:\xampp\htdocs\manrisk\system\Database\MySQLi\Connection.php(292): mysqli->query('SELECT penilaia...', 0)
#1 C:\xampp\htdocs\manrisk\system\Database\BaseConnection.php(670): CodeIgniter\Database\MySQLi\Connection->execute('SELECT penilaia...')
#2 C:\xampp\htdocs\manrisk\system\Database\BaseConnection.php(598): CodeIgniter\Database\BaseConnection->simpleQuery('SELECT penilaia...')
#3 C:\xampp\htdocs\manrisk\app\Models\PenilaianRisikoModel.php(168): CodeIgniter\Database\BaseConnection->query('SELECT penilaia...')
#4 C:\xampp\htdocs\manrisk\app\Controllers\PengelolaRisiko.php(2417): App\Models\PenilaianRisikoModel->getPenilaianById('getDaftarSasara...')
#5 C:\xampp\htdocs\manrisk\system\CodeIgniter.php(832): App\Controllers\PengelolaRisiko->detailRisiko('getDaftarSasara...')
#6 C:\xampp\htdocs\manrisk\system\CodeIgniter.php(419): CodeIgniter\CodeIgniter->runController(Object(App\Controllers\PengelolaRisiko))
#7 C:\xampp\htdocs\manrisk\system\CodeIgniter.php(326): CodeIgniter\CodeIgniter->handleRequest(NULL, Object(Config\Cache), false)
#8 C:\xampp\htdocs\manrisk\index.php(37): CodeIgniter\CodeIgniter->run()
#9 {main}
ERROR - 2022-04-01 06:52:42 --> Unknown column 'getDaftarStrukturPelaksana' in 'where clause'
CRITICAL - 2022-04-01 06:52:42 --> Unknown column 'getDaftarStrukturPelaksana' in 'where clause'
#0 C:\xampp\htdocs\manrisk\system\Database\MySQLi\Connection.php(292): mysqli->query('SELECT penilaia...', 0)
#1 C:\xampp\htdocs\manrisk\system\Database\BaseConnection.php(670): CodeIgniter\Database\MySQLi\Connection->execute('SELECT penilaia...')
#2 C:\xampp\htdocs\manrisk\system\Database\BaseConnection.php(598): CodeIgniter\Database\BaseConnection->simpleQuery('SELECT penilaia...')
#3 C:\xampp\htdocs\manrisk\app\Models\PenilaianRisikoModel.php(168): CodeIgniter\Database\BaseConnection->query('SELECT penilaia...')
#4 C:\xampp\htdocs\manrisk\app\Controllers\PengelolaRisiko.php(2417): App\Models\PenilaianRisikoModel->getPenilaianById('getDaftarStrukt...')
#5 C:\xampp\htdocs\manrisk\system\CodeIgniter.php(832): App\Controllers\PengelolaRisiko->detailRisiko('getDaftarStrukt...')
#6 C:\xampp\htdocs\manrisk\system\CodeIgniter.php(419): CodeIgniter\CodeIgniter->runController(Object(App\Controllers\PengelolaRisiko))
#7 C:\xampp\htdocs\manrisk\system\CodeIgniter.php(326): CodeIgniter\CodeIgniter->handleRequest(NULL, Object(Config\Cache), false)
#8 C:\xampp\htdocs\manrisk\index.php(37): CodeIgniter\CodeIgniter->run()
#9 {main}
ERROR - 2022-04-01 06:52:42 --> Unknown column 'getPenilaianRisiko' in 'where clause'
CRITICAL - 2022-04-01 06:52:42 --> Unknown column 'getPenilaianRisiko' in 'where clause'
#0 C:\xampp\htdocs\manrisk\system\Database\MySQLi\Connection.php(292): mysqli->query('SELECT penilaia...', 0)
#1 C:\xampp\htdocs\manrisk\system\Database\BaseConnection.php(670): CodeIgniter\Database\MySQLi\Connection->execute('SELECT penilaia...')
#2 C:\xampp\htdocs\manrisk\system\Database\BaseConnection.php(598): CodeIgniter\Database\BaseConnection->simpleQuery('SELECT penilaia...')
#3 C:\xampp\htdocs\manrisk\app\Models\PenilaianRisikoModel.php(168): CodeIgniter\Database\BaseConnection->query('SELECT penilaia...')
#4 C:\xampp\htdocs\manrisk\app\Controllers\PengelolaRisiko.php(2417): App\Models\PenilaianRisikoModel->getPenilaianById('getPenilaianRis...')
#5 C:\xampp\htdocs\manrisk\system\CodeIgniter.php(832): App\Controllers\PengelolaRisiko->detailRisiko('getPenilaianRis...')
#6 C:\xampp\htdocs\manrisk\system\CodeIgniter.php(419): CodeIgniter\CodeIgniter->runController(Object(App\Controllers\PengelolaRisiko))
#7 C:\xampp\htdocs\manrisk\system\CodeIgniter.php(326): CodeIgniter\CodeIgniter->handleRequest(NULL, Object(Config\Cache), false)
#8 C:\xampp\htdocs\manrisk\index.php(37): CodeIgniter\CodeIgniter->run()
#9 {main}
ERROR - 2022-04-01 06:52:42 --> Unknown column 'getPenilaianRisiko' in 'where clause'
CRITICAL - 2022-04-01 06:52:42 --> Unknown column 'getPenilaianRisiko' in 'where clause'
#0 C:\xampp\htdocs\manrisk\system\Database\MySQLi\Connection.php(292): mysqli->query('SELECT penilaia...', 0)
#1 C:\xampp\htdocs\manrisk\system\Database\BaseConnection.php(670): CodeIgniter\Database\MySQLi\Connection->execute('SELECT penilaia...')
#2 C:\xampp\htdocs\manrisk\system\Database\BaseConnection.php(598): CodeIgniter\Database\BaseConnection->simpleQuery('SELECT penilaia...')
#3 C:\xampp\htdocs\manrisk\app\Models\PenilaianRisikoModel.php(168): CodeIgniter\Database\BaseConnection->query('SELECT penilaia...')
#4 C:\xampp\htdocs\manrisk\app\Controllers\PengelolaRisiko.php(2417): App\Models\PenilaianRisikoModel->getPenilaianById('getPenilaianRis...')
#5 C:\xampp\htdocs\manrisk\system\CodeIgniter.php(832): App\Controllers\PengelolaRisiko->detailRisiko('getPenilaianRis...')
#6 C:\xampp\htdocs\manrisk\system\CodeIgniter.php(419): CodeIgniter\CodeIgniter->runController(Object(App\Controllers\PengelolaRisiko))
#7 C:\xampp\htdocs\manrisk\system\CodeIgniter.php(326): CodeIgniter\CodeIgniter->handleRequest(NULL, Object(Config\Cache), false)
#8 C:\xampp\htdocs\manrisk\index.php(37): CodeIgniter\CodeIgniter->run()
#9 {main}
